[2025-05-05T23:17:11.592+0000] {processor.py:186} INFO - Started process (PID=403) to work on /opt/airflow/dags/dbt_run_dag.py
[2025-05-05T23:17:11.593+0000] {processor.py:914} INFO - Processing file /opt/airflow/dags/dbt_run_dag.py for tasks to queue
[2025-05-05T23:17:11.596+0000] {logging_mixin.py:190} INFO - [2025-05-05T23:17:11.596+0000] {dagbag.py:587} INFO - Filling up the DagBag from /opt/airflow/dags/dbt_run_dag.py
[2025-05-05T23:17:11.687+0000] {logging_mixin.py:190} INFO - [2025-05-05T23:17:11.675+0000] {dagbag.py:386} ERROR - Failed to import: /opt/airflow/dags/dbt_run_dag.py
Traceback (most recent call last):
  File "/home/airflow/.local/lib/python3.12/site-packages/airflow/models/dagbag.py", line 382, in parse
    loader.exec_module(new_module)
  File "<frozen importlib._bootstrap_external>", line 995, in exec_module
  File "<frozen importlib._bootstrap>", line 488, in _call_with_frames_removed
  File "/opt/airflow/dags/dbt_run_dag.py", line 18, in <module>
    conn = BaseHook.get_connection('snowflake_conn')
           ^^^^^^^^^^^^^^^^^^^^^^^^^^^^^^^^^^^^^^^^^
  File "/home/airflow/.local/lib/python3.12/site-packages/airflow/hooks/base.py", line 83, in get_connection
    conn = Connection.get_connection_from_secrets(conn_id)
           ^^^^^^^^^^^^^^^^^^^^^^^^^^^^^^^^^^^^^^^^^^^^^^^
  File "/home/airflow/.local/lib/python3.12/site-packages/airflow/models/connection.py", line 537, in get_connection_from_secrets
    raise AirflowNotFoundException(f"The conn_id `{conn_id}` isn't defined")
airflow.exceptions.AirflowNotFoundException: The conn_id `snowflake_conn` isn't defined
[2025-05-05T23:17:11.689+0000] {processor.py:927} WARNING - No viable dags retrieved from /opt/airflow/dags/dbt_run_dag.py
[2025-05-05T23:17:11.703+0000] {processor.py:208} INFO - Processing /opt/airflow/dags/dbt_run_dag.py took 0.117 seconds
[2025-05-05T23:17:42.618+0000] {processor.py:186} INFO - Started process (PID=458) to work on /opt/airflow/dags/dbt_run_dag.py
[2025-05-05T23:17:42.622+0000] {processor.py:914} INFO - Processing file /opt/airflow/dags/dbt_run_dag.py for tasks to queue
[2025-05-05T23:17:42.625+0000] {logging_mixin.py:190} INFO - [2025-05-05T23:17:42.625+0000] {dagbag.py:587} INFO - Filling up the DagBag from /opt/airflow/dags/dbt_run_dag.py
[2025-05-05T23:17:42.694+0000] {logging_mixin.py:190} INFO - [2025-05-05T23:17:42.683+0000] {dagbag.py:386} ERROR - Failed to import: /opt/airflow/dags/dbt_run_dag.py
Traceback (most recent call last):
  File "/home/airflow/.local/lib/python3.12/site-packages/airflow/models/dagbag.py", line 382, in parse
    loader.exec_module(new_module)
  File "<frozen importlib._bootstrap_external>", line 995, in exec_module
  File "<frozen importlib._bootstrap>", line 488, in _call_with_frames_removed
  File "/opt/airflow/dags/dbt_run_dag.py", line 18, in <module>
    conn = BaseHook.get_connection('snowflake_conn')
           ^^^^^^^^^^^^^^^^^^^^^^^^^^^^^^^^^^^^^^^^^
  File "/home/airflow/.local/lib/python3.12/site-packages/airflow/hooks/base.py", line 83, in get_connection
    conn = Connection.get_connection_from_secrets(conn_id)
           ^^^^^^^^^^^^^^^^^^^^^^^^^^^^^^^^^^^^^^^^^^^^^^^
  File "/home/airflow/.local/lib/python3.12/site-packages/airflow/models/connection.py", line 537, in get_connection_from_secrets
    raise AirflowNotFoundException(f"The conn_id `{conn_id}` isn't defined")
airflow.exceptions.AirflowNotFoundException: The conn_id `snowflake_conn` isn't defined
[2025-05-05T23:17:42.696+0000] {processor.py:927} WARNING - No viable dags retrieved from /opt/airflow/dags/dbt_run_dag.py
[2025-05-05T23:17:42.710+0000] {processor.py:208} INFO - Processing /opt/airflow/dags/dbt_run_dag.py took 0.096 seconds
[2025-05-05T23:18:13.599+0000] {processor.py:186} INFO - Started process (PID=469) to work on /opt/airflow/dags/dbt_run_dag.py
[2025-05-05T23:18:13.601+0000] {processor.py:914} INFO - Processing file /opt/airflow/dags/dbt_run_dag.py for tasks to queue
[2025-05-05T23:18:13.606+0000] {logging_mixin.py:190} INFO - [2025-05-05T23:18:13.605+0000] {dagbag.py:587} INFO - Filling up the DagBag from /opt/airflow/dags/dbt_run_dag.py
[2025-05-05T23:18:13.676+0000] {logging_mixin.py:190} INFO - [2025-05-05T23:18:13.665+0000] {dagbag.py:386} ERROR - Failed to import: /opt/airflow/dags/dbt_run_dag.py
Traceback (most recent call last):
  File "/home/airflow/.local/lib/python3.12/site-packages/airflow/models/dagbag.py", line 382, in parse
    loader.exec_module(new_module)
  File "<frozen importlib._bootstrap_external>", line 995, in exec_module
  File "<frozen importlib._bootstrap>", line 488, in _call_with_frames_removed
  File "/opt/airflow/dags/dbt_run_dag.py", line 18, in <module>
    conn = BaseHook.get_connection('snowflake_conn')
           ^^^^^^^^^^^^^^^^^^^^^^^^^^^^^^^^^^^^^^^^^
  File "/home/airflow/.local/lib/python3.12/site-packages/airflow/hooks/base.py", line 83, in get_connection
    conn = Connection.get_connection_from_secrets(conn_id)
           ^^^^^^^^^^^^^^^^^^^^^^^^^^^^^^^^^^^^^^^^^^^^^^^
  File "/home/airflow/.local/lib/python3.12/site-packages/airflow/models/connection.py", line 537, in get_connection_from_secrets
    raise AirflowNotFoundException(f"The conn_id `{conn_id}` isn't defined")
airflow.exceptions.AirflowNotFoundException: The conn_id `snowflake_conn` isn't defined
[2025-05-05T23:18:13.678+0000] {processor.py:927} WARNING - No viable dags retrieved from /opt/airflow/dags/dbt_run_dag.py
[2025-05-05T23:18:13.693+0000] {processor.py:208} INFO - Processing /opt/airflow/dags/dbt_run_dag.py took 0.108 seconds
[2025-05-05T23:18:44.362+0000] {processor.py:186} INFO - Started process (PID=480) to work on /opt/airflow/dags/dbt_run_dag.py
[2025-05-05T23:18:44.364+0000] {processor.py:914} INFO - Processing file /opt/airflow/dags/dbt_run_dag.py for tasks to queue
[2025-05-05T23:18:44.371+0000] {logging_mixin.py:190} INFO - [2025-05-05T23:18:44.370+0000] {dagbag.py:587} INFO - Filling up the DagBag from /opt/airflow/dags/dbt_run_dag.py
[2025-05-05T23:18:44.476+0000] {logging_mixin.py:190} INFO - [2025-05-05T23:18:44.459+0000] {dagbag.py:386} ERROR - Failed to import: /opt/airflow/dags/dbt_run_dag.py
Traceback (most recent call last):
  File "/home/airflow/.local/lib/python3.12/site-packages/airflow/models/dagbag.py", line 382, in parse
    loader.exec_module(new_module)
  File "<frozen importlib._bootstrap_external>", line 995, in exec_module
  File "<frozen importlib._bootstrap>", line 488, in _call_with_frames_removed
  File "/opt/airflow/dags/dbt_run_dag.py", line 18, in <module>
    conn = BaseHook.get_connection('snowflake_conn')
           ^^^^^^^^^^^^^^^^^^^^^^^^^^^^^^^^^^^^^^^^^
  File "/home/airflow/.local/lib/python3.12/site-packages/airflow/hooks/base.py", line 83, in get_connection
    conn = Connection.get_connection_from_secrets(conn_id)
           ^^^^^^^^^^^^^^^^^^^^^^^^^^^^^^^^^^^^^^^^^^^^^^^
  File "/home/airflow/.local/lib/python3.12/site-packages/airflow/models/connection.py", line 537, in get_connection_from_secrets
    raise AirflowNotFoundException(f"The conn_id `{conn_id}` isn't defined")
airflow.exceptions.AirflowNotFoundException: The conn_id `snowflake_conn` isn't defined
[2025-05-05T23:18:44.479+0000] {processor.py:927} WARNING - No viable dags retrieved from /opt/airflow/dags/dbt_run_dag.py
[2025-05-05T23:18:44.497+0000] {processor.py:208} INFO - Processing /opt/airflow/dags/dbt_run_dag.py took 0.149 seconds
[2025-05-05T23:19:15.321+0000] {processor.py:186} INFO - Started process (PID=491) to work on /opt/airflow/dags/dbt_run_dag.py
[2025-05-05T23:19:15.323+0000] {processor.py:914} INFO - Processing file /opt/airflow/dags/dbt_run_dag.py for tasks to queue
[2025-05-05T23:19:15.327+0000] {logging_mixin.py:190} INFO - [2025-05-05T23:19:15.327+0000] {dagbag.py:587} INFO - Filling up the DagBag from /opt/airflow/dags/dbt_run_dag.py
[2025-05-05T23:19:15.409+0000] {logging_mixin.py:190} INFO - [2025-05-05T23:19:15.392+0000] {dagbag.py:386} ERROR - Failed to import: /opt/airflow/dags/dbt_run_dag.py
Traceback (most recent call last):
  File "/home/airflow/.local/lib/python3.12/site-packages/airflow/models/dagbag.py", line 382, in parse
    loader.exec_module(new_module)
  File "<frozen importlib._bootstrap_external>", line 995, in exec_module
  File "<frozen importlib._bootstrap>", line 488, in _call_with_frames_removed
  File "/opt/airflow/dags/dbt_run_dag.py", line 18, in <module>
    conn = BaseHook.get_connection('snowflake_conn')
           ^^^^^^^^^^^^^^^^^^^^^^^^^^^^^^^^^^^^^^^^^
  File "/home/airflow/.local/lib/python3.12/site-packages/airflow/hooks/base.py", line 83, in get_connection
    conn = Connection.get_connection_from_secrets(conn_id)
           ^^^^^^^^^^^^^^^^^^^^^^^^^^^^^^^^^^^^^^^^^^^^^^^
  File "/home/airflow/.local/lib/python3.12/site-packages/airflow/models/connection.py", line 537, in get_connection_from_secrets
    raise AirflowNotFoundException(f"The conn_id `{conn_id}` isn't defined")
airflow.exceptions.AirflowNotFoundException: The conn_id `snowflake_conn` isn't defined
[2025-05-05T23:19:15.411+0000] {processor.py:927} WARNING - No viable dags retrieved from /opt/airflow/dags/dbt_run_dag.py
[2025-05-05T23:19:15.436+0000] {processor.py:208} INFO - Processing /opt/airflow/dags/dbt_run_dag.py took 0.123 seconds
[2025-05-05T23:19:46.539+0000] {processor.py:186} INFO - Started process (PID=502) to work on /opt/airflow/dags/dbt_run_dag.py
[2025-05-05T23:19:46.541+0000] {processor.py:914} INFO - Processing file /opt/airflow/dags/dbt_run_dag.py for tasks to queue
[2025-05-05T23:19:46.543+0000] {logging_mixin.py:190} INFO - [2025-05-05T23:19:46.543+0000] {dagbag.py:587} INFO - Filling up the DagBag from /opt/airflow/dags/dbt_run_dag.py
[2025-05-05T23:19:46.588+0000] {logging_mixin.py:190} INFO - [2025-05-05T23:19:46.580+0000] {dagbag.py:386} ERROR - Failed to import: /opt/airflow/dags/dbt_run_dag.py
Traceback (most recent call last):
  File "/home/airflow/.local/lib/python3.12/site-packages/airflow/models/dagbag.py", line 382, in parse
    loader.exec_module(new_module)
  File "<frozen importlib._bootstrap_external>", line 995, in exec_module
  File "<frozen importlib._bootstrap>", line 488, in _call_with_frames_removed
  File "/opt/airflow/dags/dbt_run_dag.py", line 18, in <module>
    conn = BaseHook.get_connection('snowflake_conn')
           ^^^^^^^^^^^^^^^^^^^^^^^^^^^^^^^^^^^^^^^^^
  File "/home/airflow/.local/lib/python3.12/site-packages/airflow/hooks/base.py", line 83, in get_connection
    conn = Connection.get_connection_from_secrets(conn_id)
           ^^^^^^^^^^^^^^^^^^^^^^^^^^^^^^^^^^^^^^^^^^^^^^^
  File "/home/airflow/.local/lib/python3.12/site-packages/airflow/models/connection.py", line 537, in get_connection_from_secrets
    raise AirflowNotFoundException(f"The conn_id `{conn_id}` isn't defined")
airflow.exceptions.AirflowNotFoundException: The conn_id `snowflake_conn` isn't defined
[2025-05-05T23:19:46.589+0000] {processor.py:927} WARNING - No viable dags retrieved from /opt/airflow/dags/dbt_run_dag.py
[2025-05-05T23:19:46.597+0000] {processor.py:208} INFO - Processing /opt/airflow/dags/dbt_run_dag.py took 0.066 seconds
[2025-05-05T23:20:17.496+0000] {processor.py:186} INFO - Started process (PID=513) to work on /opt/airflow/dags/dbt_run_dag.py
[2025-05-05T23:20:17.498+0000] {processor.py:914} INFO - Processing file /opt/airflow/dags/dbt_run_dag.py for tasks to queue
[2025-05-05T23:20:17.501+0000] {logging_mixin.py:190} INFO - [2025-05-05T23:20:17.501+0000] {dagbag.py:587} INFO - Filling up the DagBag from /opt/airflow/dags/dbt_run_dag.py
[2025-05-05T23:20:17.568+0000] {logging_mixin.py:190} INFO - [2025-05-05T23:20:17.557+0000] {dagbag.py:386} ERROR - Failed to import: /opt/airflow/dags/dbt_run_dag.py
Traceback (most recent call last):
  File "/home/airflow/.local/lib/python3.12/site-packages/airflow/models/dagbag.py", line 382, in parse
    loader.exec_module(new_module)
  File "<frozen importlib._bootstrap_external>", line 995, in exec_module
  File "<frozen importlib._bootstrap>", line 488, in _call_with_frames_removed
  File "/opt/airflow/dags/dbt_run_dag.py", line 18, in <module>
    conn = BaseHook.get_connection('snowflake_conn')
           ^^^^^^^^^^^^^^^^^^^^^^^^^^^^^^^^^^^^^^^^^
  File "/home/airflow/.local/lib/python3.12/site-packages/airflow/hooks/base.py", line 83, in get_connection
    conn = Connection.get_connection_from_secrets(conn_id)
           ^^^^^^^^^^^^^^^^^^^^^^^^^^^^^^^^^^^^^^^^^^^^^^^
  File "/home/airflow/.local/lib/python3.12/site-packages/airflow/models/connection.py", line 537, in get_connection_from_secrets
    raise AirflowNotFoundException(f"The conn_id `{conn_id}` isn't defined")
airflow.exceptions.AirflowNotFoundException: The conn_id `snowflake_conn` isn't defined
[2025-05-05T23:20:17.569+0000] {processor.py:927} WARNING - No viable dags retrieved from /opt/airflow/dags/dbt_run_dag.py
[2025-05-05T23:20:17.585+0000] {processor.py:208} INFO - Processing /opt/airflow/dags/dbt_run_dag.py took 0.094 seconds
[2025-05-05T23:20:48.554+0000] {processor.py:186} INFO - Started process (PID=523) to work on /opt/airflow/dags/dbt_run_dag.py
[2025-05-05T23:20:48.555+0000] {processor.py:914} INFO - Processing file /opt/airflow/dags/dbt_run_dag.py for tasks to queue
[2025-05-05T23:20:48.558+0000] {logging_mixin.py:190} INFO - [2025-05-05T23:20:48.558+0000] {dagbag.py:587} INFO - Filling up the DagBag from /opt/airflow/dags/dbt_run_dag.py
[2025-05-05T23:20:48.621+0000] {logging_mixin.py:190} INFO - [2025-05-05T23:20:48.621+0000] {base.py:84} INFO - Retrieving connection 'snowflake_conn'
[2025-05-05T23:20:48.638+0000] {processor.py:925} INFO - DAG(s) 'dbt_sequential_run' retrieved from /opt/airflow/dags/dbt_run_dag.py
[2025-05-05T23:20:48.760+0000] {logging_mixin.py:190} INFO - [2025-05-05T23:20:48.760+0000] {override.py:1900} INFO - Created Permission View: can delete on DAG:dbt_sequential_run
[2025-05-05T23:20:48.775+0000] {logging_mixin.py:190} INFO - [2025-05-05T23:20:48.775+0000] {override.py:1900} INFO - Created Permission View: can read on DAG:dbt_sequential_run
[2025-05-05T23:20:48.786+0000] {logging_mixin.py:190} INFO - [2025-05-05T23:20:48.786+0000] {override.py:1900} INFO - Created Permission View: can edit on DAG:dbt_sequential_run
[2025-05-05T23:20:48.809+0000] {logging_mixin.py:190} INFO - [2025-05-05T23:20:48.809+0000] {override.py:1900} INFO - Created Permission View: can create on DAG Run:dbt_sequential_run
[2025-05-05T23:20:48.819+0000] {logging_mixin.py:190} INFO - [2025-05-05T23:20:48.819+0000] {override.py:1900} INFO - Created Permission View: menu access on DAG Run:dbt_sequential_run
[2025-05-05T23:20:48.828+0000] {logging_mixin.py:190} INFO - [2025-05-05T23:20:48.828+0000] {override.py:1900} INFO - Created Permission View: can delete on DAG Run:dbt_sequential_run
[2025-05-05T23:20:48.836+0000] {logging_mixin.py:190} INFO - [2025-05-05T23:20:48.836+0000] {override.py:1900} INFO - Created Permission View: can read on DAG Run:dbt_sequential_run
[2025-05-05T23:20:48.838+0000] {logging_mixin.py:190} INFO - [2025-05-05T23:20:48.838+0000] {dag.py:3229} INFO - Sync 1 DAGs
[2025-05-05T23:20:48.851+0000] {logging_mixin.py:190} INFO - [2025-05-05T23:20:48.851+0000] {dag.py:3252} INFO - Creating ORM DAG for dbt_sequential_run
[2025-05-05T23:20:48.863+0000] {logging_mixin.py:190} INFO - [2025-05-05T23:20:48.862+0000] {dag.py:4156} INFO - Setting next_dagrun for dbt_sequential_run to 2025-05-04 02:00:00+00:00, run_after=2025-05-05 02:00:00+00:00
[2025-05-05T23:20:48.889+0000] {processor.py:208} INFO - Processing /opt/airflow/dags/dbt_run_dag.py took 0.339 seconds
[2025-05-05T23:21:19.895+0000] {processor.py:186} INFO - Started process (PID=539) to work on /opt/airflow/dags/dbt_run_dag.py
[2025-05-05T23:21:19.918+0000] {processor.py:914} INFO - Processing file /opt/airflow/dags/dbt_run_dag.py for tasks to queue
[2025-05-05T23:21:19.958+0000] {logging_mixin.py:190} INFO - [2025-05-05T23:21:19.955+0000] {dagbag.py:587} INFO - Filling up the DagBag from /opt/airflow/dags/dbt_run_dag.py
[2025-05-05T23:21:20.320+0000] {logging_mixin.py:190} INFO - [2025-05-05T23:21:20.314+0000] {base.py:84} INFO - Retrieving connection 'snowflake_conn'
[2025-05-05T23:21:20.452+0000] {processor.py:925} INFO - DAG(s) 'dbt_sequential_run' retrieved from /opt/airflow/dags/dbt_run_dag.py
[2025-05-05T23:21:20.785+0000] {logging_mixin.py:190} INFO - [2025-05-05T23:21:20.779+0000] {dag.py:3229} INFO - Sync 1 DAGs
[2025-05-05T23:21:21.253+0000] {logging_mixin.py:190} INFO - [2025-05-05T23:21:21.250+0000] {dag.py:4156} INFO - Setting next_dagrun for dbt_sequential_run to 2025-05-05 02:00:00+00:00, run_after=2025-05-06 02:00:00+00:00
[2025-05-05T23:21:21.606+0000] {processor.py:208} INFO - Processing /opt/airflow/dags/dbt_run_dag.py took 1.795 seconds
[2025-05-05T23:21:52.844+0000] {processor.py:186} INFO - Started process (PID=550) to work on /opt/airflow/dags/dbt_run_dag.py
[2025-05-05T23:21:52.868+0000] {processor.py:914} INFO - Processing file /opt/airflow/dags/dbt_run_dag.py for tasks to queue
[2025-05-05T23:21:52.934+0000] {logging_mixin.py:190} INFO - [2025-05-05T23:21:52.924+0000] {dagbag.py:587} INFO - Filling up the DagBag from /opt/airflow/dags/dbt_run_dag.py
[2025-05-05T23:21:53.497+0000] {logging_mixin.py:190} INFO - [2025-05-05T23:21:53.493+0000] {base.py:84} INFO - Retrieving connection 'snowflake_conn'
[2025-05-05T23:21:53.670+0000] {processor.py:925} INFO - DAG(s) 'dbt_sequential_run' retrieved from /opt/airflow/dags/dbt_run_dag.py
[2025-05-05T23:21:54.130+0000] {logging_mixin.py:190} INFO - [2025-05-05T23:21:54.123+0000] {dag.py:3229} INFO - Sync 1 DAGs
[2025-05-05T23:21:54.592+0000] {logging_mixin.py:190} INFO - [2025-05-05T23:21:54.588+0000] {dag.py:4156} INFO - Setting next_dagrun for dbt_sequential_run to 2025-05-05 02:00:00+00:00, run_after=2025-05-06 02:00:00+00:00
[2025-05-05T23:21:54.869+0000] {processor.py:208} INFO - Processing /opt/airflow/dags/dbt_run_dag.py took 2.139 seconds
[2025-05-05T23:22:26.380+0000] {processor.py:186} INFO - Started process (PID=561) to work on /opt/airflow/dags/dbt_run_dag.py
[2025-05-05T23:22:26.396+0000] {processor.py:914} INFO - Processing file /opt/airflow/dags/dbt_run_dag.py for tasks to queue
[2025-05-05T23:22:26.436+0000] {logging_mixin.py:190} INFO - [2025-05-05T23:22:26.432+0000] {dagbag.py:587} INFO - Filling up the DagBag from /opt/airflow/dags/dbt_run_dag.py
[2025-05-05T23:22:26.874+0000] {logging_mixin.py:190} INFO - [2025-05-05T23:22:26.871+0000] {base.py:84} INFO - Retrieving connection 'snowflake_conn'
[2025-05-05T23:22:27.027+0000] {processor.py:925} INFO - DAG(s) 'dbt_sequential_run' retrieved from /opt/airflow/dags/dbt_run_dag.py
[2025-05-05T23:22:27.269+0000] {logging_mixin.py:190} INFO - [2025-05-05T23:22:27.264+0000] {dag.py:3229} INFO - Sync 1 DAGs
[2025-05-05T23:22:27.634+0000] {logging_mixin.py:190} INFO - [2025-05-05T23:22:27.630+0000] {dag.py:4156} INFO - Setting next_dagrun for dbt_sequential_run to 2025-05-05 02:00:00+00:00, run_after=2025-05-06 02:00:00+00:00
[2025-05-05T23:22:27.888+0000] {processor.py:208} INFO - Processing /opt/airflow/dags/dbt_run_dag.py took 1.610 seconds
[2025-05-05T23:22:58.929+0000] {processor.py:186} INFO - Started process (PID=572) to work on /opt/airflow/dags/dbt_run_dag.py
[2025-05-05T23:22:58.944+0000] {processor.py:914} INFO - Processing file /opt/airflow/dags/dbt_run_dag.py for tasks to queue
[2025-05-05T23:22:58.990+0000] {logging_mixin.py:190} INFO - [2025-05-05T23:22:58.983+0000] {dagbag.py:587} INFO - Filling up the DagBag from /opt/airflow/dags/dbt_run_dag.py
[2025-05-05T23:22:59.392+0000] {logging_mixin.py:190} INFO - [2025-05-05T23:22:59.391+0000] {base.py:84} INFO - Retrieving connection 'snowflake_conn'
[2025-05-05T23:22:59.500+0000] {processor.py:925} INFO - DAG(s) 'dbt_sequential_run' retrieved from /opt/airflow/dags/dbt_run_dag.py
[2025-05-05T23:22:59.765+0000] {logging_mixin.py:190} INFO - [2025-05-05T23:22:59.762+0000] {dag.py:3229} INFO - Sync 1 DAGs
[2025-05-05T23:23:00.170+0000] {logging_mixin.py:190} INFO - [2025-05-05T23:23:00.168+0000] {dag.py:4156} INFO - Setting next_dagrun for dbt_sequential_run to 2025-05-05 02:00:00+00:00, run_after=2025-05-06 02:00:00+00:00
[2025-05-05T23:23:00.442+0000] {processor.py:208} INFO - Processing /opt/airflow/dags/dbt_run_dag.py took 1.596 seconds
[2025-05-05T23:23:30.680+0000] {processor.py:186} INFO - Started process (PID=583) to work on /opt/airflow/dags/dbt_run_dag.py
[2025-05-05T23:23:30.682+0000] {processor.py:914} INFO - Processing file /opt/airflow/dags/dbt_run_dag.py for tasks to queue
[2025-05-05T23:23:30.685+0000] {logging_mixin.py:190} INFO - [2025-05-05T23:23:30.685+0000] {dagbag.py:587} INFO - Filling up the DagBag from /opt/airflow/dags/dbt_run_dag.py
[2025-05-05T23:23:30.746+0000] {logging_mixin.py:190} INFO - [2025-05-05T23:23:30.746+0000] {base.py:84} INFO - Retrieving connection 'snowflake_conn'
[2025-05-05T23:23:30.756+0000] {processor.py:925} INFO - DAG(s) 'dbt_sequential_run' retrieved from /opt/airflow/dags/dbt_run_dag.py
[2025-05-05T23:23:30.780+0000] {logging_mixin.py:190} INFO - [2025-05-05T23:23:30.780+0000] {dag.py:3229} INFO - Sync 1 DAGs
[2025-05-05T23:23:30.801+0000] {logging_mixin.py:190} INFO - [2025-05-05T23:23:30.801+0000] {dag.py:4156} INFO - Setting next_dagrun for dbt_sequential_run to 2025-05-05 02:00:00+00:00, run_after=2025-05-06 02:00:00+00:00
[2025-05-05T23:23:30.822+0000] {processor.py:208} INFO - Processing /opt/airflow/dags/dbt_run_dag.py took 0.149 seconds
[2025-05-05T23:24:01.666+0000] {processor.py:186} INFO - Started process (PID=594) to work on /opt/airflow/dags/dbt_run_dag.py
[2025-05-05T23:24:01.669+0000] {processor.py:914} INFO - Processing file /opt/airflow/dags/dbt_run_dag.py for tasks to queue
[2025-05-05T23:24:01.673+0000] {logging_mixin.py:190} INFO - [2025-05-05T23:24:01.672+0000] {dagbag.py:587} INFO - Filling up the DagBag from /opt/airflow/dags/dbt_run_dag.py
[2025-05-05T23:24:01.735+0000] {logging_mixin.py:190} INFO - [2025-05-05T23:24:01.735+0000] {base.py:84} INFO - Retrieving connection 'snowflake_conn'
[2025-05-05T23:24:01.750+0000] {processor.py:925} INFO - DAG(s) 'dbt_sequential_run' retrieved from /opt/airflow/dags/dbt_run_dag.py
[2025-05-05T23:24:01.786+0000] {logging_mixin.py:190} INFO - [2025-05-05T23:24:01.786+0000] {dag.py:3229} INFO - Sync 1 DAGs
[2025-05-05T23:24:01.822+0000] {logging_mixin.py:190} INFO - [2025-05-05T23:24:01.822+0000] {dag.py:4156} INFO - Setting next_dagrun for dbt_sequential_run to 2025-05-05 02:00:00+00:00, run_after=2025-05-06 02:00:00+00:00
[2025-05-05T23:24:01.858+0000] {processor.py:208} INFO - Processing /opt/airflow/dags/dbt_run_dag.py took 0.199 seconds
[2025-05-05T23:24:32.408+0000] {processor.py:186} INFO - Started process (PID=604) to work on /opt/airflow/dags/dbt_run_dag.py
[2025-05-05T23:24:32.409+0000] {processor.py:914} INFO - Processing file /opt/airflow/dags/dbt_run_dag.py for tasks to queue
[2025-05-05T23:24:32.412+0000] {logging_mixin.py:190} INFO - [2025-05-05T23:24:32.412+0000] {dagbag.py:587} INFO - Filling up the DagBag from /opt/airflow/dags/dbt_run_dag.py
[2025-05-05T23:24:32.478+0000] {logging_mixin.py:190} INFO - [2025-05-05T23:24:32.478+0000] {base.py:84} INFO - Retrieving connection 'snowflake_conn'
[2025-05-05T23:24:32.492+0000] {processor.py:925} INFO - DAG(s) 'dbt_sequential_run' retrieved from /opt/airflow/dags/dbt_run_dag.py
[2025-05-05T23:24:32.514+0000] {logging_mixin.py:190} INFO - [2025-05-05T23:24:32.513+0000] {dag.py:3229} INFO - Sync 1 DAGs
[2025-05-05T23:24:32.536+0000] {logging_mixin.py:190} INFO - [2025-05-05T23:24:32.536+0000] {dag.py:4156} INFO - Setting next_dagrun for dbt_sequential_run to 2025-05-05 02:00:00+00:00, run_after=2025-05-06 02:00:00+00:00
[2025-05-05T23:24:32.554+0000] {processor.py:208} INFO - Processing /opt/airflow/dags/dbt_run_dag.py took 0.152 seconds
[2025-05-05T23:25:02.697+0000] {processor.py:186} INFO - Started process (PID=622) to work on /opt/airflow/dags/dbt_run_dag.py
[2025-05-05T23:25:02.699+0000] {processor.py:914} INFO - Processing file /opt/airflow/dags/dbt_run_dag.py for tasks to queue
[2025-05-05T23:25:02.705+0000] {logging_mixin.py:190} INFO - [2025-05-05T23:25:02.704+0000] {dagbag.py:587} INFO - Filling up the DagBag from /opt/airflow/dags/dbt_run_dag.py
[2025-05-05T23:25:02.785+0000] {logging_mixin.py:190} INFO - [2025-05-05T23:25:02.785+0000] {base.py:84} INFO - Retrieving connection 'snowflake_conn'
[2025-05-05T23:25:02.811+0000] {processor.py:925} INFO - DAG(s) 'dbt_sequential_run' retrieved from /opt/airflow/dags/dbt_run_dag.py
[2025-05-05T23:25:02.848+0000] {logging_mixin.py:190} INFO - [2025-05-05T23:25:02.848+0000] {dag.py:3229} INFO - Sync 1 DAGs
[2025-05-05T23:25:02.897+0000] {logging_mixin.py:190} INFO - [2025-05-05T23:25:02.897+0000] {dag.py:4156} INFO - Setting next_dagrun for dbt_sequential_run to 2025-05-05 02:00:00+00:00, run_after=2025-05-06 02:00:00+00:00
[2025-05-05T23:25:02.952+0000] {processor.py:208} INFO - Processing /opt/airflow/dags/dbt_run_dag.py took 0.270 seconds
[2025-05-05T23:25:33.098+0000] {processor.py:186} INFO - Started process (PID=634) to work on /opt/airflow/dags/dbt_run_dag.py
[2025-05-05T23:25:33.100+0000] {processor.py:914} INFO - Processing file /opt/airflow/dags/dbt_run_dag.py for tasks to queue
[2025-05-05T23:25:33.106+0000] {logging_mixin.py:190} INFO - [2025-05-05T23:25:33.105+0000] {dagbag.py:587} INFO - Filling up the DagBag from /opt/airflow/dags/dbt_run_dag.py
[2025-05-05T23:25:33.197+0000] {logging_mixin.py:190} INFO - [2025-05-05T23:25:33.196+0000] {base.py:84} INFO - Retrieving connection 'snowflake_conn'
[2025-05-05T23:25:33.216+0000] {processor.py:925} INFO - DAG(s) 'dbt_sequential_run' retrieved from /opt/airflow/dags/dbt_run_dag.py
[2025-05-05T23:25:33.235+0000] {logging_mixin.py:190} INFO - [2025-05-05T23:25:33.235+0000] {dag.py:3229} INFO - Sync 1 DAGs
[2025-05-05T23:25:33.252+0000] {logging_mixin.py:190} INFO - [2025-05-05T23:25:33.252+0000] {dag.py:4156} INFO - Setting next_dagrun for dbt_sequential_run to 2025-05-05 02:00:00+00:00, run_after=2025-05-06 02:00:00+00:00
[2025-05-05T23:25:33.272+0000] {processor.py:208} INFO - Processing /opt/airflow/dags/dbt_run_dag.py took 0.185 seconds
[2025-05-05T23:26:04.118+0000] {processor.py:186} INFO - Started process (PID=648) to work on /opt/airflow/dags/dbt_run_dag.py
[2025-05-05T23:26:04.119+0000] {processor.py:914} INFO - Processing file /opt/airflow/dags/dbt_run_dag.py for tasks to queue
[2025-05-05T23:26:04.122+0000] {logging_mixin.py:190} INFO - [2025-05-05T23:26:04.122+0000] {dagbag.py:587} INFO - Filling up the DagBag from /opt/airflow/dags/dbt_run_dag.py
[2025-05-05T23:26:04.181+0000] {logging_mixin.py:190} INFO - [2025-05-05T23:26:04.181+0000] {base.py:84} INFO - Retrieving connection 'snowflake_conn'
[2025-05-05T23:26:04.190+0000] {processor.py:925} INFO - DAG(s) 'dbt_sequential_run' retrieved from /opt/airflow/dags/dbt_run_dag.py
[2025-05-05T23:26:04.210+0000] {logging_mixin.py:190} INFO - [2025-05-05T23:26:04.209+0000] {dag.py:3229} INFO - Sync 1 DAGs
[2025-05-05T23:26:04.266+0000] {logging_mixin.py:190} INFO - [2025-05-05T23:26:04.264+0000] {dag.py:4156} INFO - Setting next_dagrun for dbt_sequential_run to 2025-05-05 02:00:00+00:00, run_after=2025-05-06 02:00:00+00:00
[2025-05-05T23:26:04.287+0000] {processor.py:208} INFO - Processing /opt/airflow/dags/dbt_run_dag.py took 0.175 seconds
[2025-05-05T23:26:07.400+0000] {processor.py:186} INFO - Started process (PID=653) to work on /opt/airflow/dags/dbt_run_dag.py
[2025-05-05T23:26:07.402+0000] {processor.py:914} INFO - Processing file /opt/airflow/dags/dbt_run_dag.py for tasks to queue
[2025-05-05T23:26:07.405+0000] {logging_mixin.py:190} INFO - [2025-05-05T23:26:07.404+0000] {dagbag.py:587} INFO - Filling up the DagBag from /opt/airflow/dags/dbt_run_dag.py
[2025-05-05T23:26:07.510+0000] {logging_mixin.py:190} INFO - [2025-05-05T23:26:07.510+0000] {base.py:84} INFO - Retrieving connection 'snowflake_conn'
[2025-05-05T23:26:07.526+0000] {processor.py:925} INFO - DAG(s) 'dbt_sequential_run' retrieved from /opt/airflow/dags/dbt_run_dag.py
[2025-05-05T23:26:08.029+0000] {logging_mixin.py:190} INFO - [2025-05-05T23:26:08.029+0000] {dag.py:3229} INFO - Sync 1 DAGs
[2025-05-05T23:26:08.050+0000] {logging_mixin.py:190} INFO - [2025-05-05T23:26:08.050+0000] {dag.py:4156} INFO - Setting next_dagrun for dbt_sequential_run to 2025-05-05 02:00:00+00:00, run_after=2025-05-06 02:00:00+00:00
[2025-05-05T23:26:08.075+0000] {processor.py:208} INFO - Processing /opt/airflow/dags/dbt_run_dag.py took 0.683 seconds
[2025-05-05T23:26:13.260+0000] {processor.py:186} INFO - Started process (PID=658) to work on /opt/airflow/dags/dbt_run_dag.py
[2025-05-05T23:26:13.261+0000] {processor.py:914} INFO - Processing file /opt/airflow/dags/dbt_run_dag.py for tasks to queue
[2025-05-05T23:26:13.268+0000] {logging_mixin.py:190} INFO - [2025-05-05T23:26:13.267+0000] {dagbag.py:587} INFO - Filling up the DagBag from /opt/airflow/dags/dbt_run_dag.py
[2025-05-05T23:26:13.442+0000] {logging_mixin.py:190} INFO - [2025-05-05T23:26:13.441+0000] {base.py:84} INFO - Retrieving connection 'snowflake_conn'
[2025-05-05T23:26:13.456+0000] {processor.py:925} INFO - DAG(s) 'dbt_sequential_run' retrieved from /opt/airflow/dags/dbt_run_dag.py
[2025-05-05T23:26:13.459+0000] {logging_mixin.py:190} INFO - [2025-05-05T23:26:13.459+0000] {dag.py:3229} INFO - Sync 1 DAGs
[2025-05-05T23:26:13.495+0000] {logging_mixin.py:190} INFO - [2025-05-05T23:26:13.494+0000] {dag.py:4156} INFO - Setting next_dagrun for dbt_sequential_run to 2025-05-05 02:00:00+00:00, run_after=2025-05-06 02:00:00+00:00
[2025-05-05T23:26:13.528+0000] {processor.py:208} INFO - Processing /opt/airflow/dags/dbt_run_dag.py took 0.279 seconds
[2025-05-05T23:26:44.464+0000] {processor.py:186} INFO - Started process (PID=675) to work on /opt/airflow/dags/dbt_run_dag.py
[2025-05-05T23:26:44.467+0000] {processor.py:914} INFO - Processing file /opt/airflow/dags/dbt_run_dag.py for tasks to queue
[2025-05-05T23:26:44.470+0000] {logging_mixin.py:190} INFO - [2025-05-05T23:26:44.470+0000] {dagbag.py:587} INFO - Filling up the DagBag from /opt/airflow/dags/dbt_run_dag.py
[2025-05-05T23:26:44.514+0000] {logging_mixin.py:190} INFO - [2025-05-05T23:26:44.514+0000] {base.py:84} INFO - Retrieving connection 'snowflake_conn'
[2025-05-05T23:26:44.524+0000] {processor.py:925} INFO - DAG(s) 'dbt_sequential_run' retrieved from /opt/airflow/dags/dbt_run_dag.py
[2025-05-05T23:26:44.540+0000] {logging_mixin.py:190} INFO - [2025-05-05T23:26:44.540+0000] {dag.py:3229} INFO - Sync 1 DAGs
[2025-05-05T23:26:44.563+0000] {logging_mixin.py:190} INFO - [2025-05-05T23:26:44.562+0000] {dag.py:4156} INFO - Setting next_dagrun for dbt_sequential_run to 2025-05-05 02:00:00+00:00, run_after=2025-05-06 02:00:00+00:00
[2025-05-05T23:26:44.580+0000] {processor.py:208} INFO - Processing /opt/airflow/dags/dbt_run_dag.py took 0.121 seconds
[2025-05-05T23:27:15.664+0000] {processor.py:186} INFO - Started process (PID=817) to work on /opt/airflow/dags/dbt_run_dag.py
[2025-05-05T23:27:15.667+0000] {processor.py:914} INFO - Processing file /opt/airflow/dags/dbt_run_dag.py for tasks to queue
[2025-05-05T23:27:15.675+0000] {logging_mixin.py:190} INFO - [2025-05-05T23:27:15.675+0000] {dagbag.py:587} INFO - Filling up the DagBag from /opt/airflow/dags/dbt_run_dag.py
[2025-05-05T23:27:15.733+0000] {logging_mixin.py:190} INFO - [2025-05-05T23:27:15.733+0000] {base.py:84} INFO - Retrieving connection 'snowflake_conn'
[2025-05-05T23:27:15.746+0000] {processor.py:925} INFO - DAG(s) 'dbt_sequential_run' retrieved from /opt/airflow/dags/dbt_run_dag.py
[2025-05-05T23:27:15.767+0000] {logging_mixin.py:190} INFO - [2025-05-05T23:27:15.767+0000] {dag.py:3229} INFO - Sync 1 DAGs
[2025-05-05T23:27:15.792+0000] {logging_mixin.py:190} INFO - [2025-05-05T23:27:15.792+0000] {dag.py:4156} INFO - Setting next_dagrun for dbt_sequential_run to 2025-05-05 02:00:00+00:00, run_after=2025-05-06 02:00:00+00:00
[2025-05-05T23:27:15.812+0000] {processor.py:208} INFO - Processing /opt/airflow/dags/dbt_run_dag.py took 0.158 seconds
[2025-05-05T23:27:46.365+0000] {processor.py:186} INFO - Started process (PID=875) to work on /opt/airflow/dags/dbt_run_dag.py
[2025-05-05T23:27:46.375+0000] {processor.py:914} INFO - Processing file /opt/airflow/dags/dbt_run_dag.py for tasks to queue
[2025-05-05T23:27:46.406+0000] {logging_mixin.py:190} INFO - [2025-05-05T23:27:46.400+0000] {dagbag.py:587} INFO - Filling up the DagBag from /opt/airflow/dags/dbt_run_dag.py
[2025-05-05T23:27:46.775+0000] {logging_mixin.py:190} INFO - [2025-05-05T23:27:46.772+0000] {base.py:84} INFO - Retrieving connection 'snowflake_conn'
[2025-05-05T23:27:46.915+0000] {processor.py:925} INFO - DAG(s) 'dbt_sequential_run' retrieved from /opt/airflow/dags/dbt_run_dag.py
[2025-05-05T23:27:47.171+0000] {logging_mixin.py:190} INFO - [2025-05-05T23:27:47.169+0000] {dag.py:3229} INFO - Sync 1 DAGs
[2025-05-05T23:27:47.515+0000] {logging_mixin.py:190} INFO - [2025-05-05T23:27:47.510+0000] {dag.py:4156} INFO - Setting next_dagrun for dbt_sequential_run to 2025-05-05 02:00:00+00:00, run_after=2025-05-06 02:00:00+00:00
[2025-05-05T23:27:47.811+0000] {processor.py:208} INFO - Processing /opt/airflow/dags/dbt_run_dag.py took 1.526 seconds
[2025-05-05T23:28:19.019+0000] {processor.py:186} INFO - Started process (PID=886) to work on /opt/airflow/dags/dbt_run_dag.py
[2025-05-05T23:28:19.030+0000] {processor.py:914} INFO - Processing file /opt/airflow/dags/dbt_run_dag.py for tasks to queue
[2025-05-05T23:28:19.053+0000] {logging_mixin.py:190} INFO - [2025-05-05T23:28:19.050+0000] {dagbag.py:587} INFO - Filling up the DagBag from /opt/airflow/dags/dbt_run_dag.py
[2025-05-05T23:28:19.465+0000] {logging_mixin.py:190} INFO - [2025-05-05T23:28:19.462+0000] {base.py:84} INFO - Retrieving connection 'snowflake_conn'
[2025-05-05T23:28:19.588+0000] {processor.py:925} INFO - DAG(s) 'dbt_sequential_run' retrieved from /opt/airflow/dags/dbt_run_dag.py
[2025-05-05T23:28:20.072+0000] {logging_mixin.py:190} INFO - [2025-05-05T23:28:20.066+0000] {dag.py:3229} INFO - Sync 1 DAGs
[2025-05-05T23:28:20.865+0000] {logging_mixin.py:190} INFO - [2025-05-05T23:28:20.862+0000] {dag.py:4156} INFO - Setting next_dagrun for dbt_sequential_run to 2025-05-05 02:00:00+00:00, run_after=2025-05-06 02:00:00+00:00
[2025-05-05T23:28:21.142+0000] {processor.py:208} INFO - Processing /opt/airflow/dags/dbt_run_dag.py took 1.548 seconds
[2025-05-05T23:28:52.039+0000] {processor.py:186} INFO - Started process (PID=897) to work on /opt/airflow/dags/dbt_run_dag.py
[2025-05-05T23:28:52.059+0000] {processor.py:914} INFO - Processing file /opt/airflow/dags/dbt_run_dag.py for tasks to queue
[2025-05-05T23:28:52.094+0000] {logging_mixin.py:190} INFO - [2025-05-05T23:28:52.089+0000] {dagbag.py:587} INFO - Filling up the DagBag from /opt/airflow/dags/dbt_run_dag.py
[2025-05-05T23:28:52.500+0000] {logging_mixin.py:190} INFO - [2025-05-05T23:28:52.498+0000] {base.py:84} INFO - Retrieving connection 'snowflake_conn'
[2025-05-05T23:28:52.727+0000] {processor.py:925} INFO - DAG(s) 'dbt_sequential_run' retrieved from /opt/airflow/dags/dbt_run_dag.py
[2025-05-05T23:28:53.036+0000] {logging_mixin.py:190} INFO - [2025-05-05T23:28:53.031+0000] {dag.py:3229} INFO - Sync 1 DAGs
[2025-05-05T23:28:53.474+0000] {logging_mixin.py:190} INFO - [2025-05-05T23:28:53.471+0000] {dag.py:4156} INFO - Setting next_dagrun for dbt_sequential_run to 2025-05-05 02:00:00+00:00, run_after=2025-05-06 02:00:00+00:00
[2025-05-05T23:28:53.805+0000] {processor.py:208} INFO - Processing /opt/airflow/dags/dbt_run_dag.py took 1.863 seconds
[2025-05-05T23:29:24.849+0000] {processor.py:186} INFO - Started process (PID=908) to work on /opt/airflow/dags/dbt_run_dag.py
[2025-05-05T23:29:24.864+0000] {processor.py:914} INFO - Processing file /opt/airflow/dags/dbt_run_dag.py for tasks to queue
[2025-05-05T23:29:24.900+0000] {logging_mixin.py:190} INFO - [2025-05-05T23:29:24.895+0000] {dagbag.py:587} INFO - Filling up the DagBag from /opt/airflow/dags/dbt_run_dag.py
[2025-05-05T23:29:25.279+0000] {logging_mixin.py:190} INFO - [2025-05-05T23:29:25.277+0000] {base.py:84} INFO - Retrieving connection 'snowflake_conn'
[2025-05-05T23:29:25.404+0000] {processor.py:925} INFO - DAG(s) 'dbt_sequential_run' retrieved from /opt/airflow/dags/dbt_run_dag.py
[2025-05-05T23:29:25.690+0000] {logging_mixin.py:190} INFO - [2025-05-05T23:29:25.688+0000] {dag.py:3229} INFO - Sync 1 DAGs
[2025-05-05T23:29:25.955+0000] {logging_mixin.py:190} INFO - [2025-05-05T23:29:25.953+0000] {dag.py:4156} INFO - Setting next_dagrun for dbt_sequential_run to 2025-05-05 02:00:00+00:00, run_after=2025-05-06 02:00:00+00:00
[2025-05-05T23:29:26.186+0000] {processor.py:208} INFO - Processing /opt/airflow/dags/dbt_run_dag.py took 1.411 seconds
[2025-05-05T23:29:57.039+0000] {processor.py:186} INFO - Started process (PID=920) to work on /opt/airflow/dags/dbt_run_dag.py
[2025-05-05T23:29:57.048+0000] {processor.py:914} INFO - Processing file /opt/airflow/dags/dbt_run_dag.py for tasks to queue
[2025-05-05T23:29:57.074+0000] {logging_mixin.py:190} INFO - [2025-05-05T23:29:57.070+0000] {dagbag.py:587} INFO - Filling up the DagBag from /opt/airflow/dags/dbt_run_dag.py
[2025-05-05T23:29:57.390+0000] {logging_mixin.py:190} INFO - [2025-05-05T23:29:57.388+0000] {base.py:84} INFO - Retrieving connection 'snowflake_conn'
[2025-05-05T23:29:57.519+0000] {processor.py:925} INFO - DAG(s) 'dbt_sequential_run' retrieved from /opt/airflow/dags/dbt_run_dag.py
[2025-05-05T23:29:57.772+0000] {logging_mixin.py:190} INFO - [2025-05-05T23:29:57.769+0000] {dag.py:3229} INFO - Sync 1 DAGs
[2025-05-05T23:29:58.110+0000] {logging_mixin.py:190} INFO - [2025-05-05T23:29:58.109+0000] {dag.py:4156} INFO - Setting next_dagrun for dbt_sequential_run to 2025-05-05 02:00:00+00:00, run_after=2025-05-06 02:00:00+00:00
[2025-05-05T23:29:58.345+0000] {processor.py:208} INFO - Processing /opt/airflow/dags/dbt_run_dag.py took 1.386 seconds
[2025-05-05T23:30:28.835+0000] {processor.py:186} INFO - Started process (PID=931) to work on /opt/airflow/dags/dbt_run_dag.py
[2025-05-05T23:30:28.837+0000] {processor.py:914} INFO - Processing file /opt/airflow/dags/dbt_run_dag.py for tasks to queue
[2025-05-05T23:30:28.840+0000] {logging_mixin.py:190} INFO - [2025-05-05T23:30:28.839+0000] {dagbag.py:587} INFO - Filling up the DagBag from /opt/airflow/dags/dbt_run_dag.py
[2025-05-05T23:30:28.886+0000] {logging_mixin.py:190} INFO - [2025-05-05T23:30:28.886+0000] {base.py:84} INFO - Retrieving connection 'snowflake_conn'
[2025-05-05T23:30:28.895+0000] {processor.py:925} INFO - DAG(s) 'dbt_sequential_run' retrieved from /opt/airflow/dags/dbt_run_dag.py
[2025-05-05T23:30:28.916+0000] {logging_mixin.py:190} INFO - [2025-05-05T23:30:28.916+0000] {dag.py:3229} INFO - Sync 1 DAGs
[2025-05-05T23:30:28.937+0000] {logging_mixin.py:190} INFO - [2025-05-05T23:30:28.937+0000] {dag.py:4156} INFO - Setting next_dagrun for dbt_sequential_run to 2025-05-05 02:00:00+00:00, run_after=2025-05-06 02:00:00+00:00
[2025-05-05T23:30:28.953+0000] {processor.py:208} INFO - Processing /opt/airflow/dags/dbt_run_dag.py took 0.124 seconds
[2025-05-05T23:30:59.341+0000] {processor.py:186} INFO - Started process (PID=942) to work on /opt/airflow/dags/dbt_run_dag.py
[2025-05-05T23:30:59.344+0000] {processor.py:914} INFO - Processing file /opt/airflow/dags/dbt_run_dag.py for tasks to queue
[2025-05-05T23:30:59.353+0000] {logging_mixin.py:190} INFO - [2025-05-05T23:30:59.352+0000] {dagbag.py:587} INFO - Filling up the DagBag from /opt/airflow/dags/dbt_run_dag.py
[2025-05-05T23:30:59.490+0000] {logging_mixin.py:190} INFO - [2025-05-05T23:30:59.490+0000] {base.py:84} INFO - Retrieving connection 'snowflake_conn'
[2025-05-05T23:30:59.504+0000] {processor.py:925} INFO - DAG(s) 'dbt_sequential_run' retrieved from /opt/airflow/dags/dbt_run_dag.py
[2025-05-05T23:30:59.527+0000] {logging_mixin.py:190} INFO - [2025-05-05T23:30:59.527+0000] {dag.py:3229} INFO - Sync 1 DAGs
[2025-05-05T23:30:59.543+0000] {logging_mixin.py:190} INFO - [2025-05-05T23:30:59.543+0000] {dag.py:4156} INFO - Setting next_dagrun for dbt_sequential_run to 2025-05-05 02:00:00+00:00, run_after=2025-05-06 02:00:00+00:00
[2025-05-05T23:30:59.562+0000] {processor.py:208} INFO - Processing /opt/airflow/dags/dbt_run_dag.py took 0.229 seconds
[2025-05-05T23:31:29.773+0000] {processor.py:186} INFO - Started process (PID=953) to work on /opt/airflow/dags/dbt_run_dag.py
[2025-05-05T23:31:29.775+0000] {processor.py:914} INFO - Processing file /opt/airflow/dags/dbt_run_dag.py for tasks to queue
[2025-05-05T23:31:29.780+0000] {logging_mixin.py:190} INFO - [2025-05-05T23:31:29.779+0000] {dagbag.py:587} INFO - Filling up the DagBag from /opt/airflow/dags/dbt_run_dag.py
[2025-05-05T23:31:29.821+0000] {logging_mixin.py:190} INFO - [2025-05-05T23:31:29.821+0000] {base.py:84} INFO - Retrieving connection 'snowflake_conn'
[2025-05-05T23:31:29.839+0000] {processor.py:925} INFO - DAG(s) 'dbt_sequential_run' retrieved from /opt/airflow/dags/dbt_run_dag.py
[2025-05-05T23:31:29.853+0000] {logging_mixin.py:190} INFO - [2025-05-05T23:31:29.853+0000] {dag.py:3229} INFO - Sync 1 DAGs
[2025-05-05T23:31:29.869+0000] {logging_mixin.py:190} INFO - [2025-05-05T23:31:29.868+0000] {dag.py:4156} INFO - Setting next_dagrun for dbt_sequential_run to 2025-05-05 02:00:00+00:00, run_after=2025-05-06 02:00:00+00:00
[2025-05-05T23:31:29.882+0000] {processor.py:208} INFO - Processing /opt/airflow/dags/dbt_run_dag.py took 0.120 seconds
[2025-05-05T23:37:43.345+0000] {processor.py:186} INFO - Started process (PID=225) to work on /opt/airflow/dags/dbt_run_dag.py
[2025-05-05T23:37:43.347+0000] {processor.py:914} INFO - Processing file /opt/airflow/dags/dbt_run_dag.py for tasks to queue
[2025-05-05T23:37:43.351+0000] {logging_mixin.py:190} INFO - [2025-05-05T23:37:43.350+0000] {dagbag.py:587} INFO - Filling up the DagBag from /opt/airflow/dags/dbt_run_dag.py
[2025-05-05T23:37:43.417+0000] {logging_mixin.py:190} INFO - [2025-05-05T23:37:43.416+0000] {base.py:84} INFO - Retrieving connection 'snowflake_conn'
[2025-05-05T23:37:43.441+0000] {processor.py:925} INFO - DAG(s) 'dbt_sequential_run' retrieved from /opt/airflow/dags/dbt_run_dag.py
[2025-05-05T23:37:43.498+0000] {logging_mixin.py:190} INFO - [2025-05-05T23:37:43.497+0000] {dag.py:3229} INFO - Sync 1 DAGs
[2025-05-05T23:37:43.548+0000] {logging_mixin.py:190} INFO - [2025-05-05T23:37:43.548+0000] {dag.py:4156} INFO - Setting next_dagrun for dbt_sequential_run to 2025-05-05 02:00:00+00:00, run_after=2025-05-06 02:00:00+00:00
[2025-05-05T23:37:43.585+0000] {processor.py:208} INFO - Processing /opt/airflow/dags/dbt_run_dag.py took 0.254 seconds
[2025-05-05T23:38:13.783+0000] {processor.py:186} INFO - Started process (PID=339) to work on /opt/airflow/dags/dbt_run_dag.py
[2025-05-05T23:38:13.784+0000] {processor.py:914} INFO - Processing file /opt/airflow/dags/dbt_run_dag.py for tasks to queue
[2025-05-05T23:38:13.787+0000] {logging_mixin.py:190} INFO - [2025-05-05T23:38:13.786+0000] {dagbag.py:587} INFO - Filling up the DagBag from /opt/airflow/dags/dbt_run_dag.py
[2025-05-05T23:38:13.825+0000] {logging_mixin.py:190} INFO - [2025-05-05T23:38:13.825+0000] {base.py:84} INFO - Retrieving connection 'snowflake_conn'
[2025-05-05T23:38:13.837+0000] {processor.py:925} INFO - DAG(s) 'dbt_sequential_run' retrieved from /opt/airflow/dags/dbt_run_dag.py
[2025-05-05T23:38:13.855+0000] {logging_mixin.py:190} INFO - [2025-05-05T23:38:13.855+0000] {dag.py:3229} INFO - Sync 1 DAGs
[2025-05-05T23:38:13.876+0000] {logging_mixin.py:190} INFO - [2025-05-05T23:38:13.876+0000] {dag.py:4156} INFO - Setting next_dagrun for dbt_sequential_run to 2025-05-05 02:00:00+00:00, run_after=2025-05-06 02:00:00+00:00
[2025-05-05T23:38:13.894+0000] {processor.py:208} INFO - Processing /opt/airflow/dags/dbt_run_dag.py took 0.116 seconds
[2025-05-05T23:38:44.226+0000] {processor.py:186} INFO - Started process (PID=351) to work on /opt/airflow/dags/dbt_run_dag.py
[2025-05-05T23:38:44.227+0000] {processor.py:914} INFO - Processing file /opt/airflow/dags/dbt_run_dag.py for tasks to queue
[2025-05-05T23:38:44.230+0000] {logging_mixin.py:190} INFO - [2025-05-05T23:38:44.230+0000] {dagbag.py:587} INFO - Filling up the DagBag from /opt/airflow/dags/dbt_run_dag.py
[2025-05-05T23:38:44.272+0000] {logging_mixin.py:190} INFO - [2025-05-05T23:38:44.272+0000] {base.py:84} INFO - Retrieving connection 'snowflake_conn'
[2025-05-05T23:38:44.286+0000] {processor.py:925} INFO - DAG(s) 'dbt_sequential_run' retrieved from /opt/airflow/dags/dbt_run_dag.py
[2025-05-05T23:38:44.306+0000] {logging_mixin.py:190} INFO - [2025-05-05T23:38:44.306+0000] {dag.py:3229} INFO - Sync 1 DAGs
[2025-05-05T23:38:44.332+0000] {logging_mixin.py:190} INFO - [2025-05-05T23:38:44.331+0000] {dag.py:4156} INFO - Setting next_dagrun for dbt_sequential_run to 2025-05-05 02:00:00+00:00, run_after=2025-05-06 02:00:00+00:00
[2025-05-05T23:38:44.376+0000] {processor.py:208} INFO - Processing /opt/airflow/dags/dbt_run_dag.py took 0.158 seconds
[2025-05-05T23:39:14.627+0000] {processor.py:186} INFO - Started process (PID=362) to work on /opt/airflow/dags/dbt_run_dag.py
[2025-05-05T23:39:14.632+0000] {processor.py:914} INFO - Processing file /opt/airflow/dags/dbt_run_dag.py for tasks to queue
[2025-05-05T23:39:14.642+0000] {logging_mixin.py:190} INFO - [2025-05-05T23:39:14.640+0000] {dagbag.py:587} INFO - Filling up the DagBag from /opt/airflow/dags/dbt_run_dag.py
[2025-05-05T23:39:14.745+0000] {logging_mixin.py:190} INFO - [2025-05-05T23:39:14.744+0000] {base.py:84} INFO - Retrieving connection 'snowflake_conn'
[2025-05-05T23:39:14.778+0000] {processor.py:925} INFO - DAG(s) 'dbt_sequential_run' retrieved from /opt/airflow/dags/dbt_run_dag.py
[2025-05-05T23:39:15.065+0000] {logging_mixin.py:190} INFO - [2025-05-05T23:39:15.064+0000] {dag.py:3229} INFO - Sync 1 DAGs
[2025-05-05T23:39:15.092+0000] {logging_mixin.py:190} INFO - [2025-05-05T23:39:15.091+0000] {dag.py:3252} INFO - Creating ORM DAG for dbt_sequential_run
[2025-05-05T23:39:15.115+0000] {logging_mixin.py:190} INFO - [2025-05-05T23:39:15.115+0000] {dag.py:4156} INFO - Setting next_dagrun for dbt_sequential_run to 2025-05-04 02:00:00+00:00, run_after=2025-05-05 02:00:00+00:00
[2025-05-05T23:39:15.156+0000] {processor.py:208} INFO - Processing /opt/airflow/dags/dbt_run_dag.py took 0.549 seconds
[2025-05-05T23:39:45.611+0000] {processor.py:186} INFO - Started process (PID=421) to work on /opt/airflow/dags/dbt_run_dag.py
[2025-05-05T23:39:45.613+0000] {processor.py:914} INFO - Processing file /opt/airflow/dags/dbt_run_dag.py for tasks to queue
[2025-05-05T23:39:45.617+0000] {logging_mixin.py:190} INFO - [2025-05-05T23:39:45.616+0000] {dagbag.py:587} INFO - Filling up the DagBag from /opt/airflow/dags/dbt_run_dag.py
[2025-05-05T23:39:45.671+0000] {logging_mixin.py:190} INFO - [2025-05-05T23:39:45.671+0000] {base.py:84} INFO - Retrieving connection 'snowflake_conn'
[2025-05-05T23:39:45.686+0000] {processor.py:925} INFO - DAG(s) 'dbt_sequential_run' retrieved from /opt/airflow/dags/dbt_run_dag.py
[2025-05-05T23:39:45.714+0000] {logging_mixin.py:190} INFO - [2025-05-05T23:39:45.713+0000] {dag.py:3229} INFO - Sync 1 DAGs
[2025-05-05T23:39:45.747+0000] {logging_mixin.py:190} INFO - [2025-05-05T23:39:45.746+0000] {dag.py:4156} INFO - Setting next_dagrun for dbt_sequential_run to 2025-05-05 02:00:00+00:00, run_after=2025-05-06 02:00:00+00:00
[2025-05-05T23:39:45.770+0000] {processor.py:208} INFO - Processing /opt/airflow/dags/dbt_run_dag.py took 0.168 seconds
[2025-05-05T23:40:15.890+0000] {processor.py:186} INFO - Started process (PID=535) to work on /opt/airflow/dags/dbt_run_dag.py
[2025-05-05T23:40:15.892+0000] {processor.py:914} INFO - Processing file /opt/airflow/dags/dbt_run_dag.py for tasks to queue
[2025-05-05T23:40:15.894+0000] {logging_mixin.py:190} INFO - [2025-05-05T23:40:15.894+0000] {dagbag.py:587} INFO - Filling up the DagBag from /opt/airflow/dags/dbt_run_dag.py
[2025-05-05T23:40:15.934+0000] {logging_mixin.py:190} INFO - [2025-05-05T23:40:15.934+0000] {base.py:84} INFO - Retrieving connection 'snowflake_conn'
[2025-05-05T23:40:15.945+0000] {processor.py:925} INFO - DAG(s) 'dbt_sequential_run' retrieved from /opt/airflow/dags/dbt_run_dag.py
[2025-05-05T23:40:15.966+0000] {logging_mixin.py:190} INFO - [2025-05-05T23:40:15.965+0000] {dag.py:3229} INFO - Sync 1 DAGs
[2025-05-05T23:40:16.000+0000] {logging_mixin.py:190} INFO - [2025-05-05T23:40:16.000+0000] {dag.py:4156} INFO - Setting next_dagrun for dbt_sequential_run to 2025-05-05 02:00:00+00:00, run_after=2025-05-06 02:00:00+00:00
[2025-05-05T23:40:16.024+0000] {processor.py:208} INFO - Processing /opt/airflow/dags/dbt_run_dag.py took 0.140 seconds
[2025-05-05T23:40:46.345+0000] {processor.py:186} INFO - Started process (PID=546) to work on /opt/airflow/dags/dbt_run_dag.py
[2025-05-05T23:40:46.346+0000] {processor.py:914} INFO - Processing file /opt/airflow/dags/dbt_run_dag.py for tasks to queue
[2025-05-05T23:40:46.349+0000] {logging_mixin.py:190} INFO - [2025-05-05T23:40:46.348+0000] {dagbag.py:587} INFO - Filling up the DagBag from /opt/airflow/dags/dbt_run_dag.py
[2025-05-05T23:40:46.391+0000] {logging_mixin.py:190} INFO - [2025-05-05T23:40:46.391+0000] {base.py:84} INFO - Retrieving connection 'snowflake_conn'
[2025-05-05T23:40:46.403+0000] {processor.py:925} INFO - DAG(s) 'dbt_sequential_run' retrieved from /opt/airflow/dags/dbt_run_dag.py
[2025-05-05T23:40:46.419+0000] {logging_mixin.py:190} INFO - [2025-05-05T23:40:46.419+0000] {dag.py:3229} INFO - Sync 1 DAGs
[2025-05-05T23:40:46.439+0000] {logging_mixin.py:190} INFO - [2025-05-05T23:40:46.439+0000] {dag.py:4156} INFO - Setting next_dagrun for dbt_sequential_run to 2025-05-05 02:00:00+00:00, run_after=2025-05-06 02:00:00+00:00
[2025-05-05T23:40:46.453+0000] {processor.py:208} INFO - Processing /opt/airflow/dags/dbt_run_dag.py took 0.113 seconds
[2025-05-05T23:41:16.758+0000] {processor.py:186} INFO - Started process (PID=557) to work on /opt/airflow/dags/dbt_run_dag.py
[2025-05-05T23:41:16.760+0000] {processor.py:914} INFO - Processing file /opt/airflow/dags/dbt_run_dag.py for tasks to queue
[2025-05-05T23:41:16.763+0000] {logging_mixin.py:190} INFO - [2025-05-05T23:41:16.763+0000] {dagbag.py:587} INFO - Filling up the DagBag from /opt/airflow/dags/dbt_run_dag.py
[2025-05-05T23:41:16.813+0000] {logging_mixin.py:190} INFO - [2025-05-05T23:41:16.813+0000] {base.py:84} INFO - Retrieving connection 'snowflake_conn'
[2025-05-05T23:41:16.829+0000] {processor.py:925} INFO - DAG(s) 'dbt_sequential_run' retrieved from /opt/airflow/dags/dbt_run_dag.py
[2025-05-05T23:41:16.854+0000] {logging_mixin.py:190} INFO - [2025-05-05T23:41:16.854+0000] {dag.py:3229} INFO - Sync 1 DAGs
[2025-05-05T23:41:16.884+0000] {logging_mixin.py:190} INFO - [2025-05-05T23:41:16.884+0000] {dag.py:4156} INFO - Setting next_dagrun for dbt_sequential_run to 2025-05-05 02:00:00+00:00, run_after=2025-05-06 02:00:00+00:00
[2025-05-05T23:41:16.914+0000] {processor.py:208} INFO - Processing /opt/airflow/dags/dbt_run_dag.py took 0.163 seconds
[2025-05-05T23:41:47.210+0000] {processor.py:186} INFO - Started process (PID=568) to work on /opt/airflow/dags/dbt_run_dag.py
[2025-05-05T23:41:47.213+0000] {processor.py:914} INFO - Processing file /opt/airflow/dags/dbt_run_dag.py for tasks to queue
[2025-05-05T23:41:47.221+0000] {logging_mixin.py:190} INFO - [2025-05-05T23:41:47.220+0000] {dagbag.py:587} INFO - Filling up the DagBag from /opt/airflow/dags/dbt_run_dag.py
[2025-05-05T23:41:47.303+0000] {logging_mixin.py:190} INFO - [2025-05-05T23:41:47.302+0000] {base.py:84} INFO - Retrieving connection 'snowflake_conn'
[2025-05-05T23:41:47.330+0000] {processor.py:925} INFO - DAG(s) 'dbt_sequential_run' retrieved from /opt/airflow/dags/dbt_run_dag.py
[2025-05-05T23:41:47.380+0000] {logging_mixin.py:190} INFO - [2025-05-05T23:41:47.379+0000] {dag.py:3229} INFO - Sync 1 DAGs
[2025-05-05T23:41:47.449+0000] {logging_mixin.py:190} INFO - [2025-05-05T23:41:47.449+0000] {dag.py:4156} INFO - Setting next_dagrun for dbt_sequential_run to 2025-05-05 02:00:00+00:00, run_after=2025-05-06 02:00:00+00:00
[2025-05-05T23:41:47.509+0000] {processor.py:208} INFO - Processing /opt/airflow/dags/dbt_run_dag.py took 0.316 seconds
[2025-05-05T23:42:17.645+0000] {processor.py:186} INFO - Started process (PID=579) to work on /opt/airflow/dags/dbt_run_dag.py
[2025-05-05T23:42:17.646+0000] {processor.py:914} INFO - Processing file /opt/airflow/dags/dbt_run_dag.py for tasks to queue
[2025-05-05T23:42:17.649+0000] {logging_mixin.py:190} INFO - [2025-05-05T23:42:17.648+0000] {dagbag.py:587} INFO - Filling up the DagBag from /opt/airflow/dags/dbt_run_dag.py
[2025-05-05T23:42:17.678+0000] {logging_mixin.py:190} INFO - [2025-05-05T23:42:17.678+0000] {base.py:84} INFO - Retrieving connection 'snowflake_conn'
[2025-05-05T23:42:17.685+0000] {processor.py:925} INFO - DAG(s) 'dbt_sequential_run' retrieved from /opt/airflow/dags/dbt_run_dag.py
[2025-05-05T23:42:17.698+0000] {logging_mixin.py:190} INFO - [2025-05-05T23:42:17.698+0000] {dag.py:3229} INFO - Sync 1 DAGs
[2025-05-05T23:42:17.717+0000] {logging_mixin.py:190} INFO - [2025-05-05T23:42:17.717+0000] {dag.py:4156} INFO - Setting next_dagrun for dbt_sequential_run to 2025-05-05 02:00:00+00:00, run_after=2025-05-06 02:00:00+00:00
[2025-05-05T23:42:17.731+0000] {processor.py:208} INFO - Processing /opt/airflow/dags/dbt_run_dag.py took 0.089 seconds
[2025-05-05T23:42:48.218+0000] {processor.py:186} INFO - Started process (PID=590) to work on /opt/airflow/dags/dbt_run_dag.py
[2025-05-05T23:42:48.220+0000] {processor.py:914} INFO - Processing file /opt/airflow/dags/dbt_run_dag.py for tasks to queue
[2025-05-05T23:42:48.223+0000] {logging_mixin.py:190} INFO - [2025-05-05T23:42:48.223+0000] {dagbag.py:587} INFO - Filling up the DagBag from /opt/airflow/dags/dbt_run_dag.py
[2025-05-05T23:42:48.270+0000] {logging_mixin.py:190} INFO - [2025-05-05T23:42:48.270+0000] {base.py:84} INFO - Retrieving connection 'snowflake_conn'
[2025-05-05T23:42:48.279+0000] {processor.py:925} INFO - DAG(s) 'dbt_sequential_run' retrieved from /opt/airflow/dags/dbt_run_dag.py
[2025-05-05T23:42:48.296+0000] {logging_mixin.py:190} INFO - [2025-05-05T23:42:48.295+0000] {dag.py:3229} INFO - Sync 1 DAGs
[2025-05-05T23:42:48.314+0000] {logging_mixin.py:190} INFO - [2025-05-05T23:42:48.314+0000] {dag.py:4156} INFO - Setting next_dagrun for dbt_sequential_run to 2025-05-05 02:00:00+00:00, run_after=2025-05-06 02:00:00+00:00
[2025-05-05T23:42:48.331+0000] {processor.py:208} INFO - Processing /opt/airflow/dags/dbt_run_dag.py took 0.117 seconds
[2025-05-05T23:43:18.908+0000] {processor.py:186} INFO - Started process (PID=601) to work on /opt/airflow/dags/dbt_run_dag.py
[2025-05-05T23:43:18.925+0000] {processor.py:914} INFO - Processing file /opt/airflow/dags/dbt_run_dag.py for tasks to queue
[2025-05-05T23:43:18.933+0000] {logging_mixin.py:190} INFO - [2025-05-05T23:43:18.933+0000] {dagbag.py:587} INFO - Filling up the DagBag from /opt/airflow/dags/dbt_run_dag.py
[2025-05-05T23:43:19.100+0000] {logging_mixin.py:190} INFO - [2025-05-05T23:43:19.099+0000] {base.py:84} INFO - Retrieving connection 'snowflake_conn'
[2025-05-05T23:43:19.114+0000] {processor.py:925} INFO - DAG(s) 'dbt_sequential_run' retrieved from /opt/airflow/dags/dbt_run_dag.py
[2025-05-05T23:43:19.130+0000] {logging_mixin.py:190} INFO - [2025-05-05T23:43:19.130+0000] {dag.py:3229} INFO - Sync 1 DAGs
[2025-05-05T23:43:19.151+0000] {logging_mixin.py:190} INFO - [2025-05-05T23:43:19.151+0000] {dag.py:4156} INFO - Setting next_dagrun for dbt_sequential_run to 2025-05-05 02:00:00+00:00, run_after=2025-05-06 02:00:00+00:00
[2025-05-05T23:43:19.182+0000] {processor.py:208} INFO - Processing /opt/airflow/dags/dbt_run_dag.py took 0.278 seconds
[2025-05-05T23:43:49.321+0000] {processor.py:186} INFO - Started process (PID=612) to work on /opt/airflow/dags/dbt_run_dag.py
[2025-05-05T23:43:49.323+0000] {processor.py:914} INFO - Processing file /opt/airflow/dags/dbt_run_dag.py for tasks to queue
[2025-05-05T23:43:49.328+0000] {logging_mixin.py:190} INFO - [2025-05-05T23:43:49.327+0000] {dagbag.py:587} INFO - Filling up the DagBag from /opt/airflow/dags/dbt_run_dag.py
[2025-05-05T23:43:49.389+0000] {logging_mixin.py:190} INFO - [2025-05-05T23:43:49.388+0000] {base.py:84} INFO - Retrieving connection 'snowflake_conn'
[2025-05-05T23:43:49.409+0000] {processor.py:925} INFO - DAG(s) 'dbt_sequential_run' retrieved from /opt/airflow/dags/dbt_run_dag.py
[2025-05-05T23:43:49.453+0000] {logging_mixin.py:190} INFO - [2025-05-05T23:43:49.452+0000] {dag.py:3229} INFO - Sync 1 DAGs
[2025-05-05T23:43:49.502+0000] {logging_mixin.py:190} INFO - [2025-05-05T23:43:49.502+0000] {dag.py:4156} INFO - Setting next_dagrun for dbt_sequential_run to 2025-05-05 02:00:00+00:00, run_after=2025-05-06 02:00:00+00:00
[2025-05-05T23:43:49.545+0000] {processor.py:208} INFO - Processing /opt/airflow/dags/dbt_run_dag.py took 0.233 seconds
[2025-05-05T23:44:19.879+0000] {processor.py:186} INFO - Started process (PID=754) to work on /opt/airflow/dags/dbt_run_dag.py
[2025-05-05T23:44:19.881+0000] {processor.py:914} INFO - Processing file /opt/airflow/dags/dbt_run_dag.py for tasks to queue
[2025-05-05T23:44:19.884+0000] {logging_mixin.py:190} INFO - [2025-05-05T23:44:19.884+0000] {dagbag.py:587} INFO - Filling up the DagBag from /opt/airflow/dags/dbt_run_dag.py
[2025-05-05T23:44:19.943+0000] {logging_mixin.py:190} INFO - [2025-05-05T23:44:19.943+0000] {base.py:84} INFO - Retrieving connection 'snowflake_conn'
[2025-05-05T23:44:19.952+0000] {processor.py:925} INFO - DAG(s) 'dbt_sequential_run' retrieved from /opt/airflow/dags/dbt_run_dag.py
[2025-05-05T23:44:19.968+0000] {logging_mixin.py:190} INFO - [2025-05-05T23:44:19.968+0000] {dag.py:3229} INFO - Sync 1 DAGs
[2025-05-05T23:44:19.985+0000] {logging_mixin.py:190} INFO - [2025-05-05T23:44:19.985+0000] {dag.py:4156} INFO - Setting next_dagrun for dbt_sequential_run to 2025-05-05 02:00:00+00:00, run_after=2025-05-06 02:00:00+00:00
[2025-05-05T23:44:20.002+0000] {processor.py:208} INFO - Processing /opt/airflow/dags/dbt_run_dag.py took 0.135 seconds
[2025-05-05T23:44:50.339+0000] {processor.py:186} INFO - Started process (PID=856) to work on /opt/airflow/dags/dbt_run_dag.py
[2025-05-05T23:44:50.341+0000] {processor.py:914} INFO - Processing file /opt/airflow/dags/dbt_run_dag.py for tasks to queue
[2025-05-05T23:44:50.344+0000] {logging_mixin.py:190} INFO - [2025-05-05T23:44:50.343+0000] {dagbag.py:587} INFO - Filling up the DagBag from /opt/airflow/dags/dbt_run_dag.py
[2025-05-05T23:44:50.418+0000] {logging_mixin.py:190} INFO - [2025-05-05T23:44:50.418+0000] {base.py:84} INFO - Retrieving connection 'snowflake_conn'
[2025-05-05T23:44:50.439+0000] {processor.py:925} INFO - DAG(s) 'dbt_sequential_run' retrieved from /opt/airflow/dags/dbt_run_dag.py
[2025-05-05T23:44:50.459+0000] {logging_mixin.py:190} INFO - [2025-05-05T23:44:50.458+0000] {dag.py:3229} INFO - Sync 1 DAGs
[2025-05-05T23:44:50.489+0000] {logging_mixin.py:190} INFO - [2025-05-05T23:44:50.488+0000] {dag.py:4156} INFO - Setting next_dagrun for dbt_sequential_run to 2025-05-05 02:00:00+00:00, run_after=2025-05-06 02:00:00+00:00
[2025-05-05T23:44:50.517+0000] {processor.py:208} INFO - Processing /opt/airflow/dags/dbt_run_dag.py took 0.184 seconds
[2025-05-05T23:45:20.744+0000] {processor.py:186} INFO - Started process (PID=975) to work on /opt/airflow/dags/dbt_run_dag.py
[2025-05-05T23:45:20.746+0000] {processor.py:914} INFO - Processing file /opt/airflow/dags/dbt_run_dag.py for tasks to queue
[2025-05-05T23:45:20.751+0000] {logging_mixin.py:190} INFO - [2025-05-05T23:45:20.750+0000] {dagbag.py:587} INFO - Filling up the DagBag from /opt/airflow/dags/dbt_run_dag.py
[2025-05-05T23:45:20.884+0000] {logging_mixin.py:190} INFO - [2025-05-05T23:45:20.884+0000] {base.py:84} INFO - Retrieving connection 'snowflake_conn'
[2025-05-05T23:45:20.908+0000] {processor.py:925} INFO - DAG(s) 'dbt_sequential_run' retrieved from /opt/airflow/dags/dbt_run_dag.py
[2025-05-05T23:45:20.950+0000] {logging_mixin.py:190} INFO - [2025-05-05T23:45:20.949+0000] {dag.py:3229} INFO - Sync 1 DAGs
[2025-05-05T23:45:21.001+0000] {logging_mixin.py:190} INFO - [2025-05-05T23:45:21.000+0000] {dag.py:4156} INFO - Setting next_dagrun for dbt_sequential_run to 2025-05-05 02:00:00+00:00, run_after=2025-05-06 02:00:00+00:00
[2025-05-05T23:45:21.038+0000] {processor.py:208} INFO - Processing /opt/airflow/dags/dbt_run_dag.py took 0.303 seconds
[2025-05-05T23:45:51.466+0000] {processor.py:186} INFO - Started process (PID=1028) to work on /opt/airflow/dags/dbt_run_dag.py
[2025-05-05T23:45:51.470+0000] {processor.py:914} INFO - Processing file /opt/airflow/dags/dbt_run_dag.py for tasks to queue
[2025-05-05T23:45:51.475+0000] {logging_mixin.py:190} INFO - [2025-05-05T23:45:51.475+0000] {dagbag.py:587} INFO - Filling up the DagBag from /opt/airflow/dags/dbt_run_dag.py
[2025-05-05T23:45:51.527+0000] {logging_mixin.py:190} INFO - [2025-05-05T23:45:51.526+0000] {base.py:84} INFO - Retrieving connection 'snowflake_conn'
[2025-05-05T23:45:51.535+0000] {processor.py:925} INFO - DAG(s) 'dbt_sequential_run' retrieved from /opt/airflow/dags/dbt_run_dag.py
[2025-05-05T23:45:51.582+0000] {logging_mixin.py:190} INFO - [2025-05-05T23:45:51.581+0000] {dag.py:3229} INFO - Sync 1 DAGs
[2025-05-05T23:45:51.602+0000] {logging_mixin.py:190} INFO - [2025-05-05T23:45:51.602+0000] {dag.py:4156} INFO - Setting next_dagrun for dbt_sequential_run to 2025-05-05 02:00:00+00:00, run_after=2025-05-06 02:00:00+00:00
[2025-05-05T23:45:51.617+0000] {processor.py:208} INFO - Processing /opt/airflow/dags/dbt_run_dag.py took 0.156 seconds
[2025-05-05T23:46:21.969+0000] {processor.py:186} INFO - Started process (PID=1038) to work on /opt/airflow/dags/dbt_run_dag.py
[2025-05-05T23:46:21.970+0000] {processor.py:914} INFO - Processing file /opt/airflow/dags/dbt_run_dag.py for tasks to queue
[2025-05-05T23:46:21.987+0000] {logging_mixin.py:190} INFO - [2025-05-05T23:46:21.986+0000] {dagbag.py:587} INFO - Filling up the DagBag from /opt/airflow/dags/dbt_run_dag.py
[2025-05-05T23:46:22.091+0000] {logging_mixin.py:190} INFO - [2025-05-05T23:46:22.091+0000] {base.py:84} INFO - Retrieving connection 'snowflake_conn'
[2025-05-05T23:46:22.098+0000] {processor.py:925} INFO - DAG(s) 'dbt_sequential_run' retrieved from /opt/airflow/dags/dbt_run_dag.py
[2025-05-05T23:46:22.110+0000] {logging_mixin.py:190} INFO - [2025-05-05T23:46:22.110+0000] {dag.py:3229} INFO - Sync 1 DAGs
[2025-05-05T23:46:22.124+0000] {logging_mixin.py:190} INFO - [2025-05-05T23:46:22.124+0000] {dag.py:4156} INFO - Setting next_dagrun for dbt_sequential_run to 2025-05-05 02:00:00+00:00, run_after=2025-05-06 02:00:00+00:00
[2025-05-05T23:46:22.141+0000] {processor.py:208} INFO - Processing /opt/airflow/dags/dbt_run_dag.py took 0.176 seconds
[2025-05-05T23:46:52.991+0000] {processor.py:186} INFO - Started process (PID=1049) to work on /opt/airflow/dags/dbt_run_dag.py
[2025-05-05T23:46:52.992+0000] {processor.py:914} INFO - Processing file /opt/airflow/dags/dbt_run_dag.py for tasks to queue
[2025-05-05T23:46:52.995+0000] {logging_mixin.py:190} INFO - [2025-05-05T23:46:52.995+0000] {dagbag.py:587} INFO - Filling up the DagBag from /opt/airflow/dags/dbt_run_dag.py
[2025-05-05T23:46:53.041+0000] {logging_mixin.py:190} INFO - [2025-05-05T23:46:53.041+0000] {base.py:84} INFO - Retrieving connection 'snowflake_conn'
[2025-05-05T23:46:53.056+0000] {processor.py:925} INFO - DAG(s) 'dbt_sequential_run' retrieved from /opt/airflow/dags/dbt_run_dag.py
[2025-05-05T23:46:53.081+0000] {logging_mixin.py:190} INFO - [2025-05-05T23:46:53.081+0000] {dag.py:3229} INFO - Sync 1 DAGs
[2025-05-05T23:46:53.110+0000] {logging_mixin.py:190} INFO - [2025-05-05T23:46:53.110+0000] {dag.py:4156} INFO - Setting next_dagrun for dbt_sequential_run to 2025-05-05 02:00:00+00:00, run_after=2025-05-06 02:00:00+00:00
[2025-05-05T23:46:53.135+0000] {processor.py:208} INFO - Processing /opt/airflow/dags/dbt_run_dag.py took 0.150 seconds
[2025-05-05T23:47:23.458+0000] {processor.py:186} INFO - Started process (PID=1107) to work on /opt/airflow/dags/dbt_run_dag.py
[2025-05-05T23:47:23.460+0000] {processor.py:914} INFO - Processing file /opt/airflow/dags/dbt_run_dag.py for tasks to queue
[2025-05-05T23:47:23.462+0000] {logging_mixin.py:190} INFO - [2025-05-05T23:47:23.462+0000] {dagbag.py:587} INFO - Filling up the DagBag from /opt/airflow/dags/dbt_run_dag.py
[2025-05-05T23:47:23.493+0000] {logging_mixin.py:190} INFO - [2025-05-05T23:47:23.493+0000] {base.py:84} INFO - Retrieving connection 'snowflake_conn'
[2025-05-05T23:47:23.527+0000] {processor.py:925} INFO - DAG(s) 'dbt_sequential_run' retrieved from /opt/airflow/dags/dbt_run_dag.py
[2025-05-05T23:47:23.543+0000] {logging_mixin.py:190} INFO - [2025-05-05T23:47:23.543+0000] {dag.py:3229} INFO - Sync 1 DAGs
[2025-05-05T23:47:23.572+0000] {logging_mixin.py:190} INFO - [2025-05-05T23:47:23.572+0000] {dag.py:4156} INFO - Setting next_dagrun for dbt_sequential_run to 2025-05-05 02:00:00+00:00, run_after=2025-05-06 02:00:00+00:00
[2025-05-05T23:47:23.601+0000] {processor.py:208} INFO - Processing /opt/airflow/dags/dbt_run_dag.py took 0.146 seconds
[2025-05-05T23:47:54.369+0000] {processor.py:186} INFO - Started process (PID=1118) to work on /opt/airflow/dags/dbt_run_dag.py
[2025-05-05T23:47:54.373+0000] {processor.py:914} INFO - Processing file /opt/airflow/dags/dbt_run_dag.py for tasks to queue
[2025-05-05T23:47:54.375+0000] {logging_mixin.py:190} INFO - [2025-05-05T23:47:54.375+0000] {dagbag.py:587} INFO - Filling up the DagBag from /opt/airflow/dags/dbt_run_dag.py
[2025-05-05T23:47:54.463+0000] {logging_mixin.py:190} INFO - [2025-05-05T23:47:54.463+0000] {base.py:84} INFO - Retrieving connection 'snowflake_conn'
[2025-05-05T23:47:54.473+0000] {processor.py:925} INFO - DAG(s) 'dbt_sequential_run' retrieved from /opt/airflow/dags/dbt_run_dag.py
[2025-05-05T23:47:54.491+0000] {logging_mixin.py:190} INFO - [2025-05-05T23:47:54.491+0000] {dag.py:3229} INFO - Sync 1 DAGs
[2025-05-05T23:47:54.518+0000] {logging_mixin.py:190} INFO - [2025-05-05T23:47:54.518+0000] {dag.py:4156} INFO - Setting next_dagrun for dbt_sequential_run to 2025-05-05 02:00:00+00:00, run_after=2025-05-06 02:00:00+00:00
[2025-05-05T23:47:54.552+0000] {processor.py:208} INFO - Processing /opt/airflow/dags/dbt_run_dag.py took 0.186 seconds
[2025-05-05T23:48:25.023+0000] {processor.py:186} INFO - Started process (PID=1129) to work on /opt/airflow/dags/dbt_run_dag.py
[2025-05-05T23:48:25.025+0000] {processor.py:914} INFO - Processing file /opt/airflow/dags/dbt_run_dag.py for tasks to queue
[2025-05-05T23:48:25.032+0000] {logging_mixin.py:190} INFO - [2025-05-05T23:48:25.031+0000] {dagbag.py:587} INFO - Filling up the DagBag from /opt/airflow/dags/dbt_run_dag.py
[2025-05-05T23:48:25.076+0000] {logging_mixin.py:190} INFO - [2025-05-05T23:48:25.076+0000] {base.py:84} INFO - Retrieving connection 'snowflake_conn'
[2025-05-05T23:48:25.089+0000] {processor.py:925} INFO - DAG(s) 'dbt_sequential_run' retrieved from /opt/airflow/dags/dbt_run_dag.py
[2025-05-05T23:48:25.181+0000] {logging_mixin.py:190} INFO - [2025-05-05T23:48:25.181+0000] {dag.py:3229} INFO - Sync 1 DAGs
[2025-05-05T23:48:25.453+0000] {logging_mixin.py:190} INFO - [2025-05-05T23:48:25.453+0000] {dag.py:3252} INFO - Creating ORM DAG for dbt_sequential_run
[2025-05-05T23:48:25.469+0000] {logging_mixin.py:190} INFO - [2025-05-05T23:48:25.468+0000] {dag.py:4156} INFO - Setting next_dagrun for dbt_sequential_run to 2025-05-04 02:00:00+00:00, run_after=2025-05-05 02:00:00+00:00
[2025-05-05T23:48:25.498+0000] {processor.py:208} INFO - Processing /opt/airflow/dags/dbt_run_dag.py took 0.487 seconds
[2025-05-05T23:48:56.019+0000] {processor.py:186} INFO - Started process (PID=1226) to work on /opt/airflow/dags/dbt_run_dag.py
[2025-05-05T23:48:56.021+0000] {processor.py:914} INFO - Processing file /opt/airflow/dags/dbt_run_dag.py for tasks to queue
[2025-05-05T23:48:56.026+0000] {logging_mixin.py:190} INFO - [2025-05-05T23:48:56.025+0000] {dagbag.py:587} INFO - Filling up the DagBag from /opt/airflow/dags/dbt_run_dag.py
[2025-05-05T23:48:56.086+0000] {logging_mixin.py:190} INFO - [2025-05-05T23:48:56.085+0000] {base.py:84} INFO - Retrieving connection 'snowflake_conn'
[2025-05-05T23:48:56.107+0000] {processor.py:925} INFO - DAG(s) 'dbt_sequential_run' retrieved from /opt/airflow/dags/dbt_run_dag.py
[2025-05-05T23:48:56.146+0000] {logging_mixin.py:190} INFO - [2025-05-05T23:48:56.146+0000] {dag.py:3229} INFO - Sync 1 DAGs
[2025-05-05T23:48:56.190+0000] {logging_mixin.py:190} INFO - [2025-05-05T23:48:56.189+0000] {dag.py:4156} INFO - Setting next_dagrun for dbt_sequential_run to 2025-05-05 02:00:00+00:00, run_after=2025-05-06 02:00:00+00:00
[2025-05-05T23:48:56.224+0000] {processor.py:208} INFO - Processing /opt/airflow/dags/dbt_run_dag.py took 0.216 seconds
[2025-05-05T23:49:26.722+0000] {processor.py:186} INFO - Started process (PID=1487) to work on /opt/airflow/dags/dbt_run_dag.py
[2025-05-05T23:49:26.724+0000] {processor.py:914} INFO - Processing file /opt/airflow/dags/dbt_run_dag.py for tasks to queue
[2025-05-05T23:49:26.728+0000] {logging_mixin.py:190} INFO - [2025-05-05T23:49:26.728+0000] {dagbag.py:587} INFO - Filling up the DagBag from /opt/airflow/dags/dbt_run_dag.py
[2025-05-05T23:49:26.775+0000] {logging_mixin.py:190} INFO - [2025-05-05T23:49:26.775+0000] {base.py:84} INFO - Retrieving connection 'snowflake_conn'
[2025-05-05T23:49:26.790+0000] {processor.py:925} INFO - DAG(s) 'dbt_sequential_run' retrieved from /opt/airflow/dags/dbt_run_dag.py
[2025-05-05T23:49:26.816+0000] {logging_mixin.py:190} INFO - [2025-05-05T23:49:26.816+0000] {dag.py:3229} INFO - Sync 1 DAGs
[2025-05-05T23:49:26.849+0000] {logging_mixin.py:190} INFO - [2025-05-05T23:49:26.849+0000] {dag.py:4156} INFO - Setting next_dagrun for dbt_sequential_run to 2025-05-05 02:00:00+00:00, run_after=2025-05-06 02:00:00+00:00
[2025-05-05T23:49:26.875+0000] {processor.py:208} INFO - Processing /opt/airflow/dags/dbt_run_dag.py took 0.164 seconds
[2025-05-05T23:49:57.495+0000] {processor.py:186} INFO - Started process (PID=1518) to work on /opt/airflow/dags/dbt_run_dag.py
[2025-05-05T23:49:57.496+0000] {processor.py:914} INFO - Processing file /opt/airflow/dags/dbt_run_dag.py for tasks to queue
[2025-05-05T23:49:57.500+0000] {logging_mixin.py:190} INFO - [2025-05-05T23:49:57.500+0000] {dagbag.py:587} INFO - Filling up the DagBag from /opt/airflow/dags/dbt_run_dag.py
[2025-05-05T23:49:57.545+0000] {logging_mixin.py:190} INFO - [2025-05-05T23:49:57.545+0000] {base.py:84} INFO - Retrieving connection 'snowflake_conn'
[2025-05-05T23:49:57.553+0000] {processor.py:925} INFO - DAG(s) 'dbt_sequential_run' retrieved from /opt/airflow/dags/dbt_run_dag.py
[2025-05-05T23:49:57.567+0000] {logging_mixin.py:190} INFO - [2025-05-05T23:49:57.567+0000] {dag.py:3229} INFO - Sync 1 DAGs
[2025-05-05T23:49:57.583+0000] {logging_mixin.py:190} INFO - [2025-05-05T23:49:57.583+0000] {dag.py:4156} INFO - Setting next_dagrun for dbt_sequential_run to 2025-05-05 02:00:00+00:00, run_after=2025-05-06 02:00:00+00:00
[2025-05-05T23:49:57.598+0000] {processor.py:208} INFO - Processing /opt/airflow/dags/dbt_run_dag.py took 0.109 seconds
[2025-05-05T23:50:28.344+0000] {processor.py:186} INFO - Started process (PID=1529) to work on /opt/airflow/dags/dbt_run_dag.py
[2025-05-05T23:50:28.349+0000] {processor.py:914} INFO - Processing file /opt/airflow/dags/dbt_run_dag.py for tasks to queue
[2025-05-05T23:50:28.360+0000] {logging_mixin.py:190} INFO - [2025-05-05T23:50:28.359+0000] {dagbag.py:587} INFO - Filling up the DagBag from /opt/airflow/dags/dbt_run_dag.py
[2025-05-05T23:50:28.404+0000] {logging_mixin.py:190} INFO - [2025-05-05T23:50:28.403+0000] {base.py:84} INFO - Retrieving connection 'snowflake_conn'
[2025-05-05T23:50:28.418+0000] {processor.py:925} INFO - DAG(s) 'dbt_sequential_run' retrieved from /opt/airflow/dags/dbt_run_dag.py
[2025-05-05T23:50:28.448+0000] {logging_mixin.py:190} INFO - [2025-05-05T23:50:28.448+0000] {dag.py:3229} INFO - Sync 1 DAGs
[2025-05-05T23:50:28.470+0000] {logging_mixin.py:190} INFO - [2025-05-05T23:50:28.469+0000] {dag.py:4156} INFO - Setting next_dagrun for dbt_sequential_run to 2025-05-05 02:00:00+00:00, run_after=2025-05-06 02:00:00+00:00
[2025-05-05T23:50:28.498+0000] {processor.py:208} INFO - Processing /opt/airflow/dags/dbt_run_dag.py took 0.164 seconds
[2025-05-05T23:50:59.124+0000] {processor.py:186} INFO - Started process (PID=1540) to work on /opt/airflow/dags/dbt_run_dag.py
[2025-05-05T23:50:59.125+0000] {processor.py:914} INFO - Processing file /opt/airflow/dags/dbt_run_dag.py for tasks to queue
[2025-05-05T23:50:59.133+0000] {logging_mixin.py:190} INFO - [2025-05-05T23:50:59.133+0000] {dagbag.py:587} INFO - Filling up the DagBag from /opt/airflow/dags/dbt_run_dag.py
[2025-05-05T23:50:59.192+0000] {logging_mixin.py:190} INFO - [2025-05-05T23:50:59.192+0000] {base.py:84} INFO - Retrieving connection 'snowflake_conn'
[2025-05-05T23:50:59.200+0000] {processor.py:925} INFO - DAG(s) 'dbt_sequential_run' retrieved from /opt/airflow/dags/dbt_run_dag.py
[2025-05-05T23:50:59.213+0000] {logging_mixin.py:190} INFO - [2025-05-05T23:50:59.213+0000] {dag.py:3229} INFO - Sync 1 DAGs
[2025-05-05T23:50:59.231+0000] {logging_mixin.py:190} INFO - [2025-05-05T23:50:59.231+0000] {dag.py:4156} INFO - Setting next_dagrun for dbt_sequential_run to 2025-05-05 02:00:00+00:00, run_after=2025-05-06 02:00:00+00:00
[2025-05-05T23:50:59.249+0000] {processor.py:208} INFO - Processing /opt/airflow/dags/dbt_run_dag.py took 0.130 seconds
[2025-05-05T23:51:29.976+0000] {processor.py:186} INFO - Started process (PID=1551) to work on /opt/airflow/dags/dbt_run_dag.py
[2025-05-05T23:51:29.977+0000] {processor.py:914} INFO - Processing file /opt/airflow/dags/dbt_run_dag.py for tasks to queue
[2025-05-05T23:51:29.979+0000] {logging_mixin.py:190} INFO - [2025-05-05T23:51:29.978+0000] {dagbag.py:587} INFO - Filling up the DagBag from /opt/airflow/dags/dbt_run_dag.py
[2025-05-05T23:51:30.035+0000] {logging_mixin.py:190} INFO - [2025-05-05T23:51:30.034+0000] {base.py:84} INFO - Retrieving connection 'snowflake_conn'
[2025-05-05T23:51:30.048+0000] {processor.py:925} INFO - DAG(s) 'dbt_sequential_run' retrieved from /opt/airflow/dags/dbt_run_dag.py
[2025-05-05T23:51:30.069+0000] {logging_mixin.py:190} INFO - [2025-05-05T23:51:30.069+0000] {dag.py:3229} INFO - Sync 1 DAGs
[2025-05-05T23:51:30.102+0000] {logging_mixin.py:190} INFO - [2025-05-05T23:51:30.102+0000] {dag.py:4156} INFO - Setting next_dagrun for dbt_sequential_run to 2025-05-05 02:00:00+00:00, run_after=2025-05-06 02:00:00+00:00
[2025-05-05T23:51:30.124+0000] {processor.py:208} INFO - Processing /opt/airflow/dags/dbt_run_dag.py took 0.152 seconds
[2025-05-05T23:52:00.829+0000] {processor.py:186} INFO - Started process (PID=1562) to work on /opt/airflow/dags/dbt_run_dag.py
[2025-05-05T23:52:00.831+0000] {processor.py:914} INFO - Processing file /opt/airflow/dags/dbt_run_dag.py for tasks to queue
[2025-05-05T23:52:00.834+0000] {logging_mixin.py:190} INFO - [2025-05-05T23:52:00.833+0000] {dagbag.py:587} INFO - Filling up the DagBag from /opt/airflow/dags/dbt_run_dag.py
[2025-05-05T23:52:00.874+0000] {logging_mixin.py:190} INFO - [2025-05-05T23:52:00.874+0000] {base.py:84} INFO - Retrieving connection 'snowflake_conn'
[2025-05-05T23:52:00.885+0000] {processor.py:925} INFO - DAG(s) 'dbt_sequential_run' retrieved from /opt/airflow/dags/dbt_run_dag.py
[2025-05-05T23:52:00.906+0000] {logging_mixin.py:190} INFO - [2025-05-05T23:52:00.906+0000] {dag.py:3229} INFO - Sync 1 DAGs
[2025-05-05T23:52:00.936+0000] {logging_mixin.py:190} INFO - [2025-05-05T23:52:00.936+0000] {dag.py:4156} INFO - Setting next_dagrun for dbt_sequential_run to 2025-05-05 02:00:00+00:00, run_after=2025-05-06 02:00:00+00:00
[2025-05-05T23:52:00.974+0000] {processor.py:208} INFO - Processing /opt/airflow/dags/dbt_run_dag.py took 0.152 seconds
[2025-05-05T23:52:31.588+0000] {processor.py:186} INFO - Started process (PID=1573) to work on /opt/airflow/dags/dbt_run_dag.py
[2025-05-05T23:52:31.590+0000] {processor.py:914} INFO - Processing file /opt/airflow/dags/dbt_run_dag.py for tasks to queue
[2025-05-05T23:52:31.595+0000] {logging_mixin.py:190} INFO - [2025-05-05T23:52:31.594+0000] {dagbag.py:587} INFO - Filling up the DagBag from /opt/airflow/dags/dbt_run_dag.py
[2025-05-05T23:52:31.711+0000] {logging_mixin.py:190} INFO - [2025-05-05T23:52:31.711+0000] {base.py:84} INFO - Retrieving connection 'snowflake_conn'
[2025-05-05T23:52:31.720+0000] {processor.py:925} INFO - DAG(s) 'dbt_sequential_run' retrieved from /opt/airflow/dags/dbt_run_dag.py
[2025-05-05T23:52:31.747+0000] {logging_mixin.py:190} INFO - [2025-05-05T23:52:31.747+0000] {dag.py:3229} INFO - Sync 1 DAGs
[2025-05-05T23:52:31.774+0000] {logging_mixin.py:190} INFO - [2025-05-05T23:52:31.774+0000] {dag.py:4156} INFO - Setting next_dagrun for dbt_sequential_run to 2025-05-05 02:00:00+00:00, run_after=2025-05-06 02:00:00+00:00
[2025-05-05T23:52:31.795+0000] {processor.py:208} INFO - Processing /opt/airflow/dags/dbt_run_dag.py took 0.219 seconds
[2025-05-05T23:53:02.570+0000] {processor.py:186} INFO - Started process (PID=1584) to work on /opt/airflow/dags/dbt_run_dag.py
[2025-05-05T23:53:02.572+0000] {processor.py:914} INFO - Processing file /opt/airflow/dags/dbt_run_dag.py for tasks to queue
[2025-05-05T23:53:02.574+0000] {logging_mixin.py:190} INFO - [2025-05-05T23:53:02.574+0000] {dagbag.py:587} INFO - Filling up the DagBag from /opt/airflow/dags/dbt_run_dag.py
[2025-05-05T23:53:02.647+0000] {logging_mixin.py:190} INFO - [2025-05-05T23:53:02.647+0000] {base.py:84} INFO - Retrieving connection 'snowflake_conn'
[2025-05-05T23:53:02.659+0000] {processor.py:925} INFO - DAG(s) 'dbt_sequential_run' retrieved from /opt/airflow/dags/dbt_run_dag.py
[2025-05-05T23:53:02.740+0000] {logging_mixin.py:190} INFO - [2025-05-05T23:53:02.740+0000] {dag.py:3229} INFO - Sync 1 DAGs
[2025-05-05T23:53:02.756+0000] {logging_mixin.py:190} INFO - [2025-05-05T23:53:02.755+0000] {dag.py:3252} INFO - Creating ORM DAG for dbt_sequential_run
[2025-05-05T23:53:02.765+0000] {logging_mixin.py:190} INFO - [2025-05-05T23:53:02.765+0000] {dag.py:4156} INFO - Setting next_dagrun for dbt_sequential_run to 2025-05-04 02:00:00+00:00, run_after=2025-05-05 02:00:00+00:00
[2025-05-05T23:53:02.784+0000] {processor.py:208} INFO - Processing /opt/airflow/dags/dbt_run_dag.py took 0.220 seconds
[2025-05-05T23:53:33.456+0000] {processor.py:186} INFO - Started process (PID=1595) to work on /opt/airflow/dags/dbt_run_dag.py
[2025-05-05T23:53:33.458+0000] {processor.py:914} INFO - Processing file /opt/airflow/dags/dbt_run_dag.py for tasks to queue
[2025-05-05T23:53:33.461+0000] {logging_mixin.py:190} INFO - [2025-05-05T23:53:33.460+0000] {dagbag.py:587} INFO - Filling up the DagBag from /opt/airflow/dags/dbt_run_dag.py
[2025-05-05T23:53:33.514+0000] {logging_mixin.py:190} INFO - [2025-05-05T23:53:33.513+0000] {base.py:84} INFO - Retrieving connection 'snowflake_conn'
[2025-05-05T23:53:33.530+0000] {processor.py:925} INFO - DAG(s) 'dbt_sequential_run' retrieved from /opt/airflow/dags/dbt_run_dag.py
[2025-05-05T23:53:33.544+0000] {logging_mixin.py:190} INFO - [2025-05-05T23:53:33.544+0000] {dag.py:3229} INFO - Sync 1 DAGs
[2025-05-05T23:53:33.559+0000] {logging_mixin.py:190} INFO - [2025-05-05T23:53:33.559+0000] {dag.py:4156} INFO - Setting next_dagrun for dbt_sequential_run to 2025-05-04 02:00:00+00:00, run_after=2025-05-05 02:00:00+00:00
[2025-05-05T23:53:33.576+0000] {processor.py:208} INFO - Processing /opt/airflow/dags/dbt_run_dag.py took 0.132 seconds
[2025-05-05T23:54:04.172+0000] {processor.py:186} INFO - Started process (PID=1653) to work on /opt/airflow/dags/dbt_run_dag.py
[2025-05-05T23:54:04.173+0000] {processor.py:914} INFO - Processing file /opt/airflow/dags/dbt_run_dag.py for tasks to queue
[2025-05-05T23:54:04.177+0000] {logging_mixin.py:190} INFO - [2025-05-05T23:54:04.177+0000] {dagbag.py:587} INFO - Filling up the DagBag from /opt/airflow/dags/dbt_run_dag.py
[2025-05-05T23:54:04.228+0000] {logging_mixin.py:190} INFO - [2025-05-05T23:54:04.228+0000] {base.py:84} INFO - Retrieving connection 'snowflake_conn'
[2025-05-05T23:54:04.244+0000] {processor.py:925} INFO - DAG(s) 'dbt_sequential_run' retrieved from /opt/airflow/dags/dbt_run_dag.py
[2025-05-05T23:54:04.270+0000] {logging_mixin.py:190} INFO - [2025-05-05T23:54:04.270+0000] {dag.py:3229} INFO - Sync 1 DAGs
[2025-05-05T23:54:04.303+0000] {logging_mixin.py:190} INFO - [2025-05-05T23:54:04.303+0000] {dag.py:4156} INFO - Setting next_dagrun for dbt_sequential_run to 2025-05-05 02:00:00+00:00, run_after=2025-05-06 02:00:00+00:00
[2025-05-05T23:54:04.333+0000] {processor.py:208} INFO - Processing /opt/airflow/dags/dbt_run_dag.py took 0.171 seconds
[2025-05-05T23:54:35.110+0000] {processor.py:186} INFO - Started process (PID=1800) to work on /opt/airflow/dags/dbt_run_dag.py
[2025-05-05T23:54:35.112+0000] {processor.py:914} INFO - Processing file /opt/airflow/dags/dbt_run_dag.py for tasks to queue
[2025-05-05T23:54:35.118+0000] {logging_mixin.py:190} INFO - [2025-05-05T23:54:35.117+0000] {dagbag.py:587} INFO - Filling up the DagBag from /opt/airflow/dags/dbt_run_dag.py
[2025-05-05T23:54:35.199+0000] {logging_mixin.py:190} INFO - [2025-05-05T23:54:35.199+0000] {base.py:84} INFO - Retrieving connection 'snowflake_conn'
[2025-05-05T23:54:35.222+0000] {processor.py:925} INFO - DAG(s) 'dbt_sequential_run' retrieved from /opt/airflow/dags/dbt_run_dag.py
[2025-05-05T23:54:35.245+0000] {logging_mixin.py:190} INFO - [2025-05-05T23:54:35.245+0000] {dag.py:3229} INFO - Sync 1 DAGs
[2025-05-05T23:54:35.261+0000] {logging_mixin.py:190} INFO - [2025-05-05T23:54:35.261+0000] {dag.py:4156} INFO - Setting next_dagrun for dbt_sequential_run to 2025-05-05 02:00:00+00:00, run_after=2025-05-06 02:00:00+00:00
[2025-05-05T23:54:35.278+0000] {processor.py:208} INFO - Processing /opt/airflow/dags/dbt_run_dag.py took 0.179 seconds
[2025-05-05T23:55:06.110+0000] {processor.py:186} INFO - Started process (PID=1811) to work on /opt/airflow/dags/dbt_run_dag.py
[2025-05-05T23:55:06.111+0000] {processor.py:914} INFO - Processing file /opt/airflow/dags/dbt_run_dag.py for tasks to queue
[2025-05-05T23:55:06.115+0000] {logging_mixin.py:190} INFO - [2025-05-05T23:55:06.114+0000] {dagbag.py:587} INFO - Filling up the DagBag from /opt/airflow/dags/dbt_run_dag.py
[2025-05-05T23:55:06.161+0000] {logging_mixin.py:190} INFO - [2025-05-05T23:55:06.161+0000] {base.py:84} INFO - Retrieving connection 'snowflake_conn'
[2025-05-05T23:55:06.175+0000] {processor.py:925} INFO - DAG(s) 'dbt_sequential_run' retrieved from /opt/airflow/dags/dbt_run_dag.py
[2025-05-05T23:55:06.203+0000] {logging_mixin.py:190} INFO - [2025-05-05T23:55:06.203+0000] {dag.py:3229} INFO - Sync 1 DAGs
[2025-05-05T23:55:06.234+0000] {logging_mixin.py:190} INFO - [2025-05-05T23:55:06.234+0000] {dag.py:4156} INFO - Setting next_dagrun for dbt_sequential_run to 2025-05-05 02:00:00+00:00, run_after=2025-05-06 02:00:00+00:00
[2025-05-05T23:55:06.293+0000] {processor.py:208} INFO - Processing /opt/airflow/dags/dbt_run_dag.py took 0.190 seconds
[2025-05-05T23:55:36.948+0000] {processor.py:186} INFO - Started process (PID=1816) to work on /opt/airflow/dags/dbt_run_dag.py
[2025-05-05T23:55:36.950+0000] {processor.py:914} INFO - Processing file /opt/airflow/dags/dbt_run_dag.py for tasks to queue
[2025-05-05T23:55:36.954+0000] {logging_mixin.py:190} INFO - [2025-05-05T23:55:36.953+0000] {dagbag.py:587} INFO - Filling up the DagBag from /opt/airflow/dags/dbt_run_dag.py
[2025-05-05T23:55:37.015+0000] {logging_mixin.py:190} INFO - [2025-05-05T23:55:37.014+0000] {base.py:84} INFO - Retrieving connection 'snowflake_conn'
[2025-05-05T23:55:37.032+0000] {processor.py:925} INFO - DAG(s) 'dbt_sequential_run' retrieved from /opt/airflow/dags/dbt_run_dag.py
[2025-05-05T23:55:37.057+0000] {logging_mixin.py:190} INFO - [2025-05-05T23:55:37.057+0000] {dag.py:3229} INFO - Sync 1 DAGs
[2025-05-05T23:55:37.079+0000] {logging_mixin.py:190} INFO - [2025-05-05T23:55:37.079+0000] {dag.py:4156} INFO - Setting next_dagrun for dbt_sequential_run to 2025-05-05 02:00:00+00:00, run_after=2025-05-06 02:00:00+00:00
[2025-05-05T23:55:37.095+0000] {processor.py:208} INFO - Processing /opt/airflow/dags/dbt_run_dag.py took 0.160 seconds
[2025-05-05T23:56:07.828+0000] {processor.py:186} INFO - Started process (PID=1827) to work on /opt/airflow/dags/dbt_run_dag.py
[2025-05-05T23:56:07.829+0000] {processor.py:914} INFO - Processing file /opt/airflow/dags/dbt_run_dag.py for tasks to queue
[2025-05-05T23:56:07.831+0000] {logging_mixin.py:190} INFO - [2025-05-05T23:56:07.831+0000] {dagbag.py:587} INFO - Filling up the DagBag from /opt/airflow/dags/dbt_run_dag.py
[2025-05-05T23:56:07.915+0000] {logging_mixin.py:190} INFO - [2025-05-05T23:56:07.914+0000] {base.py:84} INFO - Retrieving connection 'snowflake_conn'
[2025-05-05T23:56:07.929+0000] {processor.py:925} INFO - DAG(s) 'dbt_sequential_run' retrieved from /opt/airflow/dags/dbt_run_dag.py
[2025-05-05T23:56:07.949+0000] {logging_mixin.py:190} INFO - [2025-05-05T23:56:07.949+0000] {dag.py:3229} INFO - Sync 1 DAGs
[2025-05-05T23:56:07.966+0000] {logging_mixin.py:190} INFO - [2025-05-05T23:56:07.966+0000] {dag.py:4156} INFO - Setting next_dagrun for dbt_sequential_run to 2025-05-05 02:00:00+00:00, run_after=2025-05-06 02:00:00+00:00
[2025-05-05T23:56:07.983+0000] {processor.py:208} INFO - Processing /opt/airflow/dags/dbt_run_dag.py took 0.160 seconds
[2025-05-05T23:56:38.761+0000] {processor.py:186} INFO - Started process (PID=1838) to work on /opt/airflow/dags/dbt_run_dag.py
[2025-05-05T23:56:38.762+0000] {processor.py:914} INFO - Processing file /opt/airflow/dags/dbt_run_dag.py for tasks to queue
[2025-05-05T23:56:38.764+0000] {logging_mixin.py:190} INFO - [2025-05-05T23:56:38.764+0000] {dagbag.py:587} INFO - Filling up the DagBag from /opt/airflow/dags/dbt_run_dag.py
[2025-05-05T23:56:38.781+0000] {logging_mixin.py:190} INFO - [2025-05-05T23:56:38.781+0000] {base.py:84} INFO - Retrieving connection 'snowflake_conn'
[2025-05-05T23:56:38.787+0000] {processor.py:925} INFO - DAG(s) 'dbt_sequential_run' retrieved from /opt/airflow/dags/dbt_run_dag.py
[2025-05-05T23:56:38.798+0000] {logging_mixin.py:190} INFO - [2025-05-05T23:56:38.797+0000] {dag.py:3229} INFO - Sync 1 DAGs
[2025-05-05T23:56:38.811+0000] {logging_mixin.py:190} INFO - [2025-05-05T23:56:38.811+0000] {dag.py:4156} INFO - Setting next_dagrun for dbt_sequential_run to 2025-05-05 02:00:00+00:00, run_after=2025-05-06 02:00:00+00:00
[2025-05-05T23:56:38.824+0000] {processor.py:208} INFO - Processing /opt/airflow/dags/dbt_run_dag.py took 0.068 seconds
[2025-05-05T23:57:09.988+0000] {processor.py:186} INFO - Started process (PID=1849) to work on /opt/airflow/dags/dbt_run_dag.py
[2025-05-05T23:57:09.988+0000] {processor.py:914} INFO - Processing file /opt/airflow/dags/dbt_run_dag.py for tasks to queue
[2025-05-05T23:57:09.990+0000] {logging_mixin.py:190} INFO - [2025-05-05T23:57:09.990+0000] {dagbag.py:587} INFO - Filling up the DagBag from /opt/airflow/dags/dbt_run_dag.py
[2025-05-05T23:57:10.017+0000] {logging_mixin.py:190} INFO - [2025-05-05T23:57:10.016+0000] {base.py:84} INFO - Retrieving connection 'snowflake_conn'
[2025-05-05T23:57:10.024+0000] {processor.py:925} INFO - DAG(s) 'dbt_sequential_run' retrieved from /opt/airflow/dags/dbt_run_dag.py
[2025-05-05T23:57:10.035+0000] {logging_mixin.py:190} INFO - [2025-05-05T23:57:10.034+0000] {dag.py:3229} INFO - Sync 1 DAGs
[2025-05-05T23:57:10.055+0000] {logging_mixin.py:190} INFO - [2025-05-05T23:57:10.055+0000] {dag.py:4156} INFO - Setting next_dagrun for dbt_sequential_run to 2025-05-05 02:00:00+00:00, run_after=2025-05-06 02:00:00+00:00
[2025-05-05T23:57:10.070+0000] {processor.py:208} INFO - Processing /opt/airflow/dags/dbt_run_dag.py took 0.086 seconds
[2025-05-05T23:57:40.714+0000] {processor.py:186} INFO - Started process (PID=1860) to work on /opt/airflow/dags/dbt_run_dag.py
[2025-05-05T23:57:40.715+0000] {processor.py:914} INFO - Processing file /opt/airflow/dags/dbt_run_dag.py for tasks to queue
[2025-05-05T23:57:40.719+0000] {logging_mixin.py:190} INFO - [2025-05-05T23:57:40.718+0000] {dagbag.py:587} INFO - Filling up the DagBag from /opt/airflow/dags/dbt_run_dag.py
[2025-05-05T23:57:40.800+0000] {logging_mixin.py:190} INFO - [2025-05-05T23:57:40.799+0000] {base.py:84} INFO - Retrieving connection 'snowflake_conn'
[2025-05-05T23:57:40.808+0000] {processor.py:925} INFO - DAG(s) 'dbt_sequential_run' retrieved from /opt/airflow/dags/dbt_run_dag.py
[2025-05-05T23:57:40.834+0000] {logging_mixin.py:190} INFO - [2025-05-05T23:57:40.834+0000] {dag.py:3229} INFO - Sync 1 DAGs
[2025-05-05T23:57:40.865+0000] {logging_mixin.py:190} INFO - [2025-05-05T23:57:40.865+0000] {dag.py:4156} INFO - Setting next_dagrun for dbt_sequential_run to 2025-05-05 02:00:00+00:00, run_after=2025-05-06 02:00:00+00:00
[2025-05-05T23:57:40.891+0000] {processor.py:208} INFO - Processing /opt/airflow/dags/dbt_run_dag.py took 0.183 seconds
[2025-05-05T23:58:11.857+0000] {processor.py:186} INFO - Started process (PID=1871) to work on /opt/airflow/dags/dbt_run_dag.py
[2025-05-05T23:58:11.858+0000] {processor.py:914} INFO - Processing file /opt/airflow/dags/dbt_run_dag.py for tasks to queue
[2025-05-05T23:58:11.859+0000] {logging_mixin.py:190} INFO - [2025-05-05T23:58:11.859+0000] {dagbag.py:587} INFO - Filling up the DagBag from /opt/airflow/dags/dbt_run_dag.py
[2025-05-05T23:58:11.880+0000] {logging_mixin.py:190} INFO - [2025-05-05T23:58:11.880+0000] {base.py:84} INFO - Retrieving connection 'snowflake_conn'
[2025-05-05T23:58:11.887+0000] {processor.py:925} INFO - DAG(s) 'dbt_sequential_run' retrieved from /opt/airflow/dags/dbt_run_dag.py
[2025-05-05T23:58:11.899+0000] {logging_mixin.py:190} INFO - [2025-05-05T23:58:11.898+0000] {dag.py:3229} INFO - Sync 1 DAGs
[2025-05-05T23:58:11.912+0000] {logging_mixin.py:190} INFO - [2025-05-05T23:58:11.912+0000] {dag.py:4156} INFO - Setting next_dagrun for dbt_sequential_run to 2025-05-05 02:00:00+00:00, run_after=2025-05-06 02:00:00+00:00
[2025-05-05T23:58:11.926+0000] {processor.py:208} INFO - Processing /opt/airflow/dags/dbt_run_dag.py took 0.072 seconds
[2025-05-05T23:58:42.788+0000] {processor.py:186} INFO - Started process (PID=1882) to work on /opt/airflow/dags/dbt_run_dag.py
[2025-05-05T23:58:42.789+0000] {processor.py:914} INFO - Processing file /opt/airflow/dags/dbt_run_dag.py for tasks to queue
[2025-05-05T23:58:42.792+0000] {logging_mixin.py:190} INFO - [2025-05-05T23:58:42.792+0000] {dagbag.py:587} INFO - Filling up the DagBag from /opt/airflow/dags/dbt_run_dag.py
[2025-05-05T23:58:42.832+0000] {logging_mixin.py:190} INFO - [2025-05-05T23:58:42.832+0000] {base.py:84} INFO - Retrieving connection 'snowflake_conn'
[2025-05-05T23:58:42.898+0000] {processor.py:925} INFO - DAG(s) 'dbt_sequential_run' retrieved from /opt/airflow/dags/dbt_run_dag.py
[2025-05-05T23:58:42.942+0000] {logging_mixin.py:190} INFO - [2025-05-05T23:58:42.942+0000] {dag.py:3229} INFO - Sync 1 DAGs
[2025-05-05T23:58:42.960+0000] {logging_mixin.py:190} INFO - [2025-05-05T23:58:42.959+0000] {dag.py:4156} INFO - Setting next_dagrun for dbt_sequential_run to 2025-05-05 02:00:00+00:00, run_after=2025-05-06 02:00:00+00:00
[2025-05-05T23:58:42.996+0000] {processor.py:208} INFO - Processing /opt/airflow/dags/dbt_run_dag.py took 0.216 seconds
[2025-05-05T23:59:13.783+0000] {processor.py:186} INFO - Started process (PID=1977) to work on /opt/airflow/dags/dbt_run_dag.py
[2025-05-05T23:59:13.789+0000] {processor.py:914} INFO - Processing file /opt/airflow/dags/dbt_run_dag.py for tasks to queue
[2025-05-05T23:59:13.797+0000] {logging_mixin.py:190} INFO - [2025-05-05T23:59:13.796+0000] {dagbag.py:587} INFO - Filling up the DagBag from /opt/airflow/dags/dbt_run_dag.py
[2025-05-05T23:59:13.922+0000] {logging_mixin.py:190} INFO - [2025-05-05T23:59:13.922+0000] {base.py:84} INFO - Retrieving connection 'snowflake_conn'
[2025-05-05T23:59:13.942+0000] {processor.py:925} INFO - DAG(s) 'dbt_sequential_run' retrieved from /opt/airflow/dags/dbt_run_dag.py
[2025-05-05T23:59:13.978+0000] {logging_mixin.py:190} INFO - [2025-05-05T23:59:13.978+0000] {dag.py:3229} INFO - Sync 1 DAGs
[2025-05-05T23:59:14.029+0000] {logging_mixin.py:190} INFO - [2025-05-05T23:59:14.029+0000] {dag.py:4156} INFO - Setting next_dagrun for dbt_sequential_run to 2025-05-05 02:00:00+00:00, run_after=2025-05-06 02:00:00+00:00
[2025-05-05T23:59:14.073+0000] {processor.py:208} INFO - Processing /opt/airflow/dags/dbt_run_dag.py took 0.304 seconds
[2025-05-05T23:59:44.980+0000] {processor.py:186} INFO - Started process (PID=2168) to work on /opt/airflow/dags/dbt_run_dag.py
[2025-05-05T23:59:44.982+0000] {processor.py:914} INFO - Processing file /opt/airflow/dags/dbt_run_dag.py for tasks to queue
[2025-05-05T23:59:44.984+0000] {logging_mixin.py:190} INFO - [2025-05-05T23:59:44.984+0000] {dagbag.py:587} INFO - Filling up the DagBag from /opt/airflow/dags/dbt_run_dag.py
[2025-05-05T23:59:45.021+0000] {logging_mixin.py:190} INFO - [2025-05-05T23:59:45.021+0000] {base.py:84} INFO - Retrieving connection 'snowflake_conn'
[2025-05-05T23:59:45.031+0000] {processor.py:925} INFO - DAG(s) 'dbt_sequential_run' retrieved from /opt/airflow/dags/dbt_run_dag.py
[2025-05-05T23:59:45.044+0000] {logging_mixin.py:190} INFO - [2025-05-05T23:59:45.044+0000] {dag.py:3229} INFO - Sync 1 DAGs
[2025-05-05T23:59:45.067+0000] {logging_mixin.py:190} INFO - [2025-05-05T23:59:45.067+0000] {dag.py:4156} INFO - Setting next_dagrun for dbt_sequential_run to 2025-05-05 02:00:00+00:00, run_after=2025-05-06 02:00:00+00:00
[2025-05-05T23:59:45.095+0000] {processor.py:208} INFO - Processing /opt/airflow/dags/dbt_run_dag.py took 0.120 seconds
