[2025-05-05T23:26:53.096+0000] {local_task_job_runner.py:123} INFO - ::group::Pre task execution logs
[2025-05-05T23:26:53.121+0000] {taskinstance.py:2612} INFO - Dependencies all met for dep_context=non-requeueable deps ti=<TaskInstance: dbt_sequential_run.dbt_run_staging manual__2025-05-05T23:26:47.230485+00:00 [queued]>
[2025-05-05T23:26:53.134+0000] {taskinstance.py:2612} INFO - Dependencies all met for dep_context=requeueable deps ti=<TaskInstance: dbt_sequential_run.dbt_run_staging manual__2025-05-05T23:26:47.230485+00:00 [queued]>
[2025-05-05T23:26:53.135+0000] {taskinstance.py:2865} INFO - Starting attempt 1 of 2
[2025-05-05T23:26:53.149+0000] {taskinstance.py:2888} INFO - Executing <Task(BashOperator): dbt_run_staging> on 2025-05-05 23:26:47.230485+00:00
[2025-05-05T23:26:53.158+0000] {standard_task_runner.py:104} INFO - Running: ['***', 'tasks', 'run', 'dbt_sequential_run', 'dbt_run_staging', 'manual__2025-05-05T23:26:47.230485+00:00', '--job-id', '7', '--raw', '--subdir', 'DAGS_FOLDER/dbt_run_dag.py', '--cfg-path', '/tmp/tmp3hacpm77']
[2025-05-05T23:26:53.161+0000] {logging_mixin.py:190} WARNING - /home/***/.local/lib/python3.12/site-packages/***/task/task_runner/standard_task_runner.py:70 DeprecationWarning: This process (pid=685) is multi-threaded, use of fork() may lead to deadlocks in the child.
[2025-05-05T23:26:53.161+0000] {standard_task_runner.py:105} INFO - Job 7: Subtask dbt_run_staging
[2025-05-05T23:26:53.162+0000] {standard_task_runner.py:72} INFO - Started process 686 to run task
[2025-05-05T23:26:53.205+0000] {task_command.py:467} INFO - Running <TaskInstance: dbt_sequential_run.dbt_run_staging manual__2025-05-05T23:26:47.230485+00:00 [running]> on host 5f6a5c55bc08
[2025-05-05T23:26:53.275+0000] {taskinstance.py:3131} INFO - Exporting env vars: AIRFLOW_CTX_DAG_OWNER='***' AIRFLOW_CTX_DAG_ID='dbt_sequential_run' AIRFLOW_CTX_TASK_ID='dbt_run_staging' AIRFLOW_CTX_EXECUTION_DATE='2025-05-05T23:26:47.230485+00:00' AIRFLOW_CTX_TRY_NUMBER='1' AIRFLOW_CTX_DAG_RUN_ID='manual__2025-05-05T23:26:47.230485+00:00'
[2025-05-05T23:26:53.277+0000] {taskinstance.py:731} INFO - ::endgroup::
[2025-05-05T23:26:53.294+0000] {subprocess.py:63} INFO - Tmp dir root location: /tmp
[2025-05-05T23:26:53.296+0000] {subprocess.py:75} INFO - Running command: ['/usr/bin/bash', '-c', '/home/***/.local/bin/dbt run --profiles-dir /opt/***/dbt --project-dir /opt/***/dbt --select staging']
[2025-05-05T23:26:53.315+0000] {subprocess.py:86} INFO - Output:
[2025-05-05T23:26:55.130+0000] {subprocess.py:93} INFO - [0m23:26:55  Running with dbt=1.8.7
[2025-05-05T23:26:56.570+0000] {subprocess.py:93} INFO - [0m23:26:56  Registered adapter: snowflake=1.8.1
[2025-05-05T23:26:56.820+0000] {subprocess.py:93} INFO - [0m23:26:56  Unable to do partial parsing because of a version mismatch
[2025-05-05T23:26:58.661+0000] {subprocess.py:93} INFO - [0m23:26:58  [[33mWARNING[0m]: Deprecated functionality
[2025-05-05T23:26:58.663+0000] {subprocess.py:93} INFO - The `tests` config has been renamed to `data_tests`. Please see
[2025-05-05T23:26:58.664+0000] {subprocess.py:93} INFO - https://docs.getdbt.com/docs/build/data-tests#new-data_tests-syntax for more
[2025-05-05T23:26:58.665+0000] {subprocess.py:93} INFO - information.
[2025-05-05T23:26:58.691+0000] {subprocess.py:93} INFO - [0m23:26:58  [[33mWARNING[0m]: Did not find matching node for patch with name 'stock_indicators' in the 'models' section of file 'models/schema.yml'
[2025-05-05T23:26:58.693+0000] {subprocess.py:93} INFO - [0m23:26:58  [[33mWARNING[0m]: Did not find matching node for patch with name 'stock_input' in the 'models' section of file 'models/schema.yml'
[2025-05-05T23:26:58.960+0000] {subprocess.py:93} INFO - [0m23:26:58  [[33mWARNING[0m]: Test 'test.customer_churn.unique_stock_indicators_symbol_date_key.0073da1eba' (models/schema.yml) depends on a node named 'stock_indicators' in package '' which was not found
[2025-05-05T23:26:58.961+0000] {subprocess.py:93} INFO - [0m23:26:58  [[33mWARNING[0m]: Test 'test.customer_churn.not_null_stock_indicators_symbol_date_key.99c1f3f22c' (models/schema.yml) depends on a node named 'stock_indicators' in package '' which was not found
[2025-05-05T23:26:58.963+0000] {subprocess.py:93} INFO - [0m23:26:58  [[33mWARNING[0m]: Test 'test.customer_churn.not_null_stock_input_symbol_date_key.e2a84c6e48' (models/schema.yml) depends on a node named 'stock_input' in package '' which was not found
[2025-05-05T23:26:59.334+0000] {subprocess.py:93} INFO - [0m23:26:59  Found 12 models, 10 data tests, 7 sources, 459 macros
[2025-05-05T23:26:59.339+0000] {subprocess.py:93} INFO - [0m23:26:59
[2025-05-05T23:27:02.482+0000] {subprocess.py:93} INFO - [0m23:27:02  Concurrency: 4 threads (target='dev')
[2025-05-05T23:27:02.483+0000] {subprocess.py:93} INFO - [0m23:27:02
[2025-05-05T23:27:02.502+0000] {subprocess.py:93} INFO - [0m23:27:02  1 of 6 START sql view model RAW_public.stg_address ............................. [RUN]
[2025-05-05T23:27:02.506+0000] {subprocess.py:93} INFO - [0m23:27:02  2 of 6 START sql view model RAW_public.stg_autoinsurance_churn ................. [RUN]
[2025-05-05T23:27:02.508+0000] {subprocess.py:93} INFO - [0m23:27:02  3 of 6 START sql view model RAW_public.stg_customer ............................ [RUN]
[2025-05-05T23:27:02.510+0000] {subprocess.py:93} INFO - [0m23:27:02  4 of 6 START sql view model RAW_public.stg_demographic ......................... [RUN]
[2025-05-05T23:27:03.594+0000] {subprocess.py:93} INFO - [0m23:27:03  2 of 6 OK created sql view model RAW_public.stg_autoinsurance_churn ............ [[32mSUCCESS 1[0m in 1.07s]
[2025-05-05T23:27:03.605+0000] {subprocess.py:93} INFO - [0m23:27:03  3 of 6 OK created sql view model RAW_public.stg_customer ....................... [[32mSUCCESS 1[0m in 1.08s]
[2025-05-05T23:27:03.607+0000] {subprocess.py:93} INFO - [0m23:27:03  1 of 6 OK created sql view model RAW_public.stg_address ........................ [[32mSUCCESS 1[0m in 1.09s]
[2025-05-05T23:27:03.609+0000] {subprocess.py:93} INFO - [0m23:27:03  5 of 6 START sql view model RAW_public.stg_termination ......................... [RUN]
[2025-05-05T23:27:03.622+0000] {subprocess.py:93} INFO - [0m23:27:03  6 of 6 START sql view model RAW_public.stg_turning_movement .................... [RUN]
[2025-05-05T23:27:04.360+0000] {subprocess.py:93} INFO - [0m23:27:04  5 of 6 OK created sql view model RAW_public.stg_termination .................... [[32mSUCCESS 1[0m in 0.74s]
[2025-05-05T23:27:04.575+0000] {subprocess.py:93} INFO - [0m23:27:04  6 of 6 OK created sql view model RAW_public.stg_turning_movement ............... [[32mSUCCESS 1[0m in 0.94s]
[2025-05-05T23:27:04.632+0000] {subprocess.py:93} INFO - [0m23:27:04  4 of 6 OK created sql view model RAW_public.stg_demographic .................... [[32mSUCCESS 1[0m in 2.11s]
[2025-05-05T23:27:04.643+0000] {subprocess.py:93} INFO - [0m23:27:04
[2025-05-05T23:27:04.644+0000] {subprocess.py:93} INFO - [0m23:27:04  Finished running 6 view models in 0 hours 0 minutes and 5.30 seconds (5.30s).
[2025-05-05T23:27:04.790+0000] {subprocess.py:93} INFO - [0m23:27:04
[2025-05-05T23:27:04.791+0000] {subprocess.py:93} INFO - [0m23:27:04  [32mCompleted successfully[0m
[2025-05-05T23:27:04.792+0000] {subprocess.py:93} INFO - [0m23:27:04
[2025-05-05T23:27:04.794+0000] {subprocess.py:93} INFO - [0m23:27:04  Done. PASS=6 WARN=0 ERROR=0 SKIP=0 TOTAL=6
[2025-05-05T23:27:05.836+0000] {subprocess.py:97} INFO - Command exited with return code 0
[2025-05-05T23:27:05.868+0000] {taskinstance.py:340} INFO - ::group::Post task execution logs
[2025-05-05T23:27:05.870+0000] {taskinstance.py:352} INFO - Marking task as SUCCESS. dag_id=dbt_sequential_run, task_id=dbt_run_staging, run_id=manual__2025-05-05T23:26:47.230485+00:00, execution_date=20250505T232647, start_date=20250505T232653, end_date=20250505T232705
[2025-05-05T23:27:05.889+0000] {local_task_job_runner.py:266} INFO - Task exited with return code 0
[2025-05-05T23:27:05.917+0000] {taskinstance.py:3900} INFO - 1 downstream tasks scheduled from follow-on schedule check
[2025-05-05T23:27:05.920+0000] {local_task_job_runner.py:245} INFO - ::endgroup::
