[2025-05-06T00:04:47.675+0000] {local_task_job_runner.py:123} INFO - ::group::Pre task execution logs
[2025-05-06T00:04:47.688+0000] {taskinstance.py:2612} INFO - Dependencies all met for dep_context=non-requeueable deps ti=<TaskInstance: dbt_sequential_run.dbt_run_intermediate manual__2025-05-06T00:04:35.922172+00:00 [queued]>
[2025-05-06T00:04:47.694+0000] {taskinstance.py:2612} INFO - Dependencies all met for dep_context=requeueable deps ti=<TaskInstance: dbt_sequential_run.dbt_run_intermediate manual__2025-05-06T00:04:35.922172+00:00 [queued]>
[2025-05-06T00:04:47.695+0000] {taskinstance.py:2865} INFO - Starting attempt 1 of 2
[2025-05-06T00:04:47.703+0000] {taskinstance.py:2888} INFO - Executing <Task(BashOperator): dbt_run_intermediate> on 2025-05-06 00:04:35.922172+00:00
[2025-05-06T00:04:47.709+0000] {standard_task_runner.py:104} INFO - Running: ['***', 'tasks', 'run', 'dbt_sequential_run', 'dbt_run_intermediate', 'manual__2025-05-06T00:04:35.922172+00:00', '--job-id', '51', '--raw', '--subdir', 'DAGS_FOLDER/dbt_run_dag.py', '--cfg-path', '/tmp/tmpikaalzie']
[2025-05-06T00:04:47.710+0000] {logging_mixin.py:190} WARNING - /home/***/.local/lib/python3.12/site-packages/***/task/task_runner/standard_task_runner.py:70 DeprecationWarning: This process (pid=2458) is multi-threaded, use of fork() may lead to deadlocks in the child.
[2025-05-06T00:04:47.711+0000] {standard_task_runner.py:105} INFO - Job 51: Subtask dbt_run_intermediate
[2025-05-06T00:04:47.712+0000] {standard_task_runner.py:72} INFO - Started process 2459 to run task
[2025-05-06T00:04:47.744+0000] {task_command.py:467} INFO - Running <TaskInstance: dbt_sequential_run.dbt_run_intermediate manual__2025-05-06T00:04:35.922172+00:00 [running]> on host 5f6a5c55bc08
[2025-05-06T00:04:47.794+0000] {taskinstance.py:3131} INFO - Exporting env vars: AIRFLOW_CTX_DAG_OWNER='***' AIRFLOW_CTX_DAG_ID='dbt_sequential_run' AIRFLOW_CTX_TASK_ID='dbt_run_intermediate' AIRFLOW_CTX_EXECUTION_DATE='2025-05-06T00:04:35.922172+00:00' AIRFLOW_CTX_TRY_NUMBER='1' AIRFLOW_CTX_DAG_RUN_ID='manual__2025-05-06T00:04:35.922172+00:00'
[2025-05-06T00:04:47.795+0000] {taskinstance.py:731} INFO - ::endgroup::
[2025-05-06T00:04:47.806+0000] {subprocess.py:63} INFO - Tmp dir root location: /tmp
[2025-05-06T00:04:47.807+0000] {subprocess.py:75} INFO - Running command: ['/usr/bin/bash', '-c', '/home/***/.local/bin/dbt run --profiles-dir /opt/***/dbt --project-dir /opt/***/dbt --select intermediate']
[2025-05-06T00:04:47.812+0000] {subprocess.py:86} INFO - Output:
[2025-05-06T00:04:49.193+0000] {subprocess.py:93} INFO - [0m00:04:49  Running with dbt=1.8.7
[2025-05-06T00:04:50.122+0000] {subprocess.py:93} INFO - [0m00:04:50  Registered adapter: snowflake=1.8.1
[2025-05-06T00:04:50.813+0000] {subprocess.py:93} INFO - [0m00:04:50  Found 12 models, 10 data tests, 7 sources, 459 macros
[2025-05-06T00:04:50.815+0000] {subprocess.py:93} INFO - [0m00:04:50
[2025-05-06T00:04:52.115+0000] {subprocess.py:93} INFO - [0m00:04:52  Concurrency: 4 threads (target='dev')
[2025-05-06T00:04:52.116+0000] {subprocess.py:93} INFO - [0m00:04:52
[2025-05-06T00:04:52.128+0000] {subprocess.py:93} INFO - [0m00:04:52  1 of 1 START sql view model RAW_public.int_customer_enriched ................... [RUN]
[2025-05-06T00:04:53.504+0000] {subprocess.py:93} INFO - [0m00:04:53  1 of 1 OK created sql view model RAW_public.int_customer_enriched .............. [[32mSUCCESS 1[0m in 1.37s]
[2025-05-06T00:04:53.515+0000] {subprocess.py:93} INFO - [0m00:04:53
[2025-05-06T00:04:53.516+0000] {subprocess.py:93} INFO - [0m00:04:53  Finished running 1 view model in 0 hours 0 minutes and 2.70 seconds (2.70s).
[2025-05-06T00:04:53.602+0000] {subprocess.py:93} INFO - [0m00:04:53
[2025-05-06T00:04:53.603+0000] {subprocess.py:93} INFO - [0m00:04:53  [32mCompleted successfully[0m
[2025-05-06T00:04:53.604+0000] {subprocess.py:93} INFO - [0m00:04:53
[2025-05-06T00:04:53.605+0000] {subprocess.py:93} INFO - [0m00:04:53  Done. PASS=1 WARN=0 ERROR=0 SKIP=0 TOTAL=1
[2025-05-06T00:04:54.236+0000] {subprocess.py:97} INFO - Command exited with return code 0
[2025-05-06T00:04:54.257+0000] {taskinstance.py:340} INFO - ::group::Post task execution logs
[2025-05-06T00:04:54.258+0000] {taskinstance.py:352} INFO - Marking task as SUCCESS. dag_id=dbt_sequential_run, task_id=dbt_run_intermediate, run_id=manual__2025-05-06T00:04:35.922172+00:00, execution_date=20250506T000435, start_date=20250506T000447, end_date=20250506T000454
[2025-05-06T00:04:54.301+0000] {local_task_job_runner.py:266} INFO - Task exited with return code 0
[2025-05-06T00:04:54.321+0000] {taskinstance.py:3900} INFO - 1 downstream tasks scheduled from follow-on schedule check
[2025-05-06T00:04:54.324+0000] {local_task_job_runner.py:245} INFO - ::endgroup::
