[2025-05-05T23:44:45.194+0000] {local_task_job_runner.py:123} INFO - ::group::Pre task execution logs
[2025-05-05T23:44:45.208+0000] {taskinstance.py:2612} INFO - Dependencies all met for dep_context=non-requeueable deps ti=<TaskInstance: dbt_sequential_run.dbt_run_staging manual__2025-05-05T23:39:36.223369+00:00 [queued]>
[2025-05-05T23:44:45.215+0000] {taskinstance.py:2612} INFO - Dependencies all met for dep_context=requeueable deps ti=<TaskInstance: dbt_sequential_run.dbt_run_staging manual__2025-05-05T23:39:36.223369+00:00 [queued]>
[2025-05-05T23:44:45.216+0000] {taskinstance.py:2865} INFO - Starting attempt 1 of 2
[2025-05-05T23:44:45.227+0000] {taskinstance.py:2888} INFO - Executing <Task(BashOperator): dbt_run_staging> on 2025-05-05 23:39:36.223369+00:00
[2025-05-05T23:44:45.238+0000] {standard_task_runner.py:104} INFO - Running: ['***', 'tasks', 'run', 'dbt_sequential_run', 'dbt_run_staging', 'manual__2025-05-05T23:39:36.223369+00:00', '--job-id', '22', '--raw', '--subdir', 'DAGS_FOLDER/dbt_run_dag.py', '--cfg-path', '/tmp/tmpn_9e62go']
[2025-05-05T23:44:45.241+0000] {logging_mixin.py:190} WARNING - /home/***/.local/lib/python3.12/site-packages/***/task/task_runner/standard_task_runner.py:70 DeprecationWarning: This process (pid=818) is multi-threaded, use of fork() may lead to deadlocks in the child.
[2025-05-05T23:44:45.244+0000] {standard_task_runner.py:105} INFO - Job 22: Subtask dbt_run_staging
[2025-05-05T23:44:45.245+0000] {standard_task_runner.py:72} INFO - Started process 819 to run task
[2025-05-05T23:44:45.298+0000] {task_command.py:467} INFO - Running <TaskInstance: dbt_sequential_run.dbt_run_staging manual__2025-05-05T23:39:36.223369+00:00 [running]> on host 5f6a5c55bc08
[2025-05-05T23:44:45.372+0000] {taskinstance.py:3131} INFO - Exporting env vars: AIRFLOW_CTX_DAG_OWNER='***' AIRFLOW_CTX_DAG_ID='dbt_sequential_run' AIRFLOW_CTX_TASK_ID='dbt_run_staging' AIRFLOW_CTX_EXECUTION_DATE='2025-05-05T23:39:36.223369+00:00' AIRFLOW_CTX_TRY_NUMBER='1' AIRFLOW_CTX_DAG_RUN_ID='manual__2025-05-05T23:39:36.223369+00:00'
[2025-05-05T23:44:45.374+0000] {taskinstance.py:731} INFO - ::endgroup::
[2025-05-05T23:44:45.391+0000] {subprocess.py:63} INFO - Tmp dir root location: /tmp
[2025-05-05T23:44:45.395+0000] {subprocess.py:75} INFO - Running command: ['/usr/bin/bash', '-c', '/home/***/.local/bin/dbt run --profiles-dir /opt/***/dbt --project-dir /opt/***/dbt --select staging']
[2025-05-05T23:44:45.404+0000] {subprocess.py:86} INFO - Output:
[2025-05-05T23:44:47.813+0000] {subprocess.py:93} INFO - [0m23:44:47  Running with dbt=1.8.7
[2025-05-05T23:44:49.061+0000] {subprocess.py:93} INFO - [0m23:44:49  Registered adapter: snowflake=1.8.1
[2025-05-05T23:44:50.305+0000] {subprocess.py:93} INFO - [0m23:44:50  Found 12 models, 10 data tests, 7 sources, 459 macros
[2025-05-05T23:44:50.308+0000] {subprocess.py:93} INFO - [0m23:44:50
[2025-05-05T23:44:52.325+0000] {subprocess.py:93} INFO - [0m23:44:52  Concurrency: 4 threads (target='dev')
[2025-05-05T23:44:52.326+0000] {subprocess.py:93} INFO - [0m23:44:52
[2025-05-05T23:44:52.341+0000] {subprocess.py:93} INFO - [0m23:44:52  1 of 6 START sql view model RAW_public.stg_address ............................. [RUN]
[2025-05-05T23:44:52.343+0000] {subprocess.py:93} INFO - [0m23:44:52  2 of 6 START sql view model RAW_public.stg_autoinsurance_churn ................. [RUN]
[2025-05-05T23:44:52.345+0000] {subprocess.py:93} INFO - [0m23:44:52  3 of 6 START sql view model RAW_public.stg_customer ............................ [RUN]
[2025-05-05T23:44:52.346+0000] {subprocess.py:93} INFO - [0m23:44:52  4 of 6 START sql view model RAW_public.stg_demographic ......................... [RUN]
[2025-05-05T23:44:53.229+0000] {subprocess.py:93} INFO - [0m23:44:53  3 of 6 OK created sql view model RAW_public.stg_customer ....................... [[32mSUCCESS 1[0m in 0.88s]
[2025-05-05T23:44:53.234+0000] {subprocess.py:93} INFO - [0m23:44:53  5 of 6 START sql view model RAW_public.stg_termination ......................... [RUN]
[2025-05-05T23:44:53.909+0000] {subprocess.py:93} INFO - [0m23:44:53  4 of 6 OK created sql view model RAW_public.stg_demographic .................... [[32mSUCCESS 1[0m in 1.55s]
[2025-05-05T23:44:53.914+0000] {subprocess.py:93} INFO - [0m23:44:53  1 of 6 OK created sql view model RAW_public.stg_address ........................ [[32mSUCCESS 1[0m in 1.56s]
[2025-05-05T23:44:53.926+0000] {subprocess.py:93} INFO - [0m23:44:53  6 of 6 START sql view model RAW_public.stg_turning_movement .................... [RUN]
[2025-05-05T23:44:53.951+0000] {subprocess.py:93} INFO - [0m23:44:53  2 of 6 OK created sql view model RAW_public.stg_autoinsurance_churn ............ [[32mSUCCESS 1[0m in 1.60s]
[2025-05-05T23:44:54.005+0000] {subprocess.py:93} INFO - [0m23:44:54  5 of 6 OK created sql view model RAW_public.stg_termination .................... [[32mSUCCESS 1[0m in 0.77s]
[2025-05-05T23:44:54.822+0000] {subprocess.py:93} INFO - [0m23:44:54  6 of 6 OK created sql view model RAW_public.stg_turning_movement ............... [[32mSUCCESS 1[0m in 0.89s]
[2025-05-05T23:44:54.848+0000] {subprocess.py:93} INFO - [0m23:44:54
[2025-05-05T23:44:54.850+0000] {subprocess.py:93} INFO - [0m23:44:54  Finished running 6 view models in 0 hours 0 minutes and 4.54 seconds (4.54s).
[2025-05-05T23:44:54.994+0000] {subprocess.py:93} INFO - [0m23:44:54
[2025-05-05T23:44:54.994+0000] {subprocess.py:93} INFO - [0m23:44:54  [32mCompleted successfully[0m
[2025-05-05T23:44:54.996+0000] {subprocess.py:93} INFO - [0m23:44:54
[2025-05-05T23:44:54.998+0000] {subprocess.py:93} INFO - [0m23:44:54  Done. PASS=6 WARN=0 ERROR=0 SKIP=0 TOTAL=6
[2025-05-05T23:44:55.866+0000] {subprocess.py:97} INFO - Command exited with return code 0
[2025-05-05T23:44:55.898+0000] {taskinstance.py:340} INFO - ::group::Post task execution logs
[2025-05-05T23:44:55.899+0000] {taskinstance.py:352} INFO - Marking task as SUCCESS. dag_id=dbt_sequential_run, task_id=dbt_run_staging, run_id=manual__2025-05-05T23:39:36.223369+00:00, execution_date=20250505T233936, start_date=20250505T234445, end_date=20250505T234455
[2025-05-05T23:44:55.927+0000] {local_task_job_runner.py:266} INFO - Task exited with return code 0
[2025-05-05T23:44:55.962+0000] {taskinstance.py:3900} INFO - 1 downstream tasks scheduled from follow-on schedule check
[2025-05-05T23:44:55.966+0000] {local_task_job_runner.py:245} INFO - ::endgroup::
