[2025-05-05T23:44:56.759+0000] {local_task_job_runner.py:123} INFO - ::group::Pre task execution logs
[2025-05-05T23:44:56.775+0000] {taskinstance.py:2612} INFO - Dependencies all met for dep_context=non-requeueable deps ti=<TaskInstance: dbt_sequential_run.dbt_run_intermediate manual__2025-05-05T23:39:36.223369+00:00 [queued]>
[2025-05-05T23:44:56.782+0000] {taskinstance.py:2612} INFO - Dependencies all met for dep_context=requeueable deps ti=<TaskInstance: dbt_sequential_run.dbt_run_intermediate manual__2025-05-05T23:39:36.223369+00:00 [queued]>
[2025-05-05T23:44:56.785+0000] {taskinstance.py:2865} INFO - Starting attempt 1 of 2
[2025-05-05T23:44:56.815+0000] {taskinstance.py:2888} INFO - Executing <Task(BashOperator): dbt_run_intermediate> on 2025-05-05 23:39:36.223369+00:00
[2025-05-05T23:44:56.823+0000] {standard_task_runner.py:104} INFO - Running: ['***', 'tasks', 'run', 'dbt_sequential_run', 'dbt_run_intermediate', 'manual__2025-05-05T23:39:36.223369+00:00', '--job-id', '23', '--raw', '--subdir', 'DAGS_FOLDER/dbt_run_dag.py', '--cfg-path', '/tmp/tmp764xhzpw']
[2025-05-05T23:44:56.826+0000] {logging_mixin.py:190} WARNING - /home/***/.local/lib/python3.12/site-packages/***/task/task_runner/standard_task_runner.py:70 DeprecationWarning: This process (pid=870) is multi-threaded, use of fork() may lead to deadlocks in the child.
[2025-05-05T23:44:56.838+0000] {standard_task_runner.py:105} INFO - Job 23: Subtask dbt_run_intermediate
[2025-05-05T23:44:56.841+0000] {standard_task_runner.py:72} INFO - Started process 871 to run task
[2025-05-05T23:44:56.898+0000] {task_command.py:467} INFO - Running <TaskInstance: dbt_sequential_run.dbt_run_intermediate manual__2025-05-05T23:39:36.223369+00:00 [running]> on host 5f6a5c55bc08
[2025-05-05T23:44:56.968+0000] {taskinstance.py:3131} INFO - Exporting env vars: AIRFLOW_CTX_DAG_OWNER='***' AIRFLOW_CTX_DAG_ID='dbt_sequential_run' AIRFLOW_CTX_TASK_ID='dbt_run_intermediate' AIRFLOW_CTX_EXECUTION_DATE='2025-05-05T23:39:36.223369+00:00' AIRFLOW_CTX_TRY_NUMBER='1' AIRFLOW_CTX_DAG_RUN_ID='manual__2025-05-05T23:39:36.223369+00:00'
[2025-05-05T23:44:56.970+0000] {taskinstance.py:731} INFO - ::endgroup::
[2025-05-05T23:44:56.986+0000] {subprocess.py:63} INFO - Tmp dir root location: /tmp
[2025-05-05T23:44:56.988+0000] {subprocess.py:75} INFO - Running command: ['/usr/bin/bash', '-c', '/home/***/.local/bin/dbt run --profiles-dir /opt/***/dbt --project-dir /opt/***/dbt --select intermediate']
[2025-05-05T23:44:56.996+0000] {subprocess.py:86} INFO - Output:
[2025-05-05T23:44:59.507+0000] {subprocess.py:93} INFO - [0m23:44:59  Running with dbt=1.8.7
[2025-05-05T23:45:00.756+0000] {subprocess.py:93} INFO - [0m23:45:00  Registered adapter: snowflake=1.8.1
[2025-05-05T23:45:02.117+0000] {subprocess.py:93} INFO - [0m23:45:02  Found 12 models, 10 data tests, 7 sources, 459 macros
[2025-05-05T23:45:02.129+0000] {subprocess.py:93} INFO - [0m23:45:02
[2025-05-05T23:45:04.448+0000] {subprocess.py:93} INFO - [0m23:45:04  Concurrency: 4 threads (target='dev')
[2025-05-05T23:45:04.450+0000] {subprocess.py:93} INFO - [0m23:45:04
[2025-05-05T23:45:04.473+0000] {subprocess.py:93} INFO - [0m23:45:04  1 of 1 START sql view model RAW_public.int_customer_enriched ................... [RUN]
[2025-05-05T23:45:06.269+0000] {subprocess.py:93} INFO - [0m23:45:06  1 of 1 OK created sql view model RAW_public.int_customer_enriched .............. [[32mSUCCESS 1[0m in 1.79s]
[2025-05-05T23:45:06.275+0000] {subprocess.py:93} INFO - [0m23:45:06
[2025-05-05T23:45:06.276+0000] {subprocess.py:93} INFO - [0m23:45:06  Finished running 1 view model in 0 hours 0 minutes and 4.14 seconds (4.14s).
[2025-05-05T23:45:06.401+0000] {subprocess.py:93} INFO - [0m23:45:06
[2025-05-05T23:45:06.402+0000] {subprocess.py:93} INFO - [0m23:45:06  [32mCompleted successfully[0m
[2025-05-05T23:45:06.403+0000] {subprocess.py:93} INFO - [0m23:45:06
[2025-05-05T23:45:06.403+0000] {subprocess.py:93} INFO - [0m23:45:06  Done. PASS=1 WARN=0 ERROR=0 SKIP=0 TOTAL=1
[2025-05-05T23:45:07.196+0000] {subprocess.py:97} INFO - Command exited with return code 0
[2025-05-05T23:45:07.222+0000] {taskinstance.py:340} INFO - ::group::Post task execution logs
[2025-05-05T23:45:07.223+0000] {taskinstance.py:352} INFO - Marking task as SUCCESS. dag_id=dbt_sequential_run, task_id=dbt_run_intermediate, run_id=manual__2025-05-05T23:39:36.223369+00:00, execution_date=20250505T233936, start_date=20250505T234456, end_date=20250505T234507
[2025-05-05T23:45:07.279+0000] {local_task_job_runner.py:266} INFO - Task exited with return code 0
[2025-05-05T23:45:07.309+0000] {taskinstance.py:3900} INFO - 1 downstream tasks scheduled from follow-on schedule check
[2025-05-05T23:45:07.316+0000] {local_task_job_runner.py:245} INFO - ::endgroup::
