[2025-05-06T00:04:55.035+0000] {local_task_job_runner.py:123} INFO - ::group::Pre task execution logs
[2025-05-06T00:04:55.046+0000] {taskinstance.py:2612} INFO - Dependencies all met for dep_context=non-requeueable deps ti=<TaskInstance: dbt_sequential_run.dbt_run_marts manual__2025-05-06T00:04:35.922172+00:00 [queued]>
[2025-05-06T00:04:55.053+0000] {taskinstance.py:2612} INFO - Dependencies all met for dep_context=requeueable deps ti=<TaskInstance: dbt_sequential_run.dbt_run_marts manual__2025-05-06T00:04:35.922172+00:00 [queued]>
[2025-05-06T00:04:55.054+0000] {taskinstance.py:2865} INFO - Starting attempt 1 of 2
[2025-05-06T00:04:55.064+0000] {taskinstance.py:2888} INFO - Executing <Task(BashOperator): dbt_run_marts> on 2025-05-06 00:04:35.922172+00:00
[2025-05-06T00:04:55.070+0000] {logging_mixin.py:190} WARNING - /home/***/.local/lib/python3.12/site-packages/***/task/task_runner/standard_task_runner.py:70 DeprecationWarning: This process (pid=2505) is multi-threaded, use of fork() may lead to deadlocks in the child.
[2025-05-06T00:04:55.069+0000] {standard_task_runner.py:104} INFO - Running: ['***', 'tasks', 'run', 'dbt_sequential_run', 'dbt_run_marts', 'manual__2025-05-06T00:04:35.922172+00:00', '--job-id', '52', '--raw', '--subdir', 'DAGS_FOLDER/dbt_run_dag.py', '--cfg-path', '/tmp/tmp5buf5izg']
[2025-05-06T00:04:55.072+0000] {standard_task_runner.py:72} INFO - Started process 2506 to run task
[2025-05-06T00:04:55.072+0000] {standard_task_runner.py:105} INFO - Job 52: Subtask dbt_run_marts
[2025-05-06T00:04:55.107+0000] {task_command.py:467} INFO - Running <TaskInstance: dbt_sequential_run.dbt_run_marts manual__2025-05-06T00:04:35.922172+00:00 [running]> on host 5f6a5c55bc08
[2025-05-06T00:04:55.165+0000] {taskinstance.py:3131} INFO - Exporting env vars: AIRFLOW_CTX_DAG_OWNER='***' AIRFLOW_CTX_DAG_ID='dbt_sequential_run' AIRFLOW_CTX_TASK_ID='dbt_run_marts' AIRFLOW_CTX_EXECUTION_DATE='2025-05-06T00:04:35.922172+00:00' AIRFLOW_CTX_TRY_NUMBER='1' AIRFLOW_CTX_DAG_RUN_ID='manual__2025-05-06T00:04:35.922172+00:00'
[2025-05-06T00:04:55.166+0000] {taskinstance.py:731} INFO - ::endgroup::
[2025-05-06T00:04:55.177+0000] {subprocess.py:63} INFO - Tmp dir root location: /tmp
[2025-05-06T00:04:55.178+0000] {subprocess.py:75} INFO - Running command: ['/usr/bin/bash', '-c', '/home/***/.local/bin/dbt run --profiles-dir /opt/***/dbt --project-dir /opt/***/dbt --select marts']
[2025-05-06T00:04:55.185+0000] {subprocess.py:86} INFO - Output:
[2025-05-06T00:04:58.074+0000] {subprocess.py:93} INFO - [0m00:04:58  Running with dbt=1.8.7
[2025-05-06T00:04:58.819+0000] {subprocess.py:93} INFO - [0m00:04:58  Registered adapter: snowflake=1.8.1
[2025-05-06T00:04:59.421+0000] {subprocess.py:93} INFO - [0m00:04:59  Found 12 models, 10 data tests, 7 sources, 459 macros
[2025-05-06T00:04:59.423+0000] {subprocess.py:93} INFO - [0m00:04:59
[2025-05-06T00:05:01.935+0000] {subprocess.py:93} INFO - [0m00:05:01  Concurrency: 4 threads (target='dev')
[2025-05-06T00:05:01.935+0000] {subprocess.py:93} INFO - [0m00:05:01
[2025-05-06T00:05:01.952+0000] {subprocess.py:93} INFO - [0m00:05:01  1 of 5 START sql table model RAW_public.dim_address ............................ [RUN]
[2025-05-06T00:05:01.953+0000] {subprocess.py:93} INFO - [0m00:05:01  2 of 5 START sql table model RAW_public.dim_customer ........................... [RUN]
[2025-05-06T00:05:01.954+0000] {subprocess.py:93} INFO - [0m00:05:01  3 of 5 START sql incremental model RAW_public.fact_churn ....................... [RUN]
[2025-05-06T00:05:04.958+0000] {subprocess.py:93} INFO - [0m00:05:04  3 of 5 OK created sql incremental model RAW_public.fact_churn .................. [[32mSUCCESS 0[0m in 3.00s]
[2025-05-06T00:05:04.961+0000] {subprocess.py:93} INFO - [0m00:05:04  4 of 5 START sql table model RAW_public.churn_metrics .......................... [RUN]
[2025-05-06T00:05:06.018+0000] {subprocess.py:93} INFO - [0m00:05:06  2 of 5 OK created sql table model RAW_public.dim_customer ...................... [[32mSUCCESS 1[0m in 4.06s]
[2025-05-06T00:05:06.418+0000] {subprocess.py:93} INFO - [0m00:05:06  1 of 5 OK created sql table model RAW_public.dim_address ....................... [[32mSUCCESS 1[0m in 4.46s]
[2025-05-06T00:05:06.422+0000] {subprocess.py:93} INFO - [0m00:05:06  5 of 5 START sql table model RAW_public.churn_map .............................. [RUN]
[2025-05-06T00:05:08.213+0000] {subprocess.py:93} INFO - [0m00:05:08  5 of 5 OK created sql table model RAW_public.churn_map ......................... [[32mSUCCESS 1[0m in 1.77s]
[2025-05-06T00:05:08.225+0000] {subprocess.py:93} INFO - [0m00:05:08  4 of 5 OK created sql table model RAW_public.churn_metrics ..................... [[32mSUCCESS 1[0m in 3.26s]
[2025-05-06T00:05:08.237+0000] {subprocess.py:93} INFO - [0m00:05:08
[2025-05-06T00:05:08.239+0000] {subprocess.py:93} INFO - [0m00:05:08  Finished running 1 incremental model, 4 table models in 0 hours 0 minutes and 8.81 seconds (8.81s).
[2025-05-06T00:05:08.351+0000] {subprocess.py:93} INFO - [0m00:05:08
[2025-05-06T00:05:08.353+0000] {subprocess.py:93} INFO - [0m00:05:08  [32mCompleted successfully[0m
[2025-05-06T00:05:08.358+0000] {subprocess.py:93} INFO - [0m00:05:08
[2025-05-06T00:05:08.361+0000] {subprocess.py:93} INFO - [0m00:05:08  Done. PASS=5 WARN=0 ERROR=0 SKIP=0 TOTAL=5
[2025-05-06T00:05:09.048+0000] {subprocess.py:97} INFO - Command exited with return code 0
[2025-05-06T00:05:09.067+0000] {taskinstance.py:340} INFO - ::group::Post task execution logs
[2025-05-06T00:05:09.067+0000] {taskinstance.py:352} INFO - Marking task as SUCCESS. dag_id=dbt_sequential_run, task_id=dbt_run_marts, run_id=manual__2025-05-06T00:04:35.922172+00:00, execution_date=20250506T000435, start_date=20250506T000455, end_date=20250506T000509
[2025-05-06T00:05:09.124+0000] {local_task_job_runner.py:266} INFO - Task exited with return code 0
[2025-05-06T00:05:09.165+0000] {taskinstance.py:3900} INFO - 1 downstream tasks scheduled from follow-on schedule check
[2025-05-06T00:05:09.177+0000] {local_task_job_runner.py:245} INFO - ::endgroup::
