[2025-05-05T23:59:03.382+0000] {local_task_job_runner.py:123} INFO - ::group::Pre task execution logs
[2025-05-05T23:59:03.401+0000] {taskinstance.py:2612} INFO - Dependencies all met for dep_context=non-requeueable deps ti=<TaskInstance: dbt_sequential_run.dbt_run_staging manual__2025-05-05T23:53:52.064784+00:00 [queued]>
[2025-05-05T23:59:03.407+0000] {taskinstance.py:2612} INFO - Dependencies all met for dep_context=requeueable deps ti=<TaskInstance: dbt_sequential_run.dbt_run_staging manual__2025-05-05T23:53:52.064784+00:00 [queued]>
[2025-05-05T23:59:03.408+0000] {taskinstance.py:2865} INFO - Starting attempt 1 of 2
[2025-05-05T23:59:03.417+0000] {taskinstance.py:2888} INFO - Executing <Task(BashOperator): dbt_run_staging> on 2025-05-05 23:53:52.064784+00:00
[2025-05-05T23:59:03.423+0000] {standard_task_runner.py:104} INFO - Running: ['***', 'tasks', 'run', 'dbt_sequential_run', 'dbt_run_staging', 'manual__2025-05-05T23:53:52.064784+00:00', '--job-id', '41', '--raw', '--subdir', 'DAGS_FOLDER/dbt_run_dag.py', '--cfg-path', '/tmp/tmpr603fg0m']
[2025-05-05T23:59:03.425+0000] {standard_task_runner.py:105} INFO - Job 41: Subtask dbt_run_staging
[2025-05-05T23:59:03.425+0000] {logging_mixin.py:190} WARNING - /home/***/.local/lib/python3.12/site-packages/***/task/task_runner/standard_task_runner.py:70 DeprecationWarning: This process (pid=1898) is multi-threaded, use of fork() may lead to deadlocks in the child.
[2025-05-05T23:59:03.427+0000] {standard_task_runner.py:72} INFO - Started process 1899 to run task
[2025-05-05T23:59:03.458+0000] {task_command.py:467} INFO - Running <TaskInstance: dbt_sequential_run.dbt_run_staging manual__2025-05-05T23:53:52.064784+00:00 [running]> on host 5f6a5c55bc08
[2025-05-05T23:59:03.513+0000] {taskinstance.py:3131} INFO - Exporting env vars: AIRFLOW_CTX_DAG_OWNER='***' AIRFLOW_CTX_DAG_ID='dbt_sequential_run' AIRFLOW_CTX_TASK_ID='dbt_run_staging' AIRFLOW_CTX_EXECUTION_DATE='2025-05-05T23:53:52.064784+00:00' AIRFLOW_CTX_TRY_NUMBER='1' AIRFLOW_CTX_DAG_RUN_ID='manual__2025-05-05T23:53:52.064784+00:00'
[2025-05-05T23:59:03.518+0000] {taskinstance.py:731} INFO - ::endgroup::
[2025-05-05T23:59:03.542+0000] {subprocess.py:63} INFO - Tmp dir root location: /tmp
[2025-05-05T23:59:03.544+0000] {subprocess.py:75} INFO - Running command: ['/usr/bin/bash', '-c', '/home/***/.local/bin/dbt run --profiles-dir /opt/***/dbt --project-dir /opt/***/dbt --select staging']
[2025-05-05T23:59:03.558+0000] {subprocess.py:86} INFO - Output:
[2025-05-05T23:59:05.769+0000] {subprocess.py:93} INFO - [0m23:59:05  Running with dbt=1.8.7
[2025-05-05T23:59:06.825+0000] {subprocess.py:93} INFO - [0m23:59:06  Registered adapter: snowflake=1.8.1
[2025-05-05T23:59:08.784+0000] {subprocess.py:93} INFO - [0m23:59:08  Found 12 models, 10 data tests, 7 sources, 459 macros
[2025-05-05T23:59:08.791+0000] {subprocess.py:93} INFO - [0m23:59:08
[2025-05-05T23:59:11.759+0000] {subprocess.py:93} INFO - [0m23:59:11  Concurrency: 4 threads (target='dev')
[2025-05-05T23:59:11.760+0000] {subprocess.py:93} INFO - [0m23:59:11
[2025-05-05T23:59:11.780+0000] {subprocess.py:93} INFO - [0m23:59:11  1 of 6 START sql view model RAW_public.stg_address ............................. [RUN]
[2025-05-05T23:59:11.784+0000] {subprocess.py:93} INFO - [0m23:59:11  2 of 6 START sql view model RAW_public.stg_autoinsurance_churn ................. [RUN]
[2025-05-05T23:59:11.785+0000] {subprocess.py:93} INFO - [0m23:59:11  3 of 6 START sql view model RAW_public.stg_customer ............................ [RUN]
[2025-05-05T23:59:11.789+0000] {subprocess.py:93} INFO - [0m23:59:11  4 of 6 START sql view model RAW_public.stg_demographic ......................... [RUN]
[2025-05-05T23:59:13.202+0000] {subprocess.py:93} INFO - [0m23:59:13  1 of 6 OK created sql view model RAW_public.stg_address ........................ [[32mSUCCESS 1[0m in 1.41s]
[2025-05-05T23:59:13.211+0000] {subprocess.py:93} INFO - [0m23:59:13  5 of 6 START sql view model RAW_public.stg_termination ......................... [RUN]
[2025-05-05T23:59:13.263+0000] {subprocess.py:93} INFO - [0m23:59:13  3 of 6 OK created sql view model RAW_public.stg_customer ....................... [[32mSUCCESS 1[0m in 1.46s]
[2025-05-05T23:59:13.296+0000] {subprocess.py:93} INFO - [0m23:59:13  6 of 6 START sql view model RAW_public.stg_turning_movement .................... [RUN]
[2025-05-05T23:59:13.307+0000] {subprocess.py:93} INFO - [0m23:59:13  4 of 6 OK created sql view model RAW_public.stg_demographic .................... [[32mSUCCESS 1[0m in 1.50s]
[2025-05-05T23:59:13.351+0000] {subprocess.py:93} INFO - [0m23:59:13  2 of 6 OK created sql view model RAW_public.stg_autoinsurance_churn ............ [[32mSUCCESS 1[0m in 1.56s]
[2025-05-05T23:59:14.141+0000] {subprocess.py:93} INFO - [0m23:59:14  5 of 6 OK created sql view model RAW_public.stg_termination .................... [[32mSUCCESS 1[0m in 0.92s]
[2025-05-05T23:59:14.144+0000] {subprocess.py:93} INFO - [0m23:59:14  6 of 6 OK created sql view model RAW_public.stg_turning_movement ............... [[32mSUCCESS 1[0m in 0.83s]
[2025-05-05T23:59:14.157+0000] {subprocess.py:93} INFO - [0m23:59:14
[2025-05-05T23:59:14.158+0000] {subprocess.py:93} INFO - [0m23:59:14  Finished running 6 view models in 0 hours 0 minutes and 5.36 seconds (5.36s).
[2025-05-05T23:59:14.315+0000] {subprocess.py:93} INFO - [0m23:59:14
[2025-05-05T23:59:14.316+0000] {subprocess.py:93} INFO - [0m23:59:14  [32mCompleted successfully[0m
[2025-05-05T23:59:14.317+0000] {subprocess.py:93} INFO - [0m23:59:14
[2025-05-05T23:59:14.318+0000] {subprocess.py:93} INFO - [0m23:59:14  Done. PASS=6 WARN=0 ERROR=0 SKIP=0 TOTAL=6
[2025-05-05T23:59:15.220+0000] {subprocess.py:97} INFO - Command exited with return code 0
[2025-05-05T23:59:15.277+0000] {taskinstance.py:340} INFO - ::group::Post task execution logs
[2025-05-05T23:59:15.296+0000] {taskinstance.py:352} INFO - Marking task as SUCCESS. dag_id=dbt_sequential_run, task_id=dbt_run_staging, run_id=manual__2025-05-05T23:53:52.064784+00:00, execution_date=20250505T235352, start_date=20250505T235903, end_date=20250505T235915
[2025-05-05T23:59:15.345+0000] {local_task_job_runner.py:266} INFO - Task exited with return code 0
[2025-05-05T23:59:15.365+0000] {taskinstance.py:3900} INFO - 1 downstream tasks scheduled from follow-on schedule check
[2025-05-05T23:59:15.373+0000] {local_task_job_runner.py:245} INFO - ::endgroup::
