[2025-05-06T00:28:34.965+0000] {local_task_job_runner.py:123} INFO - ::group::Pre task execution logs
[2025-05-06T00:28:34.991+0000] {taskinstance.py:2612} INFO - Dependencies all met for dep_context=non-requeueable deps ti=<TaskInstance: dbt_sequential_run.dbt_run_staging manual__2025-05-06T00:04:35.922172+00:00 [queued]>
[2025-05-06T00:28:35.049+0000] {taskinstance.py:2612} INFO - Dependencies all met for dep_context=requeueable deps ti=<TaskInstance: dbt_sequential_run.dbt_run_staging manual__2025-05-06T00:04:35.922172+00:00 [queued]>
[2025-05-06T00:28:35.069+0000] {taskinstance.py:2865} INFO - Starting attempt 2 of 3
[2025-05-06T00:28:35.099+0000] {taskinstance.py:2888} INFO - Executing <Task(BashOperator): dbt_run_staging> on 2025-05-06 00:04:35.922172+00:00
[2025-05-06T00:28:35.113+0000] {standard_task_runner.py:104} INFO - Running: ['***', 'tasks', 'run', 'dbt_sequential_run', 'dbt_run_staging', 'manual__2025-05-06T00:04:35.922172+00:00', '--job-id', '56', '--raw', '--subdir', 'DAGS_FOLDER/dbt_run_dag.py', '--cfg-path', '/tmp/tmp8m0rly3v']
[2025-05-06T00:28:35.117+0000] {standard_task_runner.py:105} INFO - Job 56: Subtask dbt_run_staging
[2025-05-06T00:28:35.123+0000] {logging_mixin.py:190} WARNING - /home/***/.local/lib/python3.12/site-packages/***/task/task_runner/standard_task_runner.py:70 DeprecationWarning: This process (pid=3137) is multi-threaded, use of fork() may lead to deadlocks in the child.
[2025-05-06T00:28:35.132+0000] {standard_task_runner.py:72} INFO - Started process 3138 to run task
[2025-05-06T00:28:35.176+0000] {task_command.py:467} INFO - Running <TaskInstance: dbt_sequential_run.dbt_run_staging manual__2025-05-06T00:04:35.922172+00:00 [running]> on host 5f6a5c55bc08
[2025-05-06T00:28:35.255+0000] {taskinstance.py:3131} INFO - Exporting env vars: AIRFLOW_CTX_DAG_OWNER='***' AIRFLOW_CTX_DAG_ID='dbt_sequential_run' AIRFLOW_CTX_TASK_ID='dbt_run_staging' AIRFLOW_CTX_EXECUTION_DATE='2025-05-06T00:04:35.922172+00:00' AIRFLOW_CTX_TRY_NUMBER='2' AIRFLOW_CTX_DAG_RUN_ID='manual__2025-05-06T00:04:35.922172+00:00'
[2025-05-06T00:28:35.257+0000] {taskinstance.py:731} INFO - ::endgroup::
[2025-05-06T00:28:35.272+0000] {subprocess.py:63} INFO - Tmp dir root location: /tmp
[2025-05-06T00:28:35.276+0000] {subprocess.py:75} INFO - Running command: ['/usr/bin/bash', '-c', '/home/***/.local/bin/dbt run --profiles-dir /opt/***/dbt --project-dir /opt/***/dbt --select staging']
[2025-05-06T00:28:35.288+0000] {subprocess.py:86} INFO - Output:
[2025-05-06T00:28:37.411+0000] {subprocess.py:93} INFO - [0m00:28:37  Running with dbt=1.8.7
[2025-05-06T00:28:40.006+0000] {subprocess.py:93} INFO - [0m00:28:40  Registered adapter: snowflake=1.8.1
[2025-05-06T00:28:42.559+0000] {subprocess.py:93} INFO - [0m00:28:42  Found 12 models, 10 data tests, 7 sources, 459 macros
[2025-05-06T00:28:42.566+0000] {subprocess.py:93} INFO - [0m00:28:42
[2025-05-06T00:28:44.342+0000] {subprocess.py:93} INFO - [0m00:28:44  Concurrency: 4 threads (target='dev')
[2025-05-06T00:28:44.386+0000] {subprocess.py:93} INFO - [0m00:28:44
[2025-05-06T00:28:44.405+0000] {subprocess.py:93} INFO - [0m00:28:44  1 of 6 START sql view model RAW_public.stg_address ............................. [RUN]
[2025-05-06T00:28:44.451+0000] {subprocess.py:93} INFO - [0m00:28:44  2 of 6 START sql view model RAW_public.stg_autoinsurance_churn ................. [RUN]
[2025-05-06T00:28:44.453+0000] {subprocess.py:93} INFO - [0m00:28:44  3 of 6 START sql view model RAW_public.stg_customer ............................ [RUN]
[2025-05-06T00:28:44.466+0000] {subprocess.py:93} INFO - [0m00:28:44  4 of 6 START sql view model RAW_public.stg_demographic ......................... [RUN]
[2025-05-06T00:28:45.608+0000] {subprocess.py:93} INFO - [0m00:28:45  1 of 6 OK created sql view model RAW_public.stg_address ........................ [[32mSUCCESS 1[0m in 1.14s]
[2025-05-06T00:28:45.611+0000] {subprocess.py:93} INFO - [0m00:28:45  5 of 6 START sql view model RAW_public.stg_termination ......................... [RUN]
[2025-05-06T00:28:45.622+0000] {subprocess.py:93} INFO - [0m00:28:45  3 of 6 OK created sql view model RAW_public.stg_customer ....................... [[32mSUCCESS 1[0m in 1.11s]
[2025-05-06T00:28:45.625+0000] {subprocess.py:93} INFO - [0m00:28:45  6 of 6 START sql view model RAW_public.stg_turning_movement .................... [RUN]
[2025-05-06T00:28:45.629+0000] {subprocess.py:93} INFO - [0m00:28:45  4 of 6 OK created sql view model RAW_public.stg_demographic .................... [[32mSUCCESS 1[0m in 1.11s]
[2025-05-06T00:28:45.851+0000] {subprocess.py:93} INFO - [0m00:28:45  2 of 6 OK created sql view model RAW_public.stg_autoinsurance_churn ............ [[32mSUCCESS 1[0m in 1.37s]
[2025-05-06T00:28:46.668+0000] {subprocess.py:93} INFO - [0m00:28:46  6 of 6 OK created sql view model RAW_public.stg_turning_movement ............... [[32mSUCCESS 1[0m in 1.04s]
[2025-05-06T00:28:46.845+0000] {subprocess.py:93} INFO - [0m00:28:46  5 of 6 OK created sql view model RAW_public.stg_termination .................... [[32mSUCCESS 1[0m in 1.23s]
[2025-05-06T00:28:46.853+0000] {subprocess.py:93} INFO - [0m00:28:46
[2025-05-06T00:28:46.854+0000] {subprocess.py:93} INFO - [0m00:28:46  Finished running 6 view models in 0 hours 0 minutes and 4.28 seconds (4.28s).
[2025-05-06T00:28:47.117+0000] {subprocess.py:93} INFO - [0m00:28:47
[2025-05-06T00:28:47.118+0000] {subprocess.py:93} INFO - [0m00:28:47  [32mCompleted successfully[0m
[2025-05-06T00:28:47.119+0000] {subprocess.py:93} INFO - [0m00:28:47
[2025-05-06T00:28:47.120+0000] {subprocess.py:93} INFO - [0m00:28:47  Done. PASS=6 WARN=0 ERROR=0 SKIP=0 TOTAL=6
[2025-05-06T00:28:48.002+0000] {subprocess.py:97} INFO - Command exited with return code 0
[2025-05-06T00:28:48.026+0000] {taskinstance.py:340} INFO - ::group::Post task execution logs
[2025-05-06T00:28:48.028+0000] {taskinstance.py:352} INFO - Marking task as SUCCESS. dag_id=dbt_sequential_run, task_id=dbt_run_staging, run_id=manual__2025-05-06T00:04:35.922172+00:00, execution_date=20250506T000435, start_date=20250506T002835, end_date=20250506T002848
[2025-05-06T00:28:48.072+0000] {local_task_job_runner.py:266} INFO - Task exited with return code 0
[2025-05-06T00:28:48.094+0000] {taskinstance.py:3900} INFO - 1 downstream tasks scheduled from follow-on schedule check
[2025-05-06T00:28:48.096+0000] {local_task_job_runner.py:245} INFO - ::endgroup::
