[2025-05-06T00:04:39.786+0000] {local_task_job_runner.py:123} INFO - ::group::Pre task execution logs
[2025-05-06T00:04:39.798+0000] {taskinstance.py:2612} INFO - Dependencies all met for dep_context=non-requeueable deps ti=<TaskInstance: dbt_sequential_run.dbt_run_staging manual__2025-05-06T00:04:35.922172+00:00 [queued]>
[2025-05-06T00:04:39.805+0000] {taskinstance.py:2612} INFO - Dependencies all met for dep_context=requeueable deps ti=<TaskInstance: dbt_sequential_run.dbt_run_staging manual__2025-05-06T00:04:35.922172+00:00 [queued]>
[2025-05-06T00:04:39.806+0000] {taskinstance.py:2865} INFO - Starting attempt 1 of 2
[2025-05-06T00:04:39.818+0000] {taskinstance.py:2888} INFO - Executing <Task(BashOperator): dbt_run_staging> on 2025-05-06 00:04:35.922172+00:00
[2025-05-06T00:04:39.824+0000] {standard_task_runner.py:104} INFO - Running: ['***', 'tasks', 'run', 'dbt_sequential_run', 'dbt_run_staging', 'manual__2025-05-06T00:04:35.922172+00:00', '--job-id', '50', '--raw', '--subdir', 'DAGS_FOLDER/dbt_run_dag.py', '--cfg-path', '/tmp/tmpihtwabzb']
[2025-05-06T00:04:39.826+0000] {logging_mixin.py:190} WARNING - /home/***/.local/lib/python3.12/site-packages/***/task/task_runner/standard_task_runner.py:70 DeprecationWarning: This process (pid=2411) is multi-threaded, use of fork() may lead to deadlocks in the child.
[2025-05-06T00:04:39.827+0000] {standard_task_runner.py:105} INFO - Job 50: Subtask dbt_run_staging
[2025-05-06T00:04:39.827+0000] {standard_task_runner.py:72} INFO - Started process 2412 to run task
[2025-05-06T00:04:39.863+0000] {task_command.py:467} INFO - Running <TaskInstance: dbt_sequential_run.dbt_run_staging manual__2025-05-06T00:04:35.922172+00:00 [running]> on host 5f6a5c55bc08
[2025-05-06T00:04:39.923+0000] {taskinstance.py:3131} INFO - Exporting env vars: AIRFLOW_CTX_DAG_OWNER='***' AIRFLOW_CTX_DAG_ID='dbt_sequential_run' AIRFLOW_CTX_TASK_ID='dbt_run_staging' AIRFLOW_CTX_EXECUTION_DATE='2025-05-06T00:04:35.922172+00:00' AIRFLOW_CTX_TRY_NUMBER='1' AIRFLOW_CTX_DAG_RUN_ID='manual__2025-05-06T00:04:35.922172+00:00'
[2025-05-06T00:04:39.924+0000] {taskinstance.py:731} INFO - ::endgroup::
[2025-05-06T00:04:39.935+0000] {subprocess.py:63} INFO - Tmp dir root location: /tmp
[2025-05-06T00:04:39.937+0000] {subprocess.py:75} INFO - Running command: ['/usr/bin/bash', '-c', '/home/***/.local/bin/dbt run --profiles-dir /opt/***/dbt --project-dir /opt/***/dbt --select staging']
[2025-05-06T00:04:39.943+0000] {subprocess.py:86} INFO - Output:
[2025-05-06T00:04:41.295+0000] {subprocess.py:93} INFO - [0m00:04:41  Running with dbt=1.8.7
[2025-05-06T00:04:42.052+0000] {subprocess.py:93} INFO - [0m00:04:42  Registered adapter: snowflake=1.8.1
[2025-05-06T00:04:42.751+0000] {subprocess.py:93} INFO - [0m00:04:42  Found 12 models, 10 data tests, 7 sources, 459 macros
[2025-05-06T00:04:42.754+0000] {subprocess.py:93} INFO - [0m00:04:42
[2025-05-06T00:04:44.365+0000] {subprocess.py:93} INFO - [0m00:04:44  Concurrency: 4 threads (target='dev')
[2025-05-06T00:04:44.367+0000] {subprocess.py:93} INFO - [0m00:04:44
[2025-05-06T00:04:44.379+0000] {subprocess.py:93} INFO - [0m00:04:44  1 of 6 START sql view model RAW_public.stg_address ............................. [RUN]
[2025-05-06T00:04:44.380+0000] {subprocess.py:93} INFO - [0m00:04:44  2 of 6 START sql view model RAW_public.stg_autoinsurance_churn ................. [RUN]
[2025-05-06T00:04:44.381+0000] {subprocess.py:93} INFO - [0m00:04:44  3 of 6 START sql view model RAW_public.stg_customer ............................ [RUN]
[2025-05-06T00:04:44.382+0000] {subprocess.py:93} INFO - [0m00:04:44  4 of 6 START sql view model RAW_public.stg_demographic ......................... [RUN]
[2025-05-06T00:04:45.167+0000] {subprocess.py:93} INFO - [0m00:04:45  1 of 6 OK created sql view model RAW_public.stg_address ........................ [[32mSUCCESS 1[0m in 0.78s]
[2025-05-06T00:04:45.170+0000] {subprocess.py:93} INFO - [0m00:04:45  5 of 6 START sql view model RAW_public.stg_termination ......................... [RUN]
[2025-05-06T00:04:45.546+0000] {subprocess.py:93} INFO - [0m00:04:45  4 of 6 OK created sql view model RAW_public.stg_demographic .................... [[32mSUCCESS 1[0m in 1.16s]
[2025-05-06T00:04:45.550+0000] {subprocess.py:93} INFO - [0m00:04:45  6 of 6 START sql view model RAW_public.stg_turning_movement .................... [RUN]
[2025-05-06T00:04:45.671+0000] {subprocess.py:93} INFO - [0m00:04:45  2 of 6 OK created sql view model RAW_public.stg_autoinsurance_churn ............ [[32mSUCCESS 1[0m in 1.29s]
[2025-05-06T00:04:45.769+0000] {subprocess.py:93} INFO - [0m00:04:45  5 of 6 OK created sql view model RAW_public.stg_termination .................... [[32mSUCCESS 1[0m in 0.60s]
[2025-05-06T00:04:45.954+0000] {subprocess.py:93} INFO - [0m00:04:45  3 of 6 OK created sql view model RAW_public.stg_customer ....................... [[32mSUCCESS 1[0m in 1.57s]
[2025-05-06T00:04:46.578+0000] {subprocess.py:93} INFO - [0m00:04:46  6 of 6 OK created sql view model RAW_public.stg_turning_movement ............... [[32mSUCCESS 1[0m in 1.02s]
[2025-05-06T00:04:46.585+0000] {subprocess.py:93} INFO - [0m00:04:46
[2025-05-06T00:04:46.586+0000] {subprocess.py:93} INFO - [0m00:04:46  Finished running 6 view models in 0 hours 0 minutes and 3.83 seconds (3.83s).
[2025-05-06T00:04:46.686+0000] {subprocess.py:93} INFO - [0m00:04:46
[2025-05-06T00:04:46.687+0000] {subprocess.py:93} INFO - [0m00:04:46  [32mCompleted successfully[0m
[2025-05-06T00:04:46.688+0000] {subprocess.py:93} INFO - [0m00:04:46
[2025-05-06T00:04:46.689+0000] {subprocess.py:93} INFO - [0m00:04:46  Done. PASS=6 WARN=0 ERROR=0 SKIP=0 TOTAL=6
[2025-05-06T00:04:47.426+0000] {subprocess.py:97} INFO - Command exited with return code 0
[2025-05-06T00:04:47.446+0000] {taskinstance.py:340} INFO - ::group::Post task execution logs
[2025-05-06T00:04:47.447+0000] {taskinstance.py:352} INFO - Marking task as SUCCESS. dag_id=dbt_sequential_run, task_id=dbt_run_staging, run_id=manual__2025-05-06T00:04:35.922172+00:00, execution_date=20250506T000435, start_date=20250506T000439, end_date=20250506T000447
[2025-05-06T00:04:47.497+0000] {local_task_job_runner.py:266} INFO - Task exited with return code 0
[2025-05-06T00:04:47.511+0000] {taskinstance.py:3900} INFO - 0 downstream tasks scheduled from follow-on schedule check
[2025-05-06T00:04:47.514+0000] {local_task_job_runner.py:245} INFO - ::endgroup::
