[2025-05-05T23:44:11.978+0000] {local_task_job_runner.py:123} INFO - ::group::Pre task execution logs
[2025-05-05T23:44:11.993+0000] {taskinstance.py:2612} INFO - Dependencies all met for dep_context=non-requeueable deps ti=<TaskInstance: dbt_sequential_run.dbt_run_intermediate manual__2025-05-05T23:43:53.150272+00:00 [queued]>
[2025-05-05T23:44:12.000+0000] {taskinstance.py:2612} INFO - Dependencies all met for dep_context=requeueable deps ti=<TaskInstance: dbt_sequential_run.dbt_run_intermediate manual__2025-05-05T23:43:53.150272+00:00 [queued]>
[2025-05-05T23:44:12.001+0000] {taskinstance.py:2865} INFO - Starting attempt 1 of 2
[2025-05-05T23:44:12.012+0000] {taskinstance.py:2888} INFO - Executing <Task(BashOperator): dbt_run_intermediate> on 2025-05-05 23:43:53.150272+00:00
[2025-05-05T23:44:12.018+0000] {standard_task_runner.py:104} INFO - Running: ['***', 'tasks', 'run', 'dbt_sequential_run', 'dbt_run_intermediate', 'manual__2025-05-05T23:43:53.150272+00:00', '--job-id', '19', '--raw', '--subdir', 'DAGS_FOLDER/dbt_run_dag.py', '--cfg-path', '/tmp/tmpd662d_fl']
[2025-05-05T23:44:12.020+0000] {standard_task_runner.py:105} INFO - Job 19: Subtask dbt_run_intermediate
[2025-05-05T23:44:12.020+0000] {logging_mixin.py:190} WARNING - /home/***/.local/lib/python3.12/site-packages/***/task/task_runner/standard_task_runner.py:70 DeprecationWarning: This process (pid=707) is multi-threaded, use of fork() may lead to deadlocks in the child.
[2025-05-05T23:44:12.025+0000] {standard_task_runner.py:72} INFO - Started process 708 to run task
[2025-05-05T23:44:12.074+0000] {task_command.py:467} INFO - Running <TaskInstance: dbt_sequential_run.dbt_run_intermediate manual__2025-05-05T23:43:53.150272+00:00 [running]> on host 5f6a5c55bc08
[2025-05-05T23:44:12.144+0000] {taskinstance.py:3131} INFO - Exporting env vars: AIRFLOW_CTX_DAG_OWNER='***' AIRFLOW_CTX_DAG_ID='dbt_sequential_run' AIRFLOW_CTX_TASK_ID='dbt_run_intermediate' AIRFLOW_CTX_EXECUTION_DATE='2025-05-05T23:43:53.150272+00:00' AIRFLOW_CTX_TRY_NUMBER='1' AIRFLOW_CTX_DAG_RUN_ID='manual__2025-05-05T23:43:53.150272+00:00'
[2025-05-05T23:44:12.146+0000] {taskinstance.py:731} INFO - ::endgroup::
[2025-05-05T23:44:12.161+0000] {subprocess.py:63} INFO - Tmp dir root location: /tmp
[2025-05-05T23:44:12.166+0000] {subprocess.py:75} INFO - Running command: ['/usr/bin/bash', '-c', '/home/***/.local/bin/dbt run --profiles-dir /opt/***/dbt --project-dir /opt/***/dbt --select intermediate']
[2025-05-05T23:44:12.172+0000] {subprocess.py:86} INFO - Output:
[2025-05-05T23:44:14.621+0000] {subprocess.py:93} INFO - [0m23:44:14  Running with dbt=1.8.7
[2025-05-05T23:44:15.867+0000] {subprocess.py:93} INFO - [0m23:44:15  Registered adapter: snowflake=1.8.1
[2025-05-05T23:44:17.074+0000] {subprocess.py:93} INFO - [0m23:44:17  Found 12 models, 10 data tests, 7 sources, 459 macros
[2025-05-05T23:44:17.077+0000] {subprocess.py:93} INFO - [0m23:44:17
[2025-05-05T23:44:18.341+0000] {subprocess.py:93} INFO - [0m23:44:18  Concurrency: 4 threads (target='dev')
[2025-05-05T23:44:18.343+0000] {subprocess.py:93} INFO - [0m23:44:18
[2025-05-05T23:44:18.355+0000] {subprocess.py:93} INFO - [0m23:44:18  1 of 1 START sql view model RAW_public.int_customer_enriched ................... [RUN]
[2025-05-05T23:44:20.018+0000] {subprocess.py:93} INFO - [0m23:44:20  1 of 1 OK created sql view model RAW_public.int_customer_enriched .............. [[32mSUCCESS 1[0m in 1.66s]
[2025-05-05T23:44:20.026+0000] {subprocess.py:93} INFO - [0m23:44:20
[2025-05-05T23:44:20.027+0000] {subprocess.py:93} INFO - [0m23:44:20  Finished running 1 view model in 0 hours 0 minutes and 2.95 seconds (2.95s).
[2025-05-05T23:44:20.140+0000] {subprocess.py:93} INFO - [0m23:44:20
[2025-05-05T23:44:20.142+0000] {subprocess.py:93} INFO - [0m23:44:20  [32mCompleted successfully[0m
[2025-05-05T23:44:20.142+0000] {subprocess.py:93} INFO - [0m23:44:20
[2025-05-05T23:44:20.144+0000] {subprocess.py:93} INFO - [0m23:44:20  Done. PASS=1 WARN=0 ERROR=0 SKIP=0 TOTAL=1
[2025-05-05T23:44:20.829+0000] {subprocess.py:97} INFO - Command exited with return code 0
[2025-05-05T23:44:20.849+0000] {taskinstance.py:340} INFO - ::group::Post task execution logs
[2025-05-05T23:44:20.850+0000] {taskinstance.py:352} INFO - Marking task as SUCCESS. dag_id=dbt_sequential_run, task_id=dbt_run_intermediate, run_id=manual__2025-05-05T23:43:53.150272+00:00, execution_date=20250505T234353, start_date=20250505T234411, end_date=20250505T234420
[2025-05-05T23:44:20.898+0000] {local_task_job_runner.py:266} INFO - Task exited with return code 0
[2025-05-05T23:44:20.937+0000] {taskinstance.py:3900} INFO - 1 downstream tasks scheduled from follow-on schedule check
[2025-05-05T23:44:20.943+0000] {local_task_job_runner.py:245} INFO - ::endgroup::
