[2025-05-05T23:39:41.586+0000] {local_task_job_runner.py:123} INFO - ::group::Pre task execution logs
[2025-05-05T23:39:41.614+0000] {taskinstance.py:2612} INFO - Dependencies all met for dep_context=non-requeueable deps ti=<TaskInstance: dbt_sequential_run.dbt_run_staging scheduled__2025-05-04T02:00:00+00:00 [queued]>
[2025-05-05T23:39:41.626+0000] {taskinstance.py:2612} INFO - Dependencies all met for dep_context=requeueable deps ti=<TaskInstance: dbt_sequential_run.dbt_run_staging scheduled__2025-05-04T02:00:00+00:00 [queued]>
[2025-05-05T23:39:41.628+0000] {taskinstance.py:2865} INFO - Starting attempt 1 of 2
[2025-05-05T23:39:41.653+0000] {taskinstance.py:2888} INFO - Executing <Task(BashOperator): dbt_run_staging> on 2025-05-04 02:00:00+00:00
[2025-05-05T23:39:41.684+0000] {standard_task_runner.py:104} INFO - Running: ['***', 'tasks', 'run', 'dbt_sequential_run', 'dbt_run_staging', 'scheduled__2025-05-04T02:00:00+00:00', '--job-id', '14', '--raw', '--subdir', 'DAGS_FOLDER/dbt_run_dag.py', '--cfg-path', '/tmp/tmp1sojlozr']
[2025-05-05T23:39:41.689+0000] {standard_task_runner.py:105} INFO - Job 14: Subtask dbt_run_staging
[2025-05-05T23:39:41.690+0000] {logging_mixin.py:190} WARNING - /home/***/.local/lib/python3.12/site-packages/***/task/task_runner/standard_task_runner.py:70 DeprecationWarning: This process (pid=383) is multi-threaded, use of fork() may lead to deadlocks in the child.
[2025-05-05T23:39:41.697+0000] {standard_task_runner.py:72} INFO - Started process 384 to run task
[2025-05-05T23:39:41.750+0000] {task_command.py:467} INFO - Running <TaskInstance: dbt_sequential_run.dbt_run_staging scheduled__2025-05-04T02:00:00+00:00 [running]> on host 5f6a5c55bc08
[2025-05-05T23:39:41.826+0000] {taskinstance.py:3131} INFO - Exporting env vars: AIRFLOW_CTX_DAG_OWNER='***' AIRFLOW_CTX_DAG_ID='dbt_sequential_run' AIRFLOW_CTX_TASK_ID='dbt_run_staging' AIRFLOW_CTX_EXECUTION_DATE='2025-05-04T02:00:00+00:00' AIRFLOW_CTX_TRY_NUMBER='1' AIRFLOW_CTX_DAG_RUN_ID='scheduled__2025-05-04T02:00:00+00:00'
[2025-05-05T23:39:41.829+0000] {taskinstance.py:731} INFO - ::endgroup::
[2025-05-05T23:39:41.843+0000] {subprocess.py:63} INFO - Tmp dir root location: /tmp
[2025-05-05T23:39:41.844+0000] {subprocess.py:75} INFO - Running command: ['/usr/bin/bash', '-c', '/home/***/.local/bin/dbt run --profiles-dir /opt/***/dbt --project-dir /opt/***/dbt --select staging']
[2025-05-05T23:39:41.853+0000] {subprocess.py:86} INFO - Output:
[2025-05-05T23:39:44.228+0000] {subprocess.py:93} INFO - [0m23:39:44  Running with dbt=1.8.7
[2025-05-05T23:39:45.498+0000] {subprocess.py:93} INFO - [0m23:39:45  Registered adapter: snowflake=1.8.1
[2025-05-05T23:39:46.946+0000] {subprocess.py:93} INFO - [0m23:39:46  Found 12 models, 10 data tests, 7 sources, 459 macros
[2025-05-05T23:39:46.950+0000] {subprocess.py:93} INFO - [0m23:39:46
[2025-05-05T23:39:48.302+0000] {subprocess.py:93} INFO - [0m23:39:48  Concurrency: 4 threads (target='dev')
[2025-05-05T23:39:48.303+0000] {subprocess.py:93} INFO - [0m23:39:48
[2025-05-05T23:39:48.321+0000] {subprocess.py:93} INFO - [0m23:39:48  1 of 6 START sql view model RAW_public.stg_address ............................. [RUN]
[2025-05-05T23:39:48.324+0000] {subprocess.py:93} INFO - [0m23:39:48  2 of 6 START sql view model RAW_public.stg_autoinsurance_churn ................. [RUN]
[2025-05-05T23:39:48.325+0000] {subprocess.py:93} INFO - [0m23:39:48  3 of 6 START sql view model RAW_public.stg_customer ............................ [RUN]
[2025-05-05T23:39:48.328+0000] {subprocess.py:93} INFO - [0m23:39:48  4 of 6 START sql view model RAW_public.stg_demographic ......................... [RUN]
[2025-05-05T23:39:49.154+0000] {subprocess.py:93} INFO - [0m23:39:49  2 of 6 OK created sql view model RAW_public.stg_autoinsurance_churn ............ [[32mSUCCESS 1[0m in 0.82s]
[2025-05-05T23:39:49.157+0000] {subprocess.py:93} INFO - [0m23:39:49  5 of 6 START sql view model RAW_public.stg_termination ......................... [RUN]
[2025-05-05T23:39:49.267+0000] {subprocess.py:93} INFO - [0m23:39:49  1 of 6 OK created sql view model RAW_public.stg_address ........................ [[32mSUCCESS 1[0m in 0.94s]
[2025-05-05T23:39:49.275+0000] {subprocess.py:93} INFO - [0m23:39:49  6 of 6 START sql view model RAW_public.stg_turning_movement .................... [RUN]
[2025-05-05T23:39:49.496+0000] {subprocess.py:93} INFO - [0m23:39:49  3 of 6 OK created sql view model RAW_public.stg_customer ....................... [[32mSUCCESS 1[0m in 1.16s]
[2025-05-05T23:39:50.105+0000] {subprocess.py:93} INFO - [0m23:39:50  5 of 6 OK created sql view model RAW_public.stg_termination .................... [[32mSUCCESS 1[0m in 0.95s]
[2025-05-05T23:39:50.134+0000] {subprocess.py:93} INFO - [0m23:39:50  6 of 6 OK created sql view model RAW_public.stg_turning_movement ............... [[32mSUCCESS 1[0m in 0.86s]
[2025-05-05T23:39:50.171+0000] {subprocess.py:93} INFO - [0m23:39:50  4 of 6 OK created sql view model RAW_public.stg_demographic .................... [[32mSUCCESS 1[0m in 1.84s]
[2025-05-05T23:39:50.178+0000] {subprocess.py:93} INFO - [0m23:39:50
[2025-05-05T23:39:50.178+0000] {subprocess.py:93} INFO - [0m23:39:50  Finished running 6 view models in 0 hours 0 minutes and 3.23 seconds (3.23s).
[2025-05-05T23:39:50.274+0000] {subprocess.py:93} INFO - [0m23:39:50
[2025-05-05T23:39:50.275+0000] {subprocess.py:93} INFO - [0m23:39:50  [32mCompleted successfully[0m
[2025-05-05T23:39:50.275+0000] {subprocess.py:93} INFO - [0m23:39:50
[2025-05-05T23:39:50.276+0000] {subprocess.py:93} INFO - [0m23:39:50  Done. PASS=6 WARN=0 ERROR=0 SKIP=0 TOTAL=6
[2025-05-05T23:39:51.127+0000] {subprocess.py:97} INFO - Command exited with return code 0
[2025-05-05T23:39:51.151+0000] {taskinstance.py:340} INFO - ::group::Post task execution logs
[2025-05-05T23:39:51.152+0000] {taskinstance.py:352} INFO - Marking task as SUCCESS. dag_id=dbt_sequential_run, task_id=dbt_run_staging, run_id=scheduled__2025-05-04T02:00:00+00:00, execution_date=20250504T020000, start_date=20250505T233941, end_date=20250505T233951
[2025-05-05T23:39:51.182+0000] {local_task_job_runner.py:266} INFO - Task exited with return code 0
[2025-05-05T23:39:51.209+0000] {taskinstance.py:3900} INFO - 1 downstream tasks scheduled from follow-on schedule check
[2025-05-05T23:39:51.213+0000] {local_task_job_runner.py:245} INFO - ::endgroup::
[2025-05-05T23:48:51.169+0000] {local_task_job_runner.py:123} INFO - ::group::Pre task execution logs
[2025-05-05T23:48:51.194+0000] {taskinstance.py:2612} INFO - Dependencies all met for dep_context=non-requeueable deps ti=<TaskInstance: dbt_sequential_run.dbt_run_staging scheduled__2025-05-04T02:00:00+00:00 [queued]>
[2025-05-05T23:48:51.207+0000] {taskinstance.py:2612} INFO - Dependencies all met for dep_context=requeueable deps ti=<TaskInstance: dbt_sequential_run.dbt_run_staging scheduled__2025-05-04T02:00:00+00:00 [queued]>
[2025-05-05T23:48:51.208+0000] {taskinstance.py:2865} INFO - Starting attempt 1 of 2
[2025-05-05T23:48:51.225+0000] {taskinstance.py:2888} INFO - Executing <Task(BashOperator): dbt_run_staging> on 2025-05-04 02:00:00+00:00
[2025-05-05T23:48:51.235+0000] {standard_task_runner.py:104} INFO - Running: ['***', 'tasks', 'run', 'dbt_sequential_run', 'dbt_run_staging', 'scheduled__2025-05-04T02:00:00+00:00', '--job-id', '29', '--raw', '--subdir', 'DAGS_FOLDER/dbt_run_dag.py', '--cfg-path', '/tmp/tmpq8p39czg']
[2025-05-05T23:48:51.239+0000] {standard_task_runner.py:105} INFO - Job 29: Subtask dbt_run_staging
[2025-05-05T23:48:51.239+0000] {logging_mixin.py:190} WARNING - /home/***/.local/lib/python3.12/site-packages/***/task/task_runner/standard_task_runner.py:70 DeprecationWarning: This process (pid=1150) is multi-threaded, use of fork() may lead to deadlocks in the child.
[2025-05-05T23:48:51.241+0000] {standard_task_runner.py:72} INFO - Started process 1152 to run task
[2025-05-05T23:48:51.305+0000] {task_command.py:467} INFO - Running <TaskInstance: dbt_sequential_run.dbt_run_staging scheduled__2025-05-04T02:00:00+00:00 [running]> on host 5f6a5c55bc08
[2025-05-05T23:48:51.404+0000] {taskinstance.py:3131} INFO - Exporting env vars: AIRFLOW_CTX_DAG_OWNER='***' AIRFLOW_CTX_DAG_ID='dbt_sequential_run' AIRFLOW_CTX_TASK_ID='dbt_run_staging' AIRFLOW_CTX_EXECUTION_DATE='2025-05-04T02:00:00+00:00' AIRFLOW_CTX_TRY_NUMBER='1' AIRFLOW_CTX_DAG_RUN_ID='scheduled__2025-05-04T02:00:00+00:00'
[2025-05-05T23:48:51.406+0000] {taskinstance.py:731} INFO - ::endgroup::
[2025-05-05T23:48:51.425+0000] {subprocess.py:63} INFO - Tmp dir root location: /tmp
[2025-05-05T23:48:51.428+0000] {subprocess.py:75} INFO - Running command: ['/usr/bin/bash', '-c', '/home/***/.local/bin/dbt run --profiles-dir /opt/***/dbt --project-dir /opt/***/dbt --select staging']
[2025-05-05T23:48:51.437+0000] {subprocess.py:86} INFO - Output:
[2025-05-05T23:48:54.545+0000] {subprocess.py:93} INFO - [0m23:48:54  Running with dbt=1.8.7
[2025-05-05T23:48:55.946+0000] {subprocess.py:93} INFO - [0m23:48:55  Registered adapter: snowflake=1.8.1
[2025-05-05T23:48:57.378+0000] {subprocess.py:93} INFO - [0m23:48:57  Found 12 models, 10 data tests, 7 sources, 459 macros
[2025-05-05T23:48:57.383+0000] {subprocess.py:93} INFO - [0m23:48:57
[2025-05-05T23:49:04.302+0000] {subprocess.py:93} INFO - [0m23:49:04  Concurrency: 4 threads (target='dev')
[2025-05-05T23:49:04.304+0000] {subprocess.py:93} INFO - [0m23:49:04
[2025-05-05T23:49:04.329+0000] {subprocess.py:93} INFO - [0m23:49:04  1 of 6 START sql view model RAW_public.stg_address ............................. [RUN]
[2025-05-05T23:49:04.332+0000] {subprocess.py:93} INFO - [0m23:49:04  2 of 6 START sql view model RAW_public.stg_autoinsurance_churn ................. [RUN]
[2025-05-05T23:49:04.333+0000] {subprocess.py:93} INFO - [0m23:49:04  3 of 6 START sql view model RAW_public.stg_customer ............................ [RUN]
[2025-05-05T23:49:04.335+0000] {subprocess.py:93} INFO - [0m23:49:04  4 of 6 START sql view model RAW_public.stg_demographic ......................... [RUN]
[2025-05-05T23:49:07.261+0000] {subprocess.py:93} INFO - [0m23:49:07  4 of 6 OK created sql view model RAW_public.stg_demographic .................... [[32mSUCCESS 1[0m in 2.91s]
[2025-05-05T23:49:07.265+0000] {subprocess.py:93} INFO - [0m23:49:07  2 of 6 OK created sql view model RAW_public.stg_autoinsurance_churn ............ [[32mSUCCESS 1[0m in 2.92s]
[2025-05-05T23:49:07.266+0000] {subprocess.py:93} INFO - [0m23:49:07  5 of 6 START sql view model RAW_public.stg_termination ......................... [RUN]
[2025-05-05T23:49:07.272+0000] {subprocess.py:93} INFO - [0m23:49:07  6 of 6 START sql view model RAW_public.stg_turning_movement .................... [RUN]
[2025-05-05T23:49:07.323+0000] {subprocess.py:93} INFO - [0m23:49:07  1 of 6 OK created sql view model RAW_public.stg_address ........................ [[32mSUCCESS 1[0m in 2.97s]
[2025-05-05T23:49:07.332+0000] {subprocess.py:93} INFO - [0m23:49:07  3 of 6 OK created sql view model RAW_public.stg_customer ....................... [[32mSUCCESS 1[0m in 2.98s]
[2025-05-05T23:49:08.718+0000] {subprocess.py:93} INFO - [0m23:49:08  5 of 6 OK created sql view model RAW_public.stg_termination .................... [[32mSUCCESS 1[0m in 1.45s]
[2025-05-05T23:49:08.827+0000] {subprocess.py:93} INFO - [0m23:49:08  6 of 6 OK created sql view model RAW_public.stg_turning_movement ............... [[32mSUCCESS 1[0m in 1.55s]
[2025-05-05T23:49:08.837+0000] {subprocess.py:93} INFO - [0m23:49:08
[2025-05-05T23:49:08.839+0000] {subprocess.py:93} INFO - [0m23:49:08  Finished running 6 view models in 0 hours 0 minutes and 11.45 seconds (11.45s).
[2025-05-05T23:49:09.049+0000] {subprocess.py:93} INFO - [0m23:49:09
[2025-05-05T23:49:09.051+0000] {subprocess.py:93} INFO - [0m23:49:09  [32mCompleted successfully[0m
[2025-05-05T23:49:09.051+0000] {subprocess.py:93} INFO - [0m23:49:09
[2025-05-05T23:49:09.053+0000] {subprocess.py:93} INFO - [0m23:49:09  Done. PASS=6 WARN=0 ERROR=0 SKIP=0 TOTAL=6
[2025-05-05T23:49:09.836+0000] {subprocess.py:97} INFO - Command exited with return code 0
[2025-05-05T23:49:09.858+0000] {taskinstance.py:340} INFO - ::group::Post task execution logs
[2025-05-05T23:49:09.859+0000] {taskinstance.py:352} INFO - Marking task as SUCCESS. dag_id=dbt_sequential_run, task_id=dbt_run_staging, run_id=scheduled__2025-05-04T02:00:00+00:00, execution_date=20250504T020000, start_date=20250505T234851, end_date=20250505T234909
[2025-05-05T23:49:09.877+0000] {local_task_job_runner.py:266} INFO - Task exited with return code 0
[2025-05-05T23:49:09.901+0000] {taskinstance.py:3900} INFO - 1 downstream tasks scheduled from follow-on schedule check
[2025-05-05T23:49:09.904+0000] {local_task_job_runner.py:245} INFO - ::endgroup::
[2025-05-05T23:54:00.475+0000] {local_task_job_runner.py:123} INFO - ::group::Pre task execution logs
[2025-05-05T23:54:00.493+0000] {taskinstance.py:2612} INFO - Dependencies all met for dep_context=non-requeueable deps ti=<TaskInstance: dbt_sequential_run.dbt_run_staging scheduled__2025-05-04T02:00:00+00:00 [queued]>
[2025-05-05T23:54:00.504+0000] {taskinstance.py:2612} INFO - Dependencies all met for dep_context=requeueable deps ti=<TaskInstance: dbt_sequential_run.dbt_run_staging scheduled__2025-05-04T02:00:00+00:00 [queued]>
[2025-05-05T23:54:00.507+0000] {taskinstance.py:2865} INFO - Starting attempt 1 of 2
[2025-05-05T23:54:00.522+0000] {taskinstance.py:2888} INFO - Executing <Task(BashOperator): dbt_run_staging> on 2025-05-04 02:00:00+00:00
[2025-05-05T23:54:00.536+0000] {standard_task_runner.py:104} INFO - Running: ['***', 'tasks', 'run', 'dbt_sequential_run', 'dbt_run_staging', 'scheduled__2025-05-04T02:00:00+00:00', '--job-id', '37', '--raw', '--subdir', 'DAGS_FOLDER/dbt_run_dag.py', '--cfg-path', '/tmp/tmpxucwv_8s']
[2025-05-05T23:54:00.539+0000] {logging_mixin.py:190} WARNING - /home/***/.local/lib/python3.12/site-packages/***/task/task_runner/standard_task_runner.py:70 DeprecationWarning: This process (pid=1610) is multi-threaded, use of fork() may lead to deadlocks in the child.
[2025-05-05T23:54:00.540+0000] {standard_task_runner.py:105} INFO - Job 37: Subtask dbt_run_staging
[2025-05-05T23:54:00.543+0000] {standard_task_runner.py:72} INFO - Started process 1611 to run task
[2025-05-05T23:54:00.593+0000] {task_command.py:467} INFO - Running <TaskInstance: dbt_sequential_run.dbt_run_staging scheduled__2025-05-04T02:00:00+00:00 [running]> on host 5f6a5c55bc08
[2025-05-05T23:54:00.675+0000] {taskinstance.py:3131} INFO - Exporting env vars: AIRFLOW_CTX_DAG_OWNER='***' AIRFLOW_CTX_DAG_ID='dbt_sequential_run' AIRFLOW_CTX_TASK_ID='dbt_run_staging' AIRFLOW_CTX_EXECUTION_DATE='2025-05-04T02:00:00+00:00' AIRFLOW_CTX_TRY_NUMBER='1' AIRFLOW_CTX_DAG_RUN_ID='scheduled__2025-05-04T02:00:00+00:00'
[2025-05-05T23:54:00.677+0000] {taskinstance.py:731} INFO - ::endgroup::
[2025-05-05T23:54:00.691+0000] {subprocess.py:63} INFO - Tmp dir root location: /tmp
[2025-05-05T23:54:00.712+0000] {subprocess.py:75} INFO - Running command: ['/usr/bin/bash', '-c', '/home/***/.local/bin/dbt run --profiles-dir /opt/***/dbt --project-dir /opt/***/dbt --select staging']
[2025-05-05T23:54:00.728+0000] {subprocess.py:86} INFO - Output:
[2025-05-05T23:54:02.960+0000] {subprocess.py:93} INFO - [0m23:54:02  Running with dbt=1.8.7
[2025-05-05T23:54:04.459+0000] {subprocess.py:93} INFO - [0m23:54:04  Registered adapter: snowflake=1.8.1
[2025-05-05T23:54:05.803+0000] {subprocess.py:93} INFO - [0m23:54:05  Found 12 models, 10 data tests, 7 sources, 459 macros
[2025-05-05T23:54:05.806+0000] {subprocess.py:93} INFO - [0m23:54:05
[2025-05-05T23:54:07.179+0000] {subprocess.py:93} INFO - [0m23:54:07  Concurrency: 4 threads (target='dev')
[2025-05-05T23:54:07.182+0000] {subprocess.py:93} INFO - [0m23:54:07
[2025-05-05T23:54:07.205+0000] {subprocess.py:93} INFO - [0m23:54:07  1 of 6 START sql view model RAW_public.stg_address ............................. [RUN]
[2025-05-05T23:54:07.207+0000] {subprocess.py:93} INFO - [0m23:54:07  2 of 6 START sql view model RAW_public.stg_autoinsurance_churn ................. [RUN]
[2025-05-05T23:54:07.214+0000] {subprocess.py:93} INFO - [0m23:54:07  3 of 6 START sql view model RAW_public.stg_customer ............................ [RUN]
[2025-05-05T23:54:07.216+0000] {subprocess.py:93} INFO - [0m23:54:07  4 of 6 START sql view model RAW_public.stg_demographic ......................... [RUN]
[2025-05-05T23:54:08.044+0000] {subprocess.py:93} INFO - [0m23:54:08  2 of 6 OK created sql view model RAW_public.stg_autoinsurance_churn ............ [[32mSUCCESS 1[0m in 0.82s]
[2025-05-05T23:54:08.051+0000] {subprocess.py:93} INFO - [0m23:54:08  5 of 6 START sql view model RAW_public.stg_termination ......................... [RUN]
[2025-05-05T23:54:08.090+0000] {subprocess.py:93} INFO - [0m23:54:08  3 of 6 OK created sql view model RAW_public.stg_customer ....................... [[32mSUCCESS 1[0m in 0.87s]
[2025-05-05T23:54:08.095+0000] {subprocess.py:93} INFO - [0m23:54:08  6 of 6 START sql view model RAW_public.stg_turning_movement .................... [RUN]
[2025-05-05T23:54:08.154+0000] {subprocess.py:93} INFO - [0m23:54:08  1 of 6 OK created sql view model RAW_public.stg_address ........................ [[32mSUCCESS 1[0m in 0.92s]
[2025-05-05T23:54:08.494+0000] {subprocess.py:93} INFO - [0m23:54:08  4 of 6 OK created sql view model RAW_public.stg_demographic .................... [[32mSUCCESS 1[0m in 1.27s]
[2025-05-05T23:54:08.747+0000] {subprocess.py:93} INFO - [0m23:54:08  5 of 6 OK created sql view model RAW_public.stg_termination .................... [[32mSUCCESS 1[0m in 0.69s]
[2025-05-05T23:54:08.898+0000] {subprocess.py:93} INFO - [0m23:54:08  6 of 6 OK created sql view model RAW_public.stg_turning_movement ............... [[32mSUCCESS 1[0m in 0.80s]
[2025-05-05T23:54:08.905+0000] {subprocess.py:93} INFO - [0m23:54:08
[2025-05-05T23:54:08.906+0000] {subprocess.py:93} INFO - [0m23:54:08  Finished running 6 view models in 0 hours 0 minutes and 3.10 seconds (3.10s).
[2025-05-05T23:54:09.123+0000] {subprocess.py:93} INFO - [0m23:54:09
[2025-05-05T23:54:09.125+0000] {subprocess.py:93} INFO - [0m23:54:09  [32mCompleted successfully[0m
[2025-05-05T23:54:09.127+0000] {subprocess.py:93} INFO - [0m23:54:09
[2025-05-05T23:54:09.129+0000] {subprocess.py:93} INFO - [0m23:54:09  Done. PASS=6 WARN=0 ERROR=0 SKIP=0 TOTAL=6
[2025-05-05T23:54:09.939+0000] {subprocess.py:97} INFO - Command exited with return code 0
[2025-05-05T23:54:09.969+0000] {taskinstance.py:340} INFO - ::group::Post task execution logs
[2025-05-05T23:54:09.970+0000] {taskinstance.py:352} INFO - Marking task as SUCCESS. dag_id=dbt_sequential_run, task_id=dbt_run_staging, run_id=scheduled__2025-05-04T02:00:00+00:00, execution_date=20250504T020000, start_date=20250505T235400, end_date=20250505T235409
[2025-05-05T23:54:10.027+0000] {local_task_job_runner.py:266} INFO - Task exited with return code 0
[2025-05-05T23:54:10.058+0000] {taskinstance.py:3900} INFO - 1 downstream tasks scheduled from follow-on schedule check
[2025-05-05T23:54:10.063+0000] {local_task_job_runner.py:245} INFO - ::endgroup::
